[INFO] 2022-07-28 14:35:49.756 org.hibernate.validator.internal.util.Version:[21] - HV000001: Hibernate Validator 6.2.2.Final
[INFO] 2022-07-28 14:35:49.833 org.apache.dolphinscheduler.api.service.WorkerGroupServiceTest:[55] - Starting WorkerGroupServiceTest using Java 1.8.0_221 on WangjipengdeMacBook-Pro.local with PID 81695 (started by WANGJP in /Users/WANGJP/Downloads/whaleops/dolphinscheduler/dolphinscheduler-api)
[INFO] 2022-07-28 14:35:49.835 org.apache.dolphinscheduler.api.service.WorkerGroupServiceTest:[663] - The following profiles are active: h2
[INFO] 2022-07-28 14:35:55.181 ru.yandex.clickhouse.ClickHouseDriver:[42] - Driver registered
[INFO] 2022-07-28 14:35:56.000 com.zaxxer.hikari.HikariDataSource:[110] - HikariPool-1 - Starting...
[INFO] 2022-07-28 14:35:56.576 com.zaxxer.hikari.HikariDataSource:[123] - HikariPool-1 - Start completed.
[WARN] 2022-07-28 14:36:03.592 org.springframework.web.context.support.GenericWebApplicationContext:[591] - Exception encountered during context initialization - cancelling refresh attempt: org.springframework.beans.factory.UnsatisfiedDependencyException: Error creating bean with name 'processDefinitionController': Unsatisfied dependency expressed through field 'processDefinitionService'; nested exception is org.springframework.beans.factory.UnsatisfiedDependencyException: Error creating bean with name 'processDefinitionServiceImpl': Unsatisfied dependency expressed through field 'schedulerService'; nested exception is org.springframework.beans.factory.UnsatisfiedDependencyException: Error creating bean with name 'schedulerServiceImpl': Unsatisfied dependency expressed through field 'schedulerApi'; nested exception is org.springframework.beans.factory.NoSuchBeanDefinitionException: No qualifying bean of type 'org.apache.dolphinscheduler.scheduler.api.SchedulerApi' available: expected at least 1 bean which qualifies as autowire candidate. Dependency annotations: {@org.springframework.beans.factory.annotation.Autowired(required=true)}
[INFO] 2022-07-28 14:36:03.594 org.apache.dolphinscheduler.remote.NettyRemotingClient:[390] - netty client closed
[INFO] 2022-07-28 14:36:03.595 org.apache.dolphinscheduler.service.log.LogClientService:[74] - logger client closed
[INFO] 2022-07-28 14:36:03.599 com.zaxxer.hikari.HikariDataSource:[350] - HikariPool-1 - Shutdown initiated...
[INFO] 2022-07-28 14:36:03.604 com.zaxxer.hikari.HikariDataSource:[352] - HikariPool-1 - Shutdown completed.
[INFO] 2022-07-28 14:36:03.625 org.springframework.boot.autoconfigure.logging.ConditionEvaluationReportLoggingListener:[136] - 

Error starting ApplicationContext. To display the conditions report re-run your application with 'debug' enabled.
[ERROR] 2022-07-28 14:36:03.699 org.springframework.boot.diagnostics.LoggingFailureAnalysisReporter:[40] - 

***************************
APPLICATION FAILED TO START
***************************

Description:

Field schedulerApi in org.apache.dolphinscheduler.api.service.impl.SchedulerServiceImpl required a bean of type 'org.apache.dolphinscheduler.scheduler.api.SchedulerApi' that could not be found.

The injection point has the following annotations:
	- @org.springframework.beans.factory.annotation.Autowired(required=true)


Action:

Consider defining a bean of type 'org.apache.dolphinscheduler.scheduler.api.SchedulerApi' in your configuration.

[ERROR] 2022-07-28 14:36:03.702 org.springframework.test.context.TestContextManager:[252] - Caught exception while allowing TestExecutionListener [org.springframework.test.context.web.ServletTestExecutionListener@6d304f9d] to prepare test instance [org.apache.dolphinscheduler.api.service.WorkerGroupServiceTest@510ee215]
java.lang.IllegalStateException: Failed to load ApplicationContext
	at org.springframework.test.context.cache.DefaultCacheAwareContextLoaderDelegate.loadContext(DefaultCacheAwareContextLoaderDelegate.java:132)
	at org.springframework.test.context.support.DefaultTestContext.getApplicationContext(DefaultTestContext.java:124)
	at org.springframework.test.context.web.ServletTestExecutionListener.setUpRequestContextIfNecessary(ServletTestExecutionListener.java:190)
	at org.springframework.test.context.web.ServletTestExecutionListener.prepareTestInstance(ServletTestExecutionListener.java:132)
	at org.springframework.test.context.TestContextManager.prepareTestInstance(TestContextManager.java:248)
	at org.springframework.test.context.junit4.SpringJUnit4ClassRunner.createTest(SpringJUnit4ClassRunner.java:227)
	at org.springframework.test.context.junit4.SpringJUnit4ClassRunner$1.runReflectiveCall(SpringJUnit4ClassRunner.java:289)
	at org.junit.internal.runners.model.ReflectiveCallable.run(ReflectiveCallable.java:12)
	at org.springframework.test.context.junit4.SpringJUnit4ClassRunner.methodBlock(SpringJUnit4ClassRunner.java:291)
	at org.springframework.test.context.junit4.SpringJUnit4ClassRunner.runChild(SpringJUnit4ClassRunner.java:246)
	at org.springframework.test.context.junit4.SpringJUnit4ClassRunner.runChild(SpringJUnit4ClassRunner.java:97)
	at org.junit.runners.ParentRunner$3.run(ParentRunner.java:290)
	at org.junit.runners.ParentRunner$1.schedule(ParentRunner.java:71)
	at org.junit.runners.ParentRunner.runChildren(ParentRunner.java:288)
	at org.junit.runners.ParentRunner.access$000(ParentRunner.java:58)
	at org.junit.runners.ParentRunner$2.evaluate(ParentRunner.java:268)
	at org.springframework.test.context.junit4.statements.RunBeforeTestClassCallbacks.evaluate(RunBeforeTestClassCallbacks.java:61)
	at org.springframework.test.context.junit4.statements.RunAfterTestClassCallbacks.evaluate(RunAfterTestClassCallbacks.java:70)
	at org.junit.runners.ParentRunner.run(ParentRunner.java:363)
	at org.springframework.test.context.junit4.SpringJUnit4ClassRunner.run(SpringJUnit4ClassRunner.java:190)
	at org.junit.runner.JUnitCore.run(JUnitCore.java:137)
	at org.junit.runner.JUnitCore.run(JUnitCore.java:115)
	at org.junit.vintage.engine.execution.RunnerExecutor.execute(RunnerExecutor.java:43)
	at java.util.stream.ForEachOps$ForEachOp$OfRef.accept(ForEachOps.java:184)
	at java.util.stream.ReferencePipeline$3$1.accept(ReferencePipeline.java:193)
	at java.util.Iterator.forEachRemaining(Iterator.java:116)
	at java.util.Spliterators$IteratorSpliterator.forEachRemaining(Spliterators.java:1801)
	at java.util.stream.AbstractPipeline.copyInto(AbstractPipeline.java:482)
	at java.util.stream.AbstractPipeline.wrapAndCopyInto(AbstractPipeline.java:472)
	at java.util.stream.ForEachOps$ForEachOp.evaluateSequential(ForEachOps.java:151)
	at java.util.stream.ForEachOps$ForEachOp$OfRef.evaluateSequential(ForEachOps.java:174)
	at java.util.stream.AbstractPipeline.evaluate(AbstractPipeline.java:234)
	at java.util.stream.ReferencePipeline.forEach(ReferencePipeline.java:418)
	at org.junit.vintage.engine.VintageTestEngine.executeAllChildren(VintageTestEngine.java:82)
	at org.junit.vintage.engine.VintageTestEngine.execute(VintageTestEngine.java:73)
	at org.junit.platform.launcher.core.EngineExecutionOrchestrator.execute(EngineExecutionOrchestrator.java:108)
	at org.junit.platform.launcher.core.EngineExecutionOrchestrator.execute(EngineExecutionOrchestrator.java:88)
	at org.junit.platform.launcher.core.EngineExecutionOrchestrator.lambda$execute$0(EngineExecutionOrchestrator.java:54)
	at org.junit.platform.launcher.core.EngineExecutionOrchestrator.withInterceptedStreams(EngineExecutionOrchestrator.java:67)
	at org.junit.platform.launcher.core.EngineExecutionOrchestrator.execute(EngineExecutionOrchestrator.java:52)
	at org.junit.platform.launcher.core.DefaultLauncher.execute(DefaultLauncher.java:96)
	at org.junit.platform.launcher.core.DefaultLauncher.execute(DefaultLauncher.java:75)
	at com.intellij.junit5.JUnit5IdeaTestRunner.startRunnerWithArgs(JUnit5IdeaTestRunner.java:71)
	at com.intellij.rt.junit.IdeaTestRunner$Repeater$1.execute(IdeaTestRunner.java:38)
	at com.intellij.rt.execution.junit.TestsRepeater.repeat(TestsRepeater.java:11)
	at com.intellij.rt.junit.IdeaTestRunner$Repeater.startRunnerWithArgs(IdeaTestRunner.java:35)
	at com.intellij.rt.junit.JUnitStarter.prepareStreamsAndStart(JUnitStarter.java:235)
	at com.intellij.rt.junit.JUnitStarter.main(JUnitStarter.java:54)
Caused by: org.springframework.beans.factory.UnsatisfiedDependencyException: Error creating bean with name 'processDefinitionController': Unsatisfied dependency expressed through field 'processDefinitionService'; nested exception is org.springframework.beans.factory.UnsatisfiedDependencyException: Error creating bean with name 'processDefinitionServiceImpl': Unsatisfied dependency expressed through field 'schedulerService'; nested exception is org.springframework.beans.factory.UnsatisfiedDependencyException: Error creating bean with name 'schedulerServiceImpl': Unsatisfied dependency expressed through field 'schedulerApi'; nested exception is org.springframework.beans.factory.NoSuchBeanDefinitionException: No qualifying bean of type 'org.apache.dolphinscheduler.scheduler.api.SchedulerApi' available: expected at least 1 bean which qualifies as autowire candidate. Dependency annotations: {@org.springframework.beans.factory.annotation.Autowired(required=true)}
	at org.springframework.beans.factory.annotation.AutowiredAnnotationBeanPostProcessor$AutowiredFieldElement.resolveFieldValue(AutowiredAnnotationBeanPostProcessor.java:659)
	at org.springframework.beans.factory.annotation.AutowiredAnnotationBeanPostProcessor$AutowiredFieldElement.inject(AutowiredAnnotationBeanPostProcessor.java:639)
	at org.springframework.beans.factory.annotation.InjectionMetadata.inject(InjectionMetadata.java:119)
	at org.springframework.beans.factory.annotation.AutowiredAnnotationBeanPostProcessor.postProcessProperties(AutowiredAnnotationBeanPostProcessor.java:399)
	at org.springframework.beans.factory.support.AbstractAutowireCapableBeanFactory.populateBean(AbstractAutowireCapableBeanFactory.java:1431)
	at org.springframework.beans.factory.support.AbstractAutowireCapableBeanFactory.doCreateBean(AbstractAutowireCapableBeanFactory.java:619)
	at org.springframework.beans.factory.support.AbstractAutowireCapableBeanFactory.createBean(AbstractAutowireCapableBeanFactory.java:542)
	at org.springframework.beans.factory.support.AbstractBeanFactory.lambda$doGetBean$0(AbstractBeanFactory.java:335)
	at org.springframework.beans.factory.support.DefaultSingletonBeanRegistry.getSingleton(DefaultSingletonBeanRegistry.java:234)
	at org.springframework.beans.factory.support.AbstractBeanFactory.doGetBean(AbstractBeanFactory.java:333)
	at org.springframework.beans.factory.support.AbstractBeanFactory.getBean(AbstractBeanFactory.java:208)
	at org.springframework.beans.factory.support.DefaultListableBeanFactory.preInstantiateSingletons(DefaultListableBeanFactory.java:944)
	at org.springframework.context.support.AbstractApplicationContext.finishBeanFactoryInitialization(AbstractApplicationContext.java:918)
	at org.springframework.context.support.AbstractApplicationContext.refresh(AbstractApplicationContext.java:583)
	at org.springframework.boot.SpringApplication.refresh(SpringApplication.java:754)
	at org.springframework.boot.SpringApplication.refreshContext(SpringApplication.java:434)
	at org.springframework.boot.SpringApplication.run(SpringApplication.java:338)
	at org.springframework.boot.test.context.SpringBootContextLoader.loadContext(SpringBootContextLoader.java:123)
	at org.springframework.test.context.cache.DefaultCacheAwareContextLoaderDelegate.loadContextInternal(DefaultCacheAwareContextLoaderDelegate.java:99)
	at org.springframework.test.context.cache.DefaultCacheAwareContextLoaderDelegate.loadContext(DefaultCacheAwareContextLoaderDelegate.java:124)
	... 47 common frames omitted
Caused by: org.springframework.beans.factory.UnsatisfiedDependencyException: Error creating bean with name 'processDefinitionServiceImpl': Unsatisfied dependency expressed through field 'schedulerService'; nested exception is org.springframework.beans.factory.UnsatisfiedDependencyException: Error creating bean with name 'schedulerServiceImpl': Unsatisfied dependency expressed through field 'schedulerApi'; nested exception is org.springframework.beans.factory.NoSuchBeanDefinitionException: No qualifying bean of type 'org.apache.dolphinscheduler.scheduler.api.SchedulerApi' available: expected at least 1 bean which qualifies as autowire candidate. Dependency annotations: {@org.springframework.beans.factory.annotation.Autowired(required=true)}
	at org.springframework.beans.factory.annotation.AutowiredAnnotationBeanPostProcessor$AutowiredFieldElement.resolveFieldValue(AutowiredAnnotationBeanPostProcessor.java:659)
	at org.springframework.beans.factory.annotation.AutowiredAnnotationBeanPostProcessor$AutowiredFieldElement.inject(AutowiredAnnotationBeanPostProcessor.java:639)
	at org.springframework.beans.factory.annotation.InjectionMetadata.inject(InjectionMetadata.java:119)
	at org.springframework.beans.factory.annotation.AutowiredAnnotationBeanPostProcessor.postProcessProperties(AutowiredAnnotationBeanPostProcessor.java:399)
	at org.springframework.beans.factory.support.AbstractAutowireCapableBeanFactory.populateBean(AbstractAutowireCapableBeanFactory.java:1431)
	at org.springframework.beans.factory.support.AbstractAutowireCapableBeanFactory.doCreateBean(AbstractAutowireCapableBeanFactory.java:619)
	at org.springframework.beans.factory.support.AbstractAutowireCapableBeanFactory.createBean(AbstractAutowireCapableBeanFactory.java:542)
	at org.springframework.beans.factory.support.AbstractBeanFactory.lambda$doGetBean$0(AbstractBeanFactory.java:335)
	at org.springframework.beans.factory.support.DefaultSingletonBeanRegistry.getSingleton(DefaultSingletonBeanRegistry.java:234)
	at org.springframework.beans.factory.support.AbstractBeanFactory.doGetBean(AbstractBeanFactory.java:333)
	at org.springframework.beans.factory.support.AbstractBeanFactory.getBean(AbstractBeanFactory.java:208)
	at org.springframework.beans.factory.config.DependencyDescriptor.resolveCandidate(DependencyDescriptor.java:276)
	at org.springframework.beans.factory.support.DefaultListableBeanFactory.doResolveDependency(DefaultListableBeanFactory.java:1380)
	at org.springframework.beans.factory.support.DefaultListableBeanFactory.resolveDependency(DefaultListableBeanFactory.java:1300)
	at org.springframework.beans.factory.annotation.AutowiredAnnotationBeanPostProcessor$AutowiredFieldElement.resolveFieldValue(AutowiredAnnotationBeanPostProcessor.java:656)
	... 66 common frames omitted
Caused by: org.springframework.beans.factory.UnsatisfiedDependencyException: Error creating bean with name 'schedulerServiceImpl': Unsatisfied dependency expressed through field 'schedulerApi'; nested exception is org.springframework.beans.factory.NoSuchBeanDefinitionException: No qualifying bean of type 'org.apache.dolphinscheduler.scheduler.api.SchedulerApi' available: expected at least 1 bean which qualifies as autowire candidate. Dependency annotations: {@org.springframework.beans.factory.annotation.Autowired(required=true)}
	at org.springframework.beans.factory.annotation.AutowiredAnnotationBeanPostProcessor$AutowiredFieldElement.resolveFieldValue(AutowiredAnnotationBeanPostProcessor.java:659)
	at org.springframework.beans.factory.annotation.AutowiredAnnotationBeanPostProcessor$AutowiredFieldElement.inject(AutowiredAnnotationBeanPostProcessor.java:639)
	at org.springframework.beans.factory.annotation.InjectionMetadata.inject(InjectionMetadata.java:119)
	at org.springframework.beans.factory.annotation.AutowiredAnnotationBeanPostProcessor.postProcessProperties(AutowiredAnnotationBeanPostProcessor.java:399)
	at org.springframework.beans.factory.support.AbstractAutowireCapableBeanFactory.populateBean(AbstractAutowireCapableBeanFactory.java:1431)
	at org.springframework.beans.factory.support.AbstractAutowireCapableBeanFactory.doCreateBean(AbstractAutowireCapableBeanFactory.java:619)
	at org.springframework.beans.factory.support.AbstractAutowireCapableBeanFactory.createBean(AbstractAutowireCapableBeanFactory.java:542)
	at org.springframework.beans.factory.support.AbstractBeanFactory.lambda$doGetBean$0(AbstractBeanFactory.java:335)
	at org.springframework.beans.factory.support.DefaultSingletonBeanRegistry.getSingleton(DefaultSingletonBeanRegistry.java:234)
	at org.springframework.beans.factory.support.AbstractBeanFactory.doGetBean(AbstractBeanFactory.java:333)
	at org.springframework.beans.factory.support.AbstractBeanFactory.getBean(AbstractBeanFactory.java:208)
	at org.springframework.beans.factory.config.DependencyDescriptor.resolveCandidate(DependencyDescriptor.java:276)
	at org.springframework.beans.factory.support.DefaultListableBeanFactory.doResolveDependency(DefaultListableBeanFactory.java:1380)
	at org.springframework.beans.factory.support.DefaultListableBeanFactory.resolveDependency(DefaultListableBeanFactory.java:1300)
	at org.springframework.beans.factory.annotation.AutowiredAnnotationBeanPostProcessor$AutowiredFieldElement.resolveFieldValue(AutowiredAnnotationBeanPostProcessor.java:656)
	... 80 common frames omitted
Caused by: org.springframework.beans.factory.NoSuchBeanDefinitionException: No qualifying bean of type 'org.apache.dolphinscheduler.scheduler.api.SchedulerApi' available: expected at least 1 bean which qualifies as autowire candidate. Dependency annotations: {@org.springframework.beans.factory.annotation.Autowired(required=true)}
	at org.springframework.beans.factory.support.DefaultListableBeanFactory.raiseNoMatchingBeanFound(DefaultListableBeanFactory.java:1790)
	at org.springframework.beans.factory.support.DefaultListableBeanFactory.doResolveDependency(DefaultListableBeanFactory.java:1346)
	at org.springframework.beans.factory.support.DefaultListableBeanFactory.resolveDependency(DefaultListableBeanFactory.java:1300)
	at org.springframework.beans.factory.annotation.AutowiredAnnotationBeanPostProcessor$AutowiredFieldElement.resolveFieldValue(AutowiredAnnotationBeanPostProcessor.java:656)
	... 94 common frames omitted
[INFO] 2022-07-28 14:36:03.839 org.apache.dolphinscheduler.api.service.WorkerGroupServiceTest:[55] - Starting WorkerGroupServiceTest using Java 1.8.0_221 on WangjipengdeMacBook-Pro.local with PID 81695 (started by WANGJP in /Users/WANGJP/Downloads/whaleops/dolphinscheduler/dolphinscheduler-api)
[INFO] 2022-07-28 14:36:03.839 org.apache.dolphinscheduler.api.service.WorkerGroupServiceTest:[663] - The following profiles are active: h2
[INFO] 2022-07-28 14:36:06.161 com.zaxxer.hikari.HikariDataSource:[110] - HikariPool-2 - Starting...
[INFO] 2022-07-28 14:36:06.222 com.zaxxer.hikari.HikariDataSource:[123] - HikariPool-2 - Start completed.
[WARN] 2022-07-28 14:36:10.969 org.springframework.web.context.support.GenericWebApplicationContext:[591] - Exception encountered during context initialization - cancelling refresh attempt: org.springframework.beans.factory.UnsatisfiedDependencyException: Error creating bean with name 'processDefinitionController': Unsatisfied dependency expressed through field 'processDefinitionService'; nested exception is org.springframework.beans.factory.UnsatisfiedDependencyException: Error creating bean with name 'processDefinitionServiceImpl': Unsatisfied dependency expressed through field 'schedulerService'; nested exception is org.springframework.beans.factory.UnsatisfiedDependencyException: Error creating bean with name 'schedulerServiceImpl': Unsatisfied dependency expressed through field 'schedulerApi'; nested exception is org.springframework.beans.factory.NoSuchBeanDefinitionException: No qualifying bean of type 'org.apache.dolphinscheduler.scheduler.api.SchedulerApi' available: expected at least 1 bean which qualifies as autowire candidate. Dependency annotations: {@org.springframework.beans.factory.annotation.Autowired(required=true)}
[INFO] 2022-07-28 14:36:10.971 org.apache.dolphinscheduler.remote.NettyRemotingClient:[390] - netty client closed
[INFO] 2022-07-28 14:36:10.972 org.apache.dolphinscheduler.service.log.LogClientService:[74] - logger client closed
[INFO] 2022-07-28 14:36:10.975 com.zaxxer.hikari.HikariDataSource:[350] - HikariPool-2 - Shutdown initiated...
[INFO] 2022-07-28 14:36:10.979 com.zaxxer.hikari.HikariDataSource:[352] - HikariPool-2 - Shutdown completed.
[INFO] 2022-07-28 14:36:10.988 org.springframework.boot.autoconfigure.logging.ConditionEvaluationReportLoggingListener:[136] - 

Error starting ApplicationContext. To display the conditions report re-run your application with 'debug' enabled.
[ERROR] 2022-07-28 14:36:10.999 org.springframework.boot.diagnostics.LoggingFailureAnalysisReporter:[40] - 

***************************
APPLICATION FAILED TO START
***************************

Description:

Field schedulerApi in org.apache.dolphinscheduler.api.service.impl.SchedulerServiceImpl required a bean of type 'org.apache.dolphinscheduler.scheduler.api.SchedulerApi' that could not be found.

The injection point has the following annotations:
	- @org.springframework.beans.factory.annotation.Autowired(required=true)


Action:

Consider defining a bean of type 'org.apache.dolphinscheduler.scheduler.api.SchedulerApi' in your configuration.

[ERROR] 2022-07-28 14:36:11.000 org.springframework.test.context.TestContextManager:[252] - Caught exception while allowing TestExecutionListener [org.springframework.test.context.web.ServletTestExecutionListener@6d304f9d] to prepare test instance [org.apache.dolphinscheduler.api.service.WorkerGroupServiceTest@6b54dbd8]
java.lang.IllegalStateException: Failed to load ApplicationContext
	at org.springframework.test.context.cache.DefaultCacheAwareContextLoaderDelegate.loadContext(DefaultCacheAwareContextLoaderDelegate.java:132)
	at org.springframework.test.context.support.DefaultTestContext.getApplicationContext(DefaultTestContext.java:124)
	at org.springframework.test.context.web.ServletTestExecutionListener.setUpRequestContextIfNecessary(ServletTestExecutionListener.java:190)
	at org.springframework.test.context.web.ServletTestExecutionListener.prepareTestInstance(ServletTestExecutionListener.java:132)
	at org.springframework.test.context.TestContextManager.prepareTestInstance(TestContextManager.java:248)
	at org.springframework.test.context.junit4.SpringJUnit4ClassRunner.createTest(SpringJUnit4ClassRunner.java:227)
	at org.springframework.test.context.junit4.SpringJUnit4ClassRunner$1.runReflectiveCall(SpringJUnit4ClassRunner.java:289)
	at org.junit.internal.runners.model.ReflectiveCallable.run(ReflectiveCallable.java:12)
	at org.springframework.test.context.junit4.SpringJUnit4ClassRunner.methodBlock(SpringJUnit4ClassRunner.java:291)
	at org.springframework.test.context.junit4.SpringJUnit4ClassRunner.runChild(SpringJUnit4ClassRunner.java:246)
	at org.springframework.test.context.junit4.SpringJUnit4ClassRunner.runChild(SpringJUnit4ClassRunner.java:97)
	at org.junit.runners.ParentRunner$3.run(ParentRunner.java:290)
	at org.junit.runners.ParentRunner$1.schedule(ParentRunner.java:71)
	at org.junit.runners.ParentRunner.runChildren(ParentRunner.java:288)
	at org.junit.runners.ParentRunner.access$000(ParentRunner.java:58)
	at org.junit.runners.ParentRunner$2.evaluate(ParentRunner.java:268)
	at org.springframework.test.context.junit4.statements.RunBeforeTestClassCallbacks.evaluate(RunBeforeTestClassCallbacks.java:61)
	at org.springframework.test.context.junit4.statements.RunAfterTestClassCallbacks.evaluate(RunAfterTestClassCallbacks.java:70)
	at org.junit.runners.ParentRunner.run(ParentRunner.java:363)
	at org.springframework.test.context.junit4.SpringJUnit4ClassRunner.run(SpringJUnit4ClassRunner.java:190)
	at org.junit.runner.JUnitCore.run(JUnitCore.java:137)
	at org.junit.runner.JUnitCore.run(JUnitCore.java:115)
	at org.junit.vintage.engine.execution.RunnerExecutor.execute(RunnerExecutor.java:43)
	at java.util.stream.ForEachOps$ForEachOp$OfRef.accept(ForEachOps.java:184)
	at java.util.stream.ReferencePipeline$3$1.accept(ReferencePipeline.java:193)
	at java.util.Iterator.forEachRemaining(Iterator.java:116)
	at java.util.Spliterators$IteratorSpliterator.forEachRemaining(Spliterators.java:1801)
	at java.util.stream.AbstractPipeline.copyInto(AbstractPipeline.java:482)
	at java.util.stream.AbstractPipeline.wrapAndCopyInto(AbstractPipeline.java:472)
	at java.util.stream.ForEachOps$ForEachOp.evaluateSequential(ForEachOps.java:151)
	at java.util.stream.ForEachOps$ForEachOp$OfRef.evaluateSequential(ForEachOps.java:174)
	at java.util.stream.AbstractPipeline.evaluate(AbstractPipeline.java:234)
	at java.util.stream.ReferencePipeline.forEach(ReferencePipeline.java:418)
	at org.junit.vintage.engine.VintageTestEngine.executeAllChildren(VintageTestEngine.java:82)
	at org.junit.vintage.engine.VintageTestEngine.execute(VintageTestEngine.java:73)
	at org.junit.platform.launcher.core.EngineExecutionOrchestrator.execute(EngineExecutionOrchestrator.java:108)
	at org.junit.platform.launcher.core.EngineExecutionOrchestrator.execute(EngineExecutionOrchestrator.java:88)
	at org.junit.platform.launcher.core.EngineExecutionOrchestrator.lambda$execute$0(EngineExecutionOrchestrator.java:54)
	at org.junit.platform.launcher.core.EngineExecutionOrchestrator.withInterceptedStreams(EngineExecutionOrchestrator.java:67)
	at org.junit.platform.launcher.core.EngineExecutionOrchestrator.execute(EngineExecutionOrchestrator.java:52)
	at org.junit.platform.launcher.core.DefaultLauncher.execute(DefaultLauncher.java:96)
	at org.junit.platform.launcher.core.DefaultLauncher.execute(DefaultLauncher.java:75)
	at com.intellij.junit5.JUnit5IdeaTestRunner.startRunnerWithArgs(JUnit5IdeaTestRunner.java:71)
	at com.intellij.rt.junit.IdeaTestRunner$Repeater$1.execute(IdeaTestRunner.java:38)
	at com.intellij.rt.execution.junit.TestsRepeater.repeat(TestsRepeater.java:11)
	at com.intellij.rt.junit.IdeaTestRunner$Repeater.startRunnerWithArgs(IdeaTestRunner.java:35)
	at com.intellij.rt.junit.JUnitStarter.prepareStreamsAndStart(JUnitStarter.java:235)
	at com.intellij.rt.junit.JUnitStarter.main(JUnitStarter.java:54)
Caused by: org.springframework.beans.factory.UnsatisfiedDependencyException: Error creating bean with name 'processDefinitionController': Unsatisfied dependency expressed through field 'processDefinitionService'; nested exception is org.springframework.beans.factory.UnsatisfiedDependencyException: Error creating bean with name 'processDefinitionServiceImpl': Unsatisfied dependency expressed through field 'schedulerService'; nested exception is org.springframework.beans.factory.UnsatisfiedDependencyException: Error creating bean with name 'schedulerServiceImpl': Unsatisfied dependency expressed through field 'schedulerApi'; nested exception is org.springframework.beans.factory.NoSuchBeanDefinitionException: No qualifying bean of type 'org.apache.dolphinscheduler.scheduler.api.SchedulerApi' available: expected at least 1 bean which qualifies as autowire candidate. Dependency annotations: {@org.springframework.beans.factory.annotation.Autowired(required=true)}
	at org.springframework.beans.factory.annotation.AutowiredAnnotationBeanPostProcessor$AutowiredFieldElement.resolveFieldValue(AutowiredAnnotationBeanPostProcessor.java:659)
	at org.springframework.beans.factory.annotation.AutowiredAnnotationBeanPostProcessor$AutowiredFieldElement.inject(AutowiredAnnotationBeanPostProcessor.java:639)
	at org.springframework.beans.factory.annotation.InjectionMetadata.inject(InjectionMetadata.java:119)
	at org.springframework.beans.factory.annotation.AutowiredAnnotationBeanPostProcessor.postProcessProperties(AutowiredAnnotationBeanPostProcessor.java:399)
	at org.springframework.beans.factory.support.AbstractAutowireCapableBeanFactory.populateBean(AbstractAutowireCapableBeanFactory.java:1431)
	at org.springframework.beans.factory.support.AbstractAutowireCapableBeanFactory.doCreateBean(AbstractAutowireCapableBeanFactory.java:619)
	at org.springframework.beans.factory.support.AbstractAutowireCapableBeanFactory.createBean(AbstractAutowireCapableBeanFactory.java:542)
	at org.springframework.beans.factory.support.AbstractBeanFactory.lambda$doGetBean$0(AbstractBeanFactory.java:335)
	at org.springframework.beans.factory.support.DefaultSingletonBeanRegistry.getSingleton(DefaultSingletonBeanRegistry.java:234)
	at org.springframework.beans.factory.support.AbstractBeanFactory.doGetBean(AbstractBeanFactory.java:333)
	at org.springframework.beans.factory.support.AbstractBeanFactory.getBean(AbstractBeanFactory.java:208)
	at org.springframework.beans.factory.support.DefaultListableBeanFactory.preInstantiateSingletons(DefaultListableBeanFactory.java:944)
	at org.springframework.context.support.AbstractApplicationContext.finishBeanFactoryInitialization(AbstractApplicationContext.java:918)
	at org.springframework.context.support.AbstractApplicationContext.refresh(AbstractApplicationContext.java:583)
	at org.springframework.boot.SpringApplication.refresh(SpringApplication.java:754)
	at org.springframework.boot.SpringApplication.refreshContext(SpringApplication.java:434)
	at org.springframework.boot.SpringApplication.run(SpringApplication.java:338)
	at org.springframework.boot.test.context.SpringBootContextLoader.loadContext(SpringBootContextLoader.java:123)
	at org.springframework.test.context.cache.DefaultCacheAwareContextLoaderDelegate.loadContextInternal(DefaultCacheAwareContextLoaderDelegate.java:99)
	at org.springframework.test.context.cache.DefaultCacheAwareContextLoaderDelegate.loadContext(DefaultCacheAwareContextLoaderDelegate.java:124)
	... 47 common frames omitted
Caused by: org.springframework.beans.factory.UnsatisfiedDependencyException: Error creating bean with name 'processDefinitionServiceImpl': Unsatisfied dependency expressed through field 'schedulerService'; nested exception is org.springframework.beans.factory.UnsatisfiedDependencyException: Error creating bean with name 'schedulerServiceImpl': Unsatisfied dependency expressed through field 'schedulerApi'; nested exception is org.springframework.beans.factory.NoSuchBeanDefinitionException: No qualifying bean of type 'org.apache.dolphinscheduler.scheduler.api.SchedulerApi' available: expected at least 1 bean which qualifies as autowire candidate. Dependency annotations: {@org.springframework.beans.factory.annotation.Autowired(required=true)}
	at org.springframework.beans.factory.annotation.AutowiredAnnotationBeanPostProcessor$AutowiredFieldElement.resolveFieldValue(AutowiredAnnotationBeanPostProcessor.java:659)
	at org.springframework.beans.factory.annotation.AutowiredAnnotationBeanPostProcessor$AutowiredFieldElement.inject(AutowiredAnnotationBeanPostProcessor.java:639)
	at org.springframework.beans.factory.annotation.InjectionMetadata.inject(InjectionMetadata.java:119)
	at org.springframework.beans.factory.annotation.AutowiredAnnotationBeanPostProcessor.postProcessProperties(AutowiredAnnotationBeanPostProcessor.java:399)
	at org.springframework.beans.factory.support.AbstractAutowireCapableBeanFactory.populateBean(AbstractAutowireCapableBeanFactory.java:1431)
	at org.springframework.beans.factory.support.AbstractAutowireCapableBeanFactory.doCreateBean(AbstractAutowireCapableBeanFactory.java:619)
	at org.springframework.beans.factory.support.AbstractAutowireCapableBeanFactory.createBean(AbstractAutowireCapableBeanFactory.java:542)
	at org.springframework.beans.factory.support.AbstractBeanFactory.lambda$doGetBean$0(AbstractBeanFactory.java:335)
	at org.springframework.beans.factory.support.DefaultSingletonBeanRegistry.getSingleton(DefaultSingletonBeanRegistry.java:234)
	at org.springframework.beans.factory.support.AbstractBeanFactory.doGetBean(AbstractBeanFactory.java:333)
	at org.springframework.beans.factory.support.AbstractBeanFactory.getBean(AbstractBeanFactory.java:208)
	at org.springframework.beans.factory.config.DependencyDescriptor.resolveCandidate(DependencyDescriptor.java:276)
	at org.springframework.beans.factory.support.DefaultListableBeanFactory.doResolveDependency(DefaultListableBeanFactory.java:1380)
	at org.springframework.beans.factory.support.DefaultListableBeanFactory.resolveDependency(DefaultListableBeanFactory.java:1300)
	at org.springframework.beans.factory.annotation.AutowiredAnnotationBeanPostProcessor$AutowiredFieldElement.resolveFieldValue(AutowiredAnnotationBeanPostProcessor.java:656)
	... 66 common frames omitted
Caused by: org.springframework.beans.factory.UnsatisfiedDependencyException: Error creating bean with name 'schedulerServiceImpl': Unsatisfied dependency expressed through field 'schedulerApi'; nested exception is org.springframework.beans.factory.NoSuchBeanDefinitionException: No qualifying bean of type 'org.apache.dolphinscheduler.scheduler.api.SchedulerApi' available: expected at least 1 bean which qualifies as autowire candidate. Dependency annotations: {@org.springframework.beans.factory.annotation.Autowired(required=true)}
	at org.springframework.beans.factory.annotation.AutowiredAnnotationBeanPostProcessor$AutowiredFieldElement.resolveFieldValue(AutowiredAnnotationBeanPostProcessor.java:659)
	at org.springframework.beans.factory.annotation.AutowiredAnnotationBeanPostProcessor$AutowiredFieldElement.inject(AutowiredAnnotationBeanPostProcessor.java:639)
	at org.springframework.beans.factory.annotation.InjectionMetadata.inject(InjectionMetadata.java:119)
	at org.springframework.beans.factory.annotation.AutowiredAnnotationBeanPostProcessor.postProcessProperties(AutowiredAnnotationBeanPostProcessor.java:399)
	at org.springframework.beans.factory.support.AbstractAutowireCapableBeanFactory.populateBean(AbstractAutowireCapableBeanFactory.java:1431)
	at org.springframework.beans.factory.support.AbstractAutowireCapableBeanFactory.doCreateBean(AbstractAutowireCapableBeanFactory.java:619)
	at org.springframework.beans.factory.support.AbstractAutowireCapableBeanFactory.createBean(AbstractAutowireCapableBeanFactory.java:542)
	at org.springframework.beans.factory.support.AbstractBeanFactory.lambda$doGetBean$0(AbstractBeanFactory.java:335)
	at org.springframework.beans.factory.support.DefaultSingletonBeanRegistry.getSingleton(DefaultSingletonBeanRegistry.java:234)
	at org.springframework.beans.factory.support.AbstractBeanFactory.doGetBean(AbstractBeanFactory.java:333)
	at org.springframework.beans.factory.support.AbstractBeanFactory.getBean(AbstractBeanFactory.java:208)
	at org.springframework.beans.factory.config.DependencyDescriptor.resolveCandidate(DependencyDescriptor.java:276)
	at org.springframework.beans.factory.support.DefaultListableBeanFactory.doResolveDependency(DefaultListableBeanFactory.java:1380)
	at org.springframework.beans.factory.support.DefaultListableBeanFactory.resolveDependency(DefaultListableBeanFactory.java:1300)
	at org.springframework.beans.factory.annotation.AutowiredAnnotationBeanPostProcessor$AutowiredFieldElement.resolveFieldValue(AutowiredAnnotationBeanPostProcessor.java:656)
	... 80 common frames omitted
Caused by: org.springframework.beans.factory.NoSuchBeanDefinitionException: No qualifying bean of type 'org.apache.dolphinscheduler.scheduler.api.SchedulerApi' available: expected at least 1 bean which qualifies as autowire candidate. Dependency annotations: {@org.springframework.beans.factory.annotation.Autowired(required=true)}
	at org.springframework.beans.factory.support.DefaultListableBeanFactory.raiseNoMatchingBeanFound(DefaultListableBeanFactory.java:1790)
	at org.springframework.beans.factory.support.DefaultListableBeanFactory.doResolveDependency(DefaultListableBeanFactory.java:1346)
	at org.springframework.beans.factory.support.DefaultListableBeanFactory.resolveDependency(DefaultListableBeanFactory.java:1300)
	at org.springframework.beans.factory.annotation.AutowiredAnnotationBeanPostProcessor$AutowiredFieldElement.resolveFieldValue(AutowiredAnnotationBeanPostProcessor.java:656)
	... 94 common frames omitted
[INFO] 2022-07-28 14:36:11.094 org.apache.dolphinscheduler.api.service.WorkerGroupServiceTest:[55] - Starting WorkerGroupServiceTest using Java 1.8.0_221 on WangjipengdeMacBook-Pro.local with PID 81695 (started by WANGJP in /Users/WANGJP/Downloads/whaleops/dolphinscheduler/dolphinscheduler-api)
[INFO] 2022-07-28 14:36:11.095 org.apache.dolphinscheduler.api.service.WorkerGroupServiceTest:[663] - The following profiles are active: h2
[INFO] 2022-07-28 14:36:13.151 com.zaxxer.hikari.HikariDataSource:[110] - HikariPool-3 - Starting...
[INFO] 2022-07-28 14:36:13.188 com.zaxxer.hikari.HikariDataSource:[123] - HikariPool-3 - Start completed.
[WARN] 2022-07-28 14:36:17.758 org.springframework.web.context.support.GenericWebApplicationContext:[591] - Exception encountered during context initialization - cancelling refresh attempt: org.springframework.beans.factory.UnsatisfiedDependencyException: Error creating bean with name 'processDefinitionController': Unsatisfied dependency expressed through field 'processDefinitionService'; nested exception is org.springframework.beans.factory.UnsatisfiedDependencyException: Error creating bean with name 'processDefinitionServiceImpl': Unsatisfied dependency expressed through field 'schedulerService'; nested exception is org.springframework.beans.factory.UnsatisfiedDependencyException: Error creating bean with name 'schedulerServiceImpl': Unsatisfied dependency expressed through field 'schedulerApi'; nested exception is org.springframework.beans.factory.NoSuchBeanDefinitionException: No qualifying bean of type 'org.apache.dolphinscheduler.scheduler.api.SchedulerApi' available: expected at least 1 bean which qualifies as autowire candidate. Dependency annotations: {@org.springframework.beans.factory.annotation.Autowired(required=true)}
[INFO] 2022-07-28 14:36:17.759 org.apache.dolphinscheduler.remote.NettyRemotingClient:[390] - netty client closed
[INFO] 2022-07-28 14:36:17.759 org.apache.dolphinscheduler.service.log.LogClientService:[74] - logger client closed
[INFO] 2022-07-28 14:36:17.761 com.zaxxer.hikari.HikariDataSource:[350] - HikariPool-3 - Shutdown initiated...
[INFO] 2022-07-28 14:36:17.764 com.zaxxer.hikari.HikariDataSource:[352] - HikariPool-3 - Shutdown completed.
[INFO] 2022-07-28 14:36:17.771 org.springframework.boot.autoconfigure.logging.ConditionEvaluationReportLoggingListener:[136] - 

Error starting ApplicationContext. To display the conditions report re-run your application with 'debug' enabled.
[ERROR] 2022-07-28 14:36:17.781 org.springframework.boot.diagnostics.LoggingFailureAnalysisReporter:[40] - 

***************************
APPLICATION FAILED TO START
***************************

Description:

Field schedulerApi in org.apache.dolphinscheduler.api.service.impl.SchedulerServiceImpl required a bean of type 'org.apache.dolphinscheduler.scheduler.api.SchedulerApi' that could not be found.

The injection point has the following annotations:
	- @org.springframework.beans.factory.annotation.Autowired(required=true)


Action:

Consider defining a bean of type 'org.apache.dolphinscheduler.scheduler.api.SchedulerApi' in your configuration.

[ERROR] 2022-07-28 14:36:17.782 org.springframework.test.context.TestContextManager:[252] - Caught exception while allowing TestExecutionListener [org.springframework.test.context.web.ServletTestExecutionListener@6d304f9d] to prepare test instance [org.apache.dolphinscheduler.api.service.WorkerGroupServiceTest@386c6903]
java.lang.IllegalStateException: Failed to load ApplicationContext
	at org.springframework.test.context.cache.DefaultCacheAwareContextLoaderDelegate.loadContext(DefaultCacheAwareContextLoaderDelegate.java:132)
	at org.springframework.test.context.support.DefaultTestContext.getApplicationContext(DefaultTestContext.java:124)
	at org.springframework.test.context.web.ServletTestExecutionListener.setUpRequestContextIfNecessary(ServletTestExecutionListener.java:190)
	at org.springframework.test.context.web.ServletTestExecutionListener.prepareTestInstance(ServletTestExecutionListener.java:132)
	at org.springframework.test.context.TestContextManager.prepareTestInstance(TestContextManager.java:248)
	at org.springframework.test.context.junit4.SpringJUnit4ClassRunner.createTest(SpringJUnit4ClassRunner.java:227)
	at org.springframework.test.context.junit4.SpringJUnit4ClassRunner$1.runReflectiveCall(SpringJUnit4ClassRunner.java:289)
	at org.junit.internal.runners.model.ReflectiveCallable.run(ReflectiveCallable.java:12)
	at org.springframework.test.context.junit4.SpringJUnit4ClassRunner.methodBlock(SpringJUnit4ClassRunner.java:291)
	at org.springframework.test.context.junit4.SpringJUnit4ClassRunner.runChild(SpringJUnit4ClassRunner.java:246)
	at org.springframework.test.context.junit4.SpringJUnit4ClassRunner.runChild(SpringJUnit4ClassRunner.java:97)
	at org.junit.runners.ParentRunner$3.run(ParentRunner.java:290)
	at org.junit.runners.ParentRunner$1.schedule(ParentRunner.java:71)
	at org.junit.runners.ParentRunner.runChildren(ParentRunner.java:288)
	at org.junit.runners.ParentRunner.access$000(ParentRunner.java:58)
	at org.junit.runners.ParentRunner$2.evaluate(ParentRunner.java:268)
	at org.springframework.test.context.junit4.statements.RunBeforeTestClassCallbacks.evaluate(RunBeforeTestClassCallbacks.java:61)
	at org.springframework.test.context.junit4.statements.RunAfterTestClassCallbacks.evaluate(RunAfterTestClassCallbacks.java:70)
	at org.junit.runners.ParentRunner.run(ParentRunner.java:363)
	at org.springframework.test.context.junit4.SpringJUnit4ClassRunner.run(SpringJUnit4ClassRunner.java:190)
	at org.junit.runner.JUnitCore.run(JUnitCore.java:137)
	at org.junit.runner.JUnitCore.run(JUnitCore.java:115)
	at org.junit.vintage.engine.execution.RunnerExecutor.execute(RunnerExecutor.java:43)
	at java.util.stream.ForEachOps$ForEachOp$OfRef.accept(ForEachOps.java:184)
	at java.util.stream.ReferencePipeline$3$1.accept(ReferencePipeline.java:193)
	at java.util.Iterator.forEachRemaining(Iterator.java:116)
	at java.util.Spliterators$IteratorSpliterator.forEachRemaining(Spliterators.java:1801)
	at java.util.stream.AbstractPipeline.copyInto(AbstractPipeline.java:482)
	at java.util.stream.AbstractPipeline.wrapAndCopyInto(AbstractPipeline.java:472)
	at java.util.stream.ForEachOps$ForEachOp.evaluateSequential(ForEachOps.java:151)
	at java.util.stream.ForEachOps$ForEachOp$OfRef.evaluateSequential(ForEachOps.java:174)
	at java.util.stream.AbstractPipeline.evaluate(AbstractPipeline.java:234)
	at java.util.stream.ReferencePipeline.forEach(ReferencePipeline.java:418)
	at org.junit.vintage.engine.VintageTestEngine.executeAllChildren(VintageTestEngine.java:82)
	at org.junit.vintage.engine.VintageTestEngine.execute(VintageTestEngine.java:73)
	at org.junit.platform.launcher.core.EngineExecutionOrchestrator.execute(EngineExecutionOrchestrator.java:108)
	at org.junit.platform.launcher.core.EngineExecutionOrchestrator.execute(EngineExecutionOrchestrator.java:88)
	at org.junit.platform.launcher.core.EngineExecutionOrchestrator.lambda$execute$0(EngineExecutionOrchestrator.java:54)
	at org.junit.platform.launcher.core.EngineExecutionOrchestrator.withInterceptedStreams(EngineExecutionOrchestrator.java:67)
	at org.junit.platform.launcher.core.EngineExecutionOrchestrator.execute(EngineExecutionOrchestrator.java:52)
	at org.junit.platform.launcher.core.DefaultLauncher.execute(DefaultLauncher.java:96)
	at org.junit.platform.launcher.core.DefaultLauncher.execute(DefaultLauncher.java:75)
	at com.intellij.junit5.JUnit5IdeaTestRunner.startRunnerWithArgs(JUnit5IdeaTestRunner.java:71)
	at com.intellij.rt.junit.IdeaTestRunner$Repeater$1.execute(IdeaTestRunner.java:38)
	at com.intellij.rt.execution.junit.TestsRepeater.repeat(TestsRepeater.java:11)
	at com.intellij.rt.junit.IdeaTestRunner$Repeater.startRunnerWithArgs(IdeaTestRunner.java:35)
	at com.intellij.rt.junit.JUnitStarter.prepareStreamsAndStart(JUnitStarter.java:235)
	at com.intellij.rt.junit.JUnitStarter.main(JUnitStarter.java:54)
Caused by: org.springframework.beans.factory.UnsatisfiedDependencyException: Error creating bean with name 'processDefinitionController': Unsatisfied dependency expressed through field 'processDefinitionService'; nested exception is org.springframework.beans.factory.UnsatisfiedDependencyException: Error creating bean with name 'processDefinitionServiceImpl': Unsatisfied dependency expressed through field 'schedulerService'; nested exception is org.springframework.beans.factory.UnsatisfiedDependencyException: Error creating bean with name 'schedulerServiceImpl': Unsatisfied dependency expressed through field 'schedulerApi'; nested exception is org.springframework.beans.factory.NoSuchBeanDefinitionException: No qualifying bean of type 'org.apache.dolphinscheduler.scheduler.api.SchedulerApi' available: expected at least 1 bean which qualifies as autowire candidate. Dependency annotations: {@org.springframework.beans.factory.annotation.Autowired(required=true)}
	at org.springframework.beans.factory.annotation.AutowiredAnnotationBeanPostProcessor$AutowiredFieldElement.resolveFieldValue(AutowiredAnnotationBeanPostProcessor.java:659)
	at org.springframework.beans.factory.annotation.AutowiredAnnotationBeanPostProcessor$AutowiredFieldElement.inject(AutowiredAnnotationBeanPostProcessor.java:639)
	at org.springframework.beans.factory.annotation.InjectionMetadata.inject(InjectionMetadata.java:119)
	at org.springframework.beans.factory.annotation.AutowiredAnnotationBeanPostProcessor.postProcessProperties(AutowiredAnnotationBeanPostProcessor.java:399)
	at org.springframework.beans.factory.support.AbstractAutowireCapableBeanFactory.populateBean(AbstractAutowireCapableBeanFactory.java:1431)
	at org.springframework.beans.factory.support.AbstractAutowireCapableBeanFactory.doCreateBean(AbstractAutowireCapableBeanFactory.java:619)
	at org.springframework.beans.factory.support.AbstractAutowireCapableBeanFactory.createBean(AbstractAutowireCapableBeanFactory.java:542)
	at org.springframework.beans.factory.support.AbstractBeanFactory.lambda$doGetBean$0(AbstractBeanFactory.java:335)
	at org.springframework.beans.factory.support.DefaultSingletonBeanRegistry.getSingleton(DefaultSingletonBeanRegistry.java:234)
	at org.springframework.beans.factory.support.AbstractBeanFactory.doGetBean(AbstractBeanFactory.java:333)
	at org.springframework.beans.factory.support.AbstractBeanFactory.getBean(AbstractBeanFactory.java:208)
	at org.springframework.beans.factory.support.DefaultListableBeanFactory.preInstantiateSingletons(DefaultListableBeanFactory.java:944)
	at org.springframework.context.support.AbstractApplicationContext.finishBeanFactoryInitialization(AbstractApplicationContext.java:918)
	at org.springframework.context.support.AbstractApplicationContext.refresh(AbstractApplicationContext.java:583)
	at org.springframework.boot.SpringApplication.refresh(SpringApplication.java:754)
	at org.springframework.boot.SpringApplication.refreshContext(SpringApplication.java:434)
	at org.springframework.boot.SpringApplication.run(SpringApplication.java:338)
	at org.springframework.boot.test.context.SpringBootContextLoader.loadContext(SpringBootContextLoader.java:123)
	at org.springframework.test.context.cache.DefaultCacheAwareContextLoaderDelegate.loadContextInternal(DefaultCacheAwareContextLoaderDelegate.java:99)
	at org.springframework.test.context.cache.DefaultCacheAwareContextLoaderDelegate.loadContext(DefaultCacheAwareContextLoaderDelegate.java:124)
	... 47 common frames omitted
Caused by: org.springframework.beans.factory.UnsatisfiedDependencyException: Error creating bean with name 'processDefinitionServiceImpl': Unsatisfied dependency expressed through field 'schedulerService'; nested exception is org.springframework.beans.factory.UnsatisfiedDependencyException: Error creating bean with name 'schedulerServiceImpl': Unsatisfied dependency expressed through field 'schedulerApi'; nested exception is org.springframework.beans.factory.NoSuchBeanDefinitionException: No qualifying bean of type 'org.apache.dolphinscheduler.scheduler.api.SchedulerApi' available: expected at least 1 bean which qualifies as autowire candidate. Dependency annotations: {@org.springframework.beans.factory.annotation.Autowired(required=true)}
	at org.springframework.beans.factory.annotation.AutowiredAnnotationBeanPostProcessor$AutowiredFieldElement.resolveFieldValue(AutowiredAnnotationBeanPostProcessor.java:659)
	at org.springframework.beans.factory.annotation.AutowiredAnnotationBeanPostProcessor$AutowiredFieldElement.inject(AutowiredAnnotationBeanPostProcessor.java:639)
	at org.springframework.beans.factory.annotation.InjectionMetadata.inject(InjectionMetadata.java:119)
	at org.springframework.beans.factory.annotation.AutowiredAnnotationBeanPostProcessor.postProcessProperties(AutowiredAnnotationBeanPostProcessor.java:399)
	at org.springframework.beans.factory.support.AbstractAutowireCapableBeanFactory.populateBean(AbstractAutowireCapableBeanFactory.java:1431)
	at org.springframework.beans.factory.support.AbstractAutowireCapableBeanFactory.doCreateBean(AbstractAutowireCapableBeanFactory.java:619)
	at org.springframework.beans.factory.support.AbstractAutowireCapableBeanFactory.createBean(AbstractAutowireCapableBeanFactory.java:542)
	at org.springframework.beans.factory.support.AbstractBeanFactory.lambda$doGetBean$0(AbstractBeanFactory.java:335)
	at org.springframework.beans.factory.support.DefaultSingletonBeanRegistry.getSingleton(DefaultSingletonBeanRegistry.java:234)
	at org.springframework.beans.factory.support.AbstractBeanFactory.doGetBean(AbstractBeanFactory.java:333)
	at org.springframework.beans.factory.support.AbstractBeanFactory.getBean(AbstractBeanFactory.java:208)
	at org.springframework.beans.factory.config.DependencyDescriptor.resolveCandidate(DependencyDescriptor.java:276)
	at org.springframework.beans.factory.support.DefaultListableBeanFactory.doResolveDependency(DefaultListableBeanFactory.java:1380)
	at org.springframework.beans.factory.support.DefaultListableBeanFactory.resolveDependency(DefaultListableBeanFactory.java:1300)
	at org.springframework.beans.factory.annotation.AutowiredAnnotationBeanPostProcessor$AutowiredFieldElement.resolveFieldValue(AutowiredAnnotationBeanPostProcessor.java:656)
	... 66 common frames omitted
Caused by: org.springframework.beans.factory.UnsatisfiedDependencyException: Error creating bean with name 'schedulerServiceImpl': Unsatisfied dependency expressed through field 'schedulerApi'; nested exception is org.springframework.beans.factory.NoSuchBeanDefinitionException: No qualifying bean of type 'org.apache.dolphinscheduler.scheduler.api.SchedulerApi' available: expected at least 1 bean which qualifies as autowire candidate. Dependency annotations: {@org.springframework.beans.factory.annotation.Autowired(required=true)}
	at org.springframework.beans.factory.annotation.AutowiredAnnotationBeanPostProcessor$AutowiredFieldElement.resolveFieldValue(AutowiredAnnotationBeanPostProcessor.java:659)
	at org.springframework.beans.factory.annotation.AutowiredAnnotationBeanPostProcessor$AutowiredFieldElement.inject(AutowiredAnnotationBeanPostProcessor.java:639)
	at org.springframework.beans.factory.annotation.InjectionMetadata.inject(InjectionMetadata.java:119)
	at org.springframework.beans.factory.annotation.AutowiredAnnotationBeanPostProcessor.postProcessProperties(AutowiredAnnotationBeanPostProcessor.java:399)
	at org.springframework.beans.factory.support.AbstractAutowireCapableBeanFactory.populateBean(AbstractAutowireCapableBeanFactory.java:1431)
	at org.springframework.beans.factory.support.AbstractAutowireCapableBeanFactory.doCreateBean(AbstractAutowireCapableBeanFactory.java:619)
	at org.springframework.beans.factory.support.AbstractAutowireCapableBeanFactory.createBean(AbstractAutowireCapableBeanFactory.java:542)
	at org.springframework.beans.factory.support.AbstractBeanFactory.lambda$doGetBean$0(AbstractBeanFactory.java:335)
	at org.springframework.beans.factory.support.DefaultSingletonBeanRegistry.getSingleton(DefaultSingletonBeanRegistry.java:234)
	at org.springframework.beans.factory.support.AbstractBeanFactory.doGetBean(AbstractBeanFactory.java:333)
	at org.springframework.beans.factory.support.AbstractBeanFactory.getBean(AbstractBeanFactory.java:208)
	at org.springframework.beans.factory.config.DependencyDescriptor.resolveCandidate(DependencyDescriptor.java:276)
	at org.springframework.beans.factory.support.DefaultListableBeanFactory.doResolveDependency(DefaultListableBeanFactory.java:1380)
	at org.springframework.beans.factory.support.DefaultListableBeanFactory.resolveDependency(DefaultListableBeanFactory.java:1300)
	at org.springframework.beans.factory.annotation.AutowiredAnnotationBeanPostProcessor$AutowiredFieldElement.resolveFieldValue(AutowiredAnnotationBeanPostProcessor.java:656)
	... 80 common frames omitted
Caused by: org.springframework.beans.factory.NoSuchBeanDefinitionException: No qualifying bean of type 'org.apache.dolphinscheduler.scheduler.api.SchedulerApi' available: expected at least 1 bean which qualifies as autowire candidate. Dependency annotations: {@org.springframework.beans.factory.annotation.Autowired(required=true)}
	at org.springframework.beans.factory.support.DefaultListableBeanFactory.raiseNoMatchingBeanFound(DefaultListableBeanFactory.java:1790)
	at org.springframework.beans.factory.support.DefaultListableBeanFactory.doResolveDependency(DefaultListableBeanFactory.java:1346)
	at org.springframework.beans.factory.support.DefaultListableBeanFactory.resolveDependency(DefaultListableBeanFactory.java:1300)
	at org.springframework.beans.factory.annotation.AutowiredAnnotationBeanPostProcessor$AutowiredFieldElement.resolveFieldValue(AutowiredAnnotationBeanPostProcessor.java:656)
	... 94 common frames omitted
[INFO] 2022-07-28 14:36:17.809 org.apache.dolphinscheduler.api.service.AccessTokenServiceTest:[103] - Status{code='0', msg='', data=org.apache.dolphinscheduler.api.utils.PageInfo@67e321e0}
[INFO] 2022-07-28 14:36:17.812 org.apache.dolphinscheduler.api.service.AccessTokenServiceTest:[183] - {msg=, status=USER_NO_OPERATION_PERM}
[INFO] 2022-07-28 14:36:17.822 org.apache.dolphinscheduler.api.service.AccessTokenServiceTest:[126] - Status{code='0', msg='', data=AccessToken{id=0, userId=1, token='AccessTokenServiceTest', userName='null', expireTime=Sat Aug 27 14:36:17 CST 2022, createTime=Thu Jul 28 14:36:17 CST 2022, updateTime=Thu Jul 28 14:36:17 CST 2022}}
[INFO] 2022-07-28 14:36:17.840 org.apache.dolphinscheduler.api.service.AccessTokenServiceTest:[131] - Status{code='0', msg='', data=AccessToken{id=0, userId=1, token='996ca1b578cf5e86b62939b15e7a170d', userName='null', expireTime=Sat Aug 27 14:36:17 CST 2022, createTime=Thu Jul 28 14:36:17 CST 2022, updateTime=Thu Jul 28 14:36:17 CST 2022}}
[INFO] 2022-07-28 14:36:17.843 org.apache.dolphinscheduler.api.service.AccessTokenServiceTest:[141] - {msg=, data=b4cf087328964e8c7d18de6237684722, status=SUCCESS}
[INFO] 2022-07-28 14:36:17.845 org.apache.dolphinscheduler.api.service.AccessTokenServiceTest:[158] - {msg=, status=USER_NO_OPERATION_PERM}
[INFO] 2022-07-28 14:36:17.848 org.apache.dolphinscheduler.api.service.AccessTokenServiceTest:[117] - {msg=, data=[], status=SUCCESS}
[INFO] 2022-07-28 14:36:17.864 org.apache.dolphinscheduler.api.service.TenantServiceTest:[112] - {msg= Linux , status=CHECK_OS_TENANT_CODE_ERROR}
[INFO] 2022-07-28 14:36:17.865 org.apache.dolphinscheduler.api.service.TenantServiceTest:[117] - {msg=[hayden], status=OS_TENANT_CODE_EXIST}
[INFO] 2022-07-28 14:36:17.866 org.apache.dolphinscheduler.api.service.TenantServiceTest:[122] - {msg=, data=Tenant{id=0, tenantCode='test', queueId=1, queueName='null', queue='null', createTime=Thu Jul 28 14:36:17 CST 2022, updateTime=Thu Jul 28 14:36:17 CST 2022}, status=SUCCESS}
[INFO] 2022-07-28 14:36:17.868 org.apache.dolphinscheduler.api.service.TenantServiceTest:[160] - {msg=, status=TENANT_NOT_EXIST}
[INFO] 2022-07-28 14:36:17.869 org.apache.dolphinscheduler.api.service.TenantServiceTest:[164] - {msg=, status=SUCCESS}
[INFO] 2022-07-28 14:36:17.891 org.apache.dolphinscheduler.api.service.TenantServiceTest:[216] - Status{code='0', msg='', data=null}
[INFO] 2022-07-28 14:36:17.894 org.apache.dolphinscheduler.api.service.TenantServiceTest:[144] - Status{code='0', msg='', data=org.apache.dolphinscheduler.api.utils.PageInfo@7e9bb52f}
[ERROR] 2022-07-28 14:36:18.125 org.apache.dolphinscheduler.api.service.impl.ProcessDefinitionServiceImpl:[326] - taskDefinitionJson invalid: 
[INFO] 2022-07-28 14:36:18.276 org.apache.dolphinscheduler.api.service.impl.ProcessDefinitionServiceImpl:[660] - The task has not changed, so skip
[INFO] 2022-07-28 14:36:18.282 org.apache.dolphinscheduler.api.service.impl.ProcessDefinitionServiceImpl:[298] - The task has not changed, so skip
[INFO] 2022-07-28 14:36:18.291 org.apache.dolphinscheduler.api.service.impl.ProcessDefinitionServiceImpl:[1426] - process define not exists
[ERROR] 2022-07-28 14:36:18.299 org.apache.dolphinscheduler.api.service.impl.ProcessDefinitionServiceImpl:[1361] - process data is null
[ERROR] 2022-07-28 14:36:18.302 org.apache.dolphinscheduler.api.service.impl.ProcessDefinitionServiceImpl:[1371] - process node info is empty
[INFO] 2022-07-28 14:36:18.309 org.apache.dolphinscheduler.api.service.impl.ProcessDefinitionServiceImpl:[1457] - process definition not exists
[INFO] 2022-07-28 14:36:18.314 org.apache.dolphinscheduler.api.service.impl.ProcessDefinitionServiceImpl:[1578] - process define not exists
[INFO] 2022-07-28 14:36:18.432 org.apache.dolphinscheduler.api.service.UsersServiceTest:[420] - {msg=, status=USER_NO_OPERATION_PERM}
[INFO] 2022-07-28 14:36:18.433 org.apache.dolphinscheduler.api.service.UsersServiceTest:[426] - {msg=[2], status=USER_NOT_EXIST}
[INFO] 2022-07-28 14:36:18.434 org.apache.dolphinscheduler.api.service.UsersServiceTest:[432] - {msg=, status=SUCCESS}
[INFO] 2022-07-28 14:36:18.441 org.apache.dolphinscheduler.api.service.UsersServiceTest:[503] - {msg=[3], status=USER_NOT_EXIST}
[INFO] 2022-07-28 14:36:18.443 org.apache.dolphinscheduler.api.service.UsersServiceTest:[510] - {msg=, status=SUCCESS}
[INFO] 2022-07-28 14:36:18.443 org.apache.dolphinscheduler.api.service.UsersServiceTest:[517] - {msg=, status=SUCCESS}
[INFO] 2022-07-28 14:36:18.446 org.apache.dolphinscheduler.api.service.UsersServiceTest:[607] - {msg=, status=USER_NO_OPERATION_PERM}
[INFO] 2022-07-28 14:36:18.447 org.apache.dolphinscheduler.api.service.UsersServiceTest:[614] - {msg=, data=[User{id=0, userName='userTest0001', userPassword='userTest0001', email='null', phone='null', userType=GENERAL_USER, tenantId=0, state=0, tenantCode='null', queueName='null', alertGroup='null', queue='null', timeZone='null', createTime=null, updateTime=null}], status=SUCCESS}
[INFO] 2022-07-28 14:36:18.450 org.apache.dolphinscheduler.api.service.UsersServiceTest:[209] - User{id=0, userName='userTest0001', userPassword='userTest0001', email='null', phone='null', userType=GENERAL_USER, tenantId=0, state=0, tenantCode='null', queueName='null', alertGroup='null', queue='null', timeZone='null', createTime=null, updateTime=null}
[INFO] 2022-07-28 14:36:18.452 org.apache.dolphinscheduler.api.service.UsersServiceTest:[299] - {msg=[0], status=USER_NOT_EXIST}
[INFO] 2022-07-28 14:36:18.473 org.apache.dolphinscheduler.api.service.UsersServiceTest:[304] - {msg=, status=SUCCESS}
[INFO] 2022-07-28 14:36:18.476 org.apache.dolphinscheduler.api.service.UsersServiceTest:[576] - Status{code='0', msg='', data=null}
[INFO] 2022-07-28 14:36:18.477 org.apache.dolphinscheduler.api.service.UsersServiceTest:[581] - Status{code='10003', msg='', data=null}
[INFO] 2022-07-28 14:36:18.480 org.apache.dolphinscheduler.api.service.UsersServiceTest:[258] - {msg=, status=USER_NO_OPERATION_PERM}
[INFO] 2022-07-28 14:36:18.493 org.apache.dolphinscheduler.api.service.UsersServiceTest:[381] - {msg=[999], status=USER_NOT_EXIST}
[INFO] 2022-07-28 14:36:18.494 org.apache.dolphinscheduler.api.service.UsersServiceTest:[386] - {msg=[999], status=PROJECT_NOT_FOUND}
[INFO] 2022-07-28 14:36:18.494 org.apache.dolphinscheduler.api.service.UsersServiceTest:[393] - {msg=, status=USER_NO_OPERATION_PERM}
[INFO] 2022-07-28 14:36:18.495 org.apache.dolphinscheduler.api.service.UsersServiceTest:[400] - {msg=, status=SUCCESS}
[INFO] 2022-07-28 14:36:18.496 org.apache.dolphinscheduler.api.service.UsersServiceTest:[407] - {msg=, status=SUCCESS}
[INFO] 2022-07-28 14:36:18.509 org.apache.dolphinscheduler.api.service.UsersServiceTest:[560] - {msg=, status=USER_NO_OPERATION_PERM}
[INFO] 2022-07-28 14:36:18.510 org.apache.dolphinscheduler.api.service.UsersServiceTest:[566] - {msg=, data=[User{id=0, userName='userTest0001', userPassword='userTest0001', email='null', phone='null', userType=GENERAL_USER, tenantId=0, state=0, tenantCode='null', queueName='null', alertGroup='null', queue='null', timeZone='null', createTime=null, updateTime=null}], status=SUCCESS}
[INFO] 2022-07-28 14:36:18.514 org.apache.dolphinscheduler.api.service.UsersServiceTest:[280] - Status{code='30001', msg='', data=null}
[INFO] 2022-07-28 14:36:18.517 org.apache.dolphinscheduler.api.service.UsersServiceTest:[162] - {msg=[userTest0001~], status=REQUEST_PARAMS_NOT_VALID_ERROR}
[INFO] 2022-07-28 14:36:18.518 org.apache.dolphinscheduler.api.service.UsersServiceTest:[169] - {msg=[userTest000111111111111111], status=REQUEST_PARAMS_NOT_VALID_ERROR}
[INFO] 2022-07-28 14:36:18.518 org.apache.dolphinscheduler.api.service.UsersServiceTest:[176] - {msg=[1q.com], status=REQUEST_PARAMS_NOT_VALID_ERROR}
[INFO] 2022-07-28 14:36:18.519 org.apache.dolphinscheduler.api.service.UsersServiceTest:[183] - {msg=[2233], status=REQUEST_PARAMS_NOT_VALID_ERROR}
[INFO] 2022-07-28 14:36:18.519 org.apache.dolphinscheduler.api.service.UsersServiceTest:[189] - {msg=, status=TENANT_NOT_EXIST}
[INFO] 2022-07-28 14:36:18.520 org.apache.dolphinscheduler.api.service.UsersServiceTest:[194] - {msg=, data=User{id=0, userName='userTest0001', userPassword='ffbaaa8ae678f7ce89ef45474b19736a', email='122222@qq.com', phone='13456432345', userType=GENERAL_USER, tenantId=1, state=1, tenantCode='null', queueName='null', alertGroup='null', queue='UsersServiceTestQueue', timeZone='null', createTime=Thu Jul 28 14:36:18 CST 2022, updateTime=Thu Jul 28 14:36:18 CST 2022}, status=SUCCESS}
[INFO] 2022-07-28 14:36:18.523 org.apache.dolphinscheduler.api.service.UsersServiceTest:[321] - {msg=, status=USER_NO_OPERATION_PERM}
[INFO] 2022-07-28 14:36:18.524 org.apache.dolphinscheduler.api.service.UsersServiceTest:[327] - {msg=[3], status=USER_NOT_EXIST}
[INFO] 2022-07-28 14:36:18.526 org.apache.dolphinscheduler.api.service.UsersServiceTest:[338] - {msg=, status=SUCCESS}
[INFO] 2022-07-28 14:36:18.529 org.apache.dolphinscheduler.api.service.UsersServiceTest:[465] - {msg=[2], status=USER_NOT_EXIST}
[INFO] 2022-07-28 14:36:18.529 org.apache.dolphinscheduler.api.service.UsersServiceTest:[470] - {msg=, status=SUCCESS}
[INFO] 2022-07-28 14:36:18.532 org.apache.dolphinscheduler.api.service.UsersServiceTest:[358] - {msg=[3], status=USER_NOT_EXIST}
[INFO] 2022-07-28 14:36:18.534 org.apache.dolphinscheduler.api.service.UsersServiceTest:[364] - {msg=, status=SUCCESS}
[INFO] 2022-07-28 14:36:18.537 org.apache.dolphinscheduler.api.service.UsersServiceTest:[483] - {msg=[2], status=USER_NOT_EXIST}
[INFO] 2022-07-28 14:36:18.538 org.apache.dolphinscheduler.api.service.UsersServiceTest:[488] - {msg=, status=SUCCESS}
[INFO] 2022-07-28 14:36:18.540 org.apache.dolphinscheduler.api.service.UsersServiceTest:[445] - {msg=[2], status=USER_NOT_EXIST}
[INFO] 2022-07-28 14:36:18.543 org.apache.dolphinscheduler.api.service.UsersServiceTest:[451] - {msg=, status=SUCCESS}
[INFO] 2022-07-28 14:36:18.548 org.apache.dolphinscheduler.api.service.UsersServiceTest:[536] - {msg=, data=User{id=0, userName='admin', userPassword='null', email='null', phone='null', userType=ADMIN_USER, tenantId=0, state=0, tenantCode='null', queueName='null', alertGroup='null', queue='null', timeZone='Asia/Shanghai', createTime=null, updateTime=null}, status=SUCCESS}
[INFO] 2022-07-28 14:36:18.550 org.apache.dolphinscheduler.api.service.UsersServiceTest:[548] - {msg=, data=User{id=0, userName='userTest0001', userPassword='userTest0001', email='null', phone='null', userType=GENERAL_USER, tenantId=0, state=0, tenantCode='null', queueName='null', alertGroup='AlertGroup{id=0createUserId=0, groupName='null', description='null', createTime=null, updateTime=null}', queue='null', timeZone='Asia/Shanghai', createTime=null, updateTime=null}, status=SUCCESS}
[INFO] 2022-07-28 14:36:18.552 org.apache.dolphinscheduler.api.service.UsersServiceTest:[592] - {msg=, status=USER_NO_OPERATION_PERM}
[INFO] 2022-07-28 14:36:18.553 org.apache.dolphinscheduler.api.service.UsersServiceTest:[597] - {msg=, data=[], status=SUCCESS}
[INFO] 2022-07-28 14:36:22.725 org.apache.dolphinscheduler.api.service.AuditServiceTest:[72] - Status{code='0', msg='', data=org.apache.dolphinscheduler.api.utils.PageInfo@38fd58f3}
[INFO] 2022-07-28 14:36:25.638 org.apache.dolphinscheduler.api.service.ProjectServiceTest:[295] - FAILURE 1: {msg=[], status=PROJECT_NOT_FOUND}
[INFO] 2022-07-28 14:36:25.640 org.apache.dolphinscheduler.api.service.ProjectServiceTest:[302] - FAILURE 2: {msg=[ProjectServiceTest][1], status=USER_NO_OPERATION_PROJECT_PERM}
[INFO] 2022-07-28 14:36:25.642 org.apache.dolphinscheduler.api.service.ProjectServiceTest:[313] - SUCCESS 1: {msg=, data=[User{id=0, userName='userTest0001', userPassword='userTest0001', email='null', phone='null', userType=GENERAL_USER, tenantId=0, state=0, tenantCode='null', queueName='null', alertGroup='null', queue='null', timeZone='null', createTime=null, updateTime=null}], status=SUCCESS}
[INFO] 2022-07-28 14:36:25.643 org.apache.dolphinscheduler.api.service.ProjectServiceTest:[324] - SUCCESS 2: {msg=, data=[User{id=0, userName='userTest0001', userPassword='userTest0001', email='null', phone='null', userType=GENERAL_USER, tenantId=0, state=0, tenantCode='null', queueName='null', alertGroup='null', queue='null', timeZone='null', createTime=null, updateTime=null}], status=SUCCESS}
[INFO] 2022-07-28 14:36:25.647 org.apache.dolphinscheduler.api.service.ProjectServiceTest:[277] - {msg=, data=[Project{id=1, userId=1, userName='null', code=1, name='ProjectServiceTest', description='null', createTime=null, updateTime=null, perm=0, defCount=0, instRunningCount=0}, Project{id=2, userId=1, userName='null', code=1, name='ProjectServiceTest', description='null', createTime=null, updateTime=null, perm=0, defCount=0, instRunningCount=0}, Project{id=3, userId=1, userName='null', code=1, name='ProjectServiceTest', description='null', createTime=null, updateTime=null, perm=0, defCount=0, instRunningCount=0}], status=SUCCESS}
[INFO] 2022-07-28 14:36:25.649 org.apache.dolphinscheduler.api.service.ProjectServiceTest:[339] - {msg=, data=[Project{id=1, userId=1, userName='null', code=1, name='ProjectServiceTest', description='null', createTime=null, updateTime=null, perm=0, defCount=0, instRunningCount=0}, Project{id=2, userId=1, userName='null', code=1, name='ProjectServiceTest', description='null', createTime=null, updateTime=null, perm=0, defCount=0, instRunningCount=0}, Project{id=3, userId=1, userName='null', code=1, name='ProjectServiceTest', description='null', createTime=null, updateTime=null, perm=0, defCount=0, instRunningCount=0}], status=SUCCESS}
[INFO] 2022-07-28 14:36:25.651 org.apache.dolphinscheduler.api.service.ProjectServiceTest:[180] - {msg=[null][1], status=USER_NO_OPERATION_PROJECT_PERM}
[INFO] 2022-07-28 14:36:25.652 org.apache.dolphinscheduler.api.service.ProjectServiceTest:[192] - {}
[INFO] 2022-07-28 14:36:25.654 org.apache.dolphinscheduler.api.service.ProjectServiceTest:[401] - {msg=, data=[Project{id=3, userId=1, userName='null', code=1, name='ProjectServiceTest', description='null', createTime=null, updateTime=null, perm=0, defCount=0, instRunningCount=0}, Project{id=2, userId=1, userName='null', code=1, name='ProjectServiceTest', description='null', createTime=null, updateTime=null, perm=0, defCount=0, instRunningCount=0}, Project{id=1, userId=1, userName='null', code=1, name='ProjectServiceTest', description='null', createTime=null, updateTime=null, perm=0, defCount=0, instRunningCount=0}], status=SUCCESS}
[INFO] 2022-07-28 14:36:25.655 org.apache.dolphinscheduler.api.service.ProjectServiceTest:[413] - {msg=, data=[Project{id=3, userId=1, userName='null', code=1, name='ProjectServiceTest', description='null', createTime=null, updateTime=null, perm=0, defCount=0, instRunningCount=0}, Project{id=2, userId=1, userName='null', code=1, name='ProjectServiceTest', description='null', createTime=null, updateTime=null, perm=0, defCount=0, instRunningCount=0}, Project{id=1, userId=1, userName='null', code=1, name='ProjectServiceTest', description='null', createTime=null, updateTime=null, perm=0, defCount=0, instRunningCount=0}], status=SUCCESS}
[INFO] 2022-07-28 14:36:25.657 org.apache.dolphinscheduler.api.service.ProjectServiceTest:[100] - {msg=[desc length], status=REQUEST_PARAMS_NOT_VALID_ERROR}
[INFO] 2022-07-28 14:36:25.658 org.apache.dolphinscheduler.api.service.ProjectServiceTest:[106] - {msg=[ProjectServiceTest], status=PROJECT_ALREADY_EXISTS}
[INFO] 2022-07-28 14:36:25.659 org.apache.dolphinscheduler.api.service.impl.ProjectServiceImpl:[136] - create project complete and id is :0
[INFO] 2022-07-28 14:36:25.659 org.apache.dolphinscheduler.api.service.ProjectServiceTest:[112] - {msg=, data=Project{id=0, userId=1, userName='ProjectServiceTest', code=6343652564320, name='test', description='test', createTime=Thu Jul 28 14:36:25 CST 2022, updateTime=Thu Jul 28 14:36:25 CST 2022, perm=0, defCount=0, instRunningCount=0}, status=SUCCESS}
[INFO] 2022-07-28 14:36:25.661 org.apache.dolphinscheduler.api.service.ProjectServiceTest:[204] - {msg=,, status=PROJECT_NOT_EXIST}
[INFO] 2022-07-28 14:36:25.662 org.apache.dolphinscheduler.api.service.ProjectServiceTest:[211] - {msg=[ProjectServiceTest][1], status=USER_NO_OPERATION_PROJECT_PERM}
[INFO] 2022-07-28 14:36:25.664 org.apache.dolphinscheduler.api.service.ProjectServiceTest:[221] - {msg=, status=DELETE_PROJECT_ERROR_DEFINES_NOT_NULL}
[INFO] 2022-07-28 14:36:25.665 org.apache.dolphinscheduler.api.service.ProjectServiceTest:[228] - {msg=, status=SUCCESS}
[INFO] 2022-07-28 14:36:25.667 org.apache.dolphinscheduler.api.service.ProjectServiceTest:[382] - {msg=, data=[Project{id=1, userId=1, userName='null', code=1, name='ProjectServiceTest', description='null', createTime=null, updateTime=null, perm=0, defCount=0, instRunningCount=0}, Project{id=2, userId=1, userName='null', code=1, name='ProjectServiceTest', description='null', createTime=null, updateTime=null, perm=0, defCount=0, instRunningCount=0}, Project{id=3, userId=1, userName='null', code=1, name='ProjectServiceTest', description='null', createTime=null, updateTime=null, perm=0, defCount=0, instRunningCount=0}], status=SUCCESS}
[INFO] 2022-07-28 14:36:25.668 org.apache.dolphinscheduler.api.service.ProjectServiceTest:[124] - {msg=,, status=PROJECT_NOT_EXIST}
[INFO] 2022-07-28 14:36:25.669 org.apache.dolphinscheduler.api.service.ProjectServiceTest:[132] - {msg=[ProjectServiceTest][1], status=USER_NO_OPERATION_PROJECT_PERM}
[INFO] 2022-07-28 14:36:25.670 org.apache.dolphinscheduler.api.service.ProjectServiceTest:[143] - {msg=, status=SUCCESS}
[INFO] 2022-07-28 14:36:25.673 org.apache.dolphinscheduler.api.service.ProjectServiceTest:[246] - {msg=[], status=PROJECT_NOT_FOUND}
[INFO] 2022-07-28 14:36:25.673 org.apache.dolphinscheduler.api.service.ProjectServiceTest:[251] - {msg=[ProjectServiceTest], status=PROJECT_ALREADY_EXISTS}
[INFO] 2022-07-28 14:36:25.674 org.apache.dolphinscheduler.api.service.ProjectServiceTest:[263] - {msg=, status=SUCCESS}
[INFO] 2022-07-28 14:36:25.709 org.apache.dolphinscheduler.api.service.MonitorServiceTest:[88] - {msg=, data=[MonitorRecord{state=null, dbType=MYSQL, maxConnections=0, maxUsedConnections=0, threadsConnections=0, threadsRunningConnections=0, date=null}], status=SUCCESS}
[INFO] 2022-07-28 14:36:28.998 org.apache.dolphinscheduler.api.service.AlertGroupServiceTest:[211] - {msg=, status=USER_NO_OPERATION_PERM}
[INFO] 2022-07-28 14:36:28.999 org.apache.dolphinscheduler.api.service.AlertGroupServiceTest:[220] - {msg=, status=ALERT_GROUP_NOT_EXIST}
[INFO] 2022-07-28 14:36:29.000 org.apache.dolphinscheduler.api.service.AlertGroupServiceTest:[226] - {msg=, status=SUCCESS}
[INFO] 2022-07-28 14:36:29.001 org.apache.dolphinscheduler.api.service.AlertGroupServiceTest:[138] - {msg=, status=USER_NO_OPERATION_PERM}
[INFO] 2022-07-28 14:36:29.002 org.apache.dolphinscheduler.api.service.AlertGroupServiceTest:[146] - {msg=, data=AlertGroup{id=0createUserId=1, groupName='AlertGroupServiceTest', description='AlertGroupServiceTest', createTime=Thu Jul 28 14:36:29 CST 2022, updateTime=Thu Jul 28 14:36:29 CST 2022}, status=SUCCESS}
[INFO] 2022-07-28 14:36:29.004 org.apache.dolphinscheduler.api.service.AlertGroupServiceTest:[99] - {msg=, data=[AlertGroup{id=1createUserId=0, groupName='AlertGroupServiceTest', description='null', createTime=null, updateTime=null}], status=SUCCESS}
[ERROR] 2022-07-28 14:36:29.010 org.apache.dolphinscheduler.api.service.impl.AlertGroupServiceImpl:[193] - Create alert group error.
org.springframework.dao.DuplicateKeyException: group name exist
	at org.apache.dolphinscheduler.api.service.impl.AlertGroupServiceImpl.createAlertgroup(AlertGroupServiceImpl.java:184)
	at org.apache.dolphinscheduler.api.service.AlertGroupServiceTest.testCreateAlertgroupDuplicate(AlertGroupServiceTest.java:160)
	at org.junit.runners.model.FrameworkMethod$1.runReflectiveCall(FrameworkMethod.java:50)
	at org.junit.internal.runners.model.ReflectiveCallable.run(ReflectiveCallable.java:12)
	at org.junit.runners.model.FrameworkMethod.invokeExplosively(FrameworkMethod.java:47)
	at org.junit.internal.runners.statements.InvokeMethod.evaluate(InvokeMethod.java:17)
	at org.mockito.internal.runners.DefaultInternalRunner$1$1.evaluate(DefaultInternalRunner.java:54)
	at org.junit.runners.ParentRunner.runLeaf(ParentRunner.java:325)
	at org.junit.runners.BlockJUnit4ClassRunner.runChild(BlockJUnit4ClassRunner.java:78)
	at org.junit.runners.BlockJUnit4ClassRunner.runChild(BlockJUnit4ClassRunner.java:57)
	at org.junit.runners.ParentRunner$3.run(ParentRunner.java:290)
	at org.junit.runners.ParentRunner$1.schedule(ParentRunner.java:71)
	at org.junit.runners.ParentRunner.runChildren(ParentRunner.java:288)
	at org.junit.runners.ParentRunner.access$000(ParentRunner.java:58)
	at org.junit.runners.ParentRunner$2.evaluate(ParentRunner.java:268)
	at org.junit.runners.ParentRunner.run(ParentRunner.java:363)
	at org.mockito.internal.runners.DefaultInternalRunner$1.run(DefaultInternalRunner.java:99)
	at org.mockito.internal.runners.DefaultInternalRunner.run(DefaultInternalRunner.java:105)
	at org.mockito.internal.runners.StrictRunner.run(StrictRunner.java:40)
	at org.mockito.junit.MockitoJUnitRunner.run(MockitoJUnitRunner.java:163)
	at org.junit.runner.JUnitCore.run(JUnitCore.java:137)
	at org.junit.runner.JUnitCore.run(JUnitCore.java:115)
	at org.junit.vintage.engine.execution.RunnerExecutor.execute(RunnerExecutor.java:43)
	at java.util.stream.ForEachOps$ForEachOp$OfRef.accept(ForEachOps.java:184)
	at java.util.stream.ReferencePipeline$3$1.accept(ReferencePipeline.java:193)
	at java.util.Iterator.forEachRemaining(Iterator.java:116)
	at java.util.Spliterators$IteratorSpliterator.forEachRemaining(Spliterators.java:1801)
	at java.util.stream.AbstractPipeline.copyInto(AbstractPipeline.java:482)
	at java.util.stream.AbstractPipeline.wrapAndCopyInto(AbstractPipeline.java:472)
	at java.util.stream.ForEachOps$ForEachOp.evaluateSequential(ForEachOps.java:151)
	at java.util.stream.ForEachOps$ForEachOp$OfRef.evaluateSequential(ForEachOps.java:174)
	at java.util.stream.AbstractPipeline.evaluate(AbstractPipeline.java:234)
	at java.util.stream.ReferencePipeline.forEach(ReferencePipeline.java:418)
	at org.junit.vintage.engine.VintageTestEngine.executeAllChildren(VintageTestEngine.java:82)
	at org.junit.vintage.engine.VintageTestEngine.execute(VintageTestEngine.java:73)
	at org.junit.platform.launcher.core.EngineExecutionOrchestrator.execute(EngineExecutionOrchestrator.java:108)
	at org.junit.platform.launcher.core.EngineExecutionOrchestrator.execute(EngineExecutionOrchestrator.java:88)
	at org.junit.platform.launcher.core.EngineExecutionOrchestrator.lambda$execute$0(EngineExecutionOrchestrator.java:54)
	at org.junit.platform.launcher.core.EngineExecutionOrchestrator.withInterceptedStreams(EngineExecutionOrchestrator.java:67)
	at org.junit.platform.launcher.core.EngineExecutionOrchestrator.execute(EngineExecutionOrchestrator.java:52)
	at org.junit.platform.launcher.core.DefaultLauncher.execute(DefaultLauncher.java:96)
	at org.junit.platform.launcher.core.DefaultLauncher.execute(DefaultLauncher.java:75)
	at com.intellij.junit5.JUnit5IdeaTestRunner.startRunnerWithArgs(JUnit5IdeaTestRunner.java:71)
	at com.intellij.rt.junit.IdeaTestRunner$Repeater$1.execute(IdeaTestRunner.java:38)
	at com.intellij.rt.execution.junit.TestsRepeater.repeat(TestsRepeater.java:11)
	at com.intellij.rt.junit.IdeaTestRunner$Repeater.startRunnerWithArgs(IdeaTestRunner.java:35)
	at com.intellij.rt.junit.JUnitStarter.prepareStreamsAndStart(JUnitStarter.java:235)
	at com.intellij.rt.junit.JUnitStarter.main(JUnitStarter.java:54)
[INFO] 2022-07-28 14:36:29.010 org.apache.dolphinscheduler.api.service.AlertGroupServiceTest:[161] - {msg=, status=ALERT_GROUP_EXIST}
[ERROR] 2022-07-28 14:36:29.012 org.apache.dolphinscheduler.api.service.impl.AlertGroupServiceImpl:[240] - Update alert group error.
org.springframework.dao.DuplicateKeyException: group name exist
	at org.apache.dolphinscheduler.api.service.impl.AlertGroupServiceImpl.updateAlertgroup(AlertGroupServiceImpl.java:237)
	at org.apache.dolphinscheduler.api.service.AlertGroupServiceTest.testUpdateAlertgroupDuplicate(AlertGroupServiceTest.java:199)
	at org.junit.runners.model.FrameworkMethod$1.runReflectiveCall(FrameworkMethod.java:50)
	at org.junit.internal.runners.model.ReflectiveCallable.run(ReflectiveCallable.java:12)
	at org.junit.runners.model.FrameworkMethod.invokeExplosively(FrameworkMethod.java:47)
	at org.junit.internal.runners.statements.InvokeMethod.evaluate(InvokeMethod.java:17)
	at org.mockito.internal.runners.DefaultInternalRunner$1$1.evaluate(DefaultInternalRunner.java:54)
	at org.junit.runners.ParentRunner.runLeaf(ParentRunner.java:325)
	at org.junit.runners.BlockJUnit4ClassRunner.runChild(BlockJUnit4ClassRunner.java:78)
	at org.junit.runners.BlockJUnit4ClassRunner.runChild(BlockJUnit4ClassRunner.java:57)
	at org.junit.runners.ParentRunner$3.run(ParentRunner.java:290)
	at org.junit.runners.ParentRunner$1.schedule(ParentRunner.java:71)
	at org.junit.runners.ParentRunner.runChildren(ParentRunner.java:288)
	at org.junit.runners.ParentRunner.access$000(ParentRunner.java:58)
	at org.junit.runners.ParentRunner$2.evaluate(ParentRunner.java:268)
	at org.junit.runners.ParentRunner.run(ParentRunner.java:363)
	at org.mockito.internal.runners.DefaultInternalRunner$1.run(DefaultInternalRunner.java:99)
	at org.mockito.internal.runners.DefaultInternalRunner.run(DefaultInternalRunner.java:105)
	at org.mockito.internal.runners.StrictRunner.run(StrictRunner.java:40)
	at org.mockito.junit.MockitoJUnitRunner.run(MockitoJUnitRunner.java:163)
	at org.junit.runner.JUnitCore.run(JUnitCore.java:137)
	at org.junit.runner.JUnitCore.run(JUnitCore.java:115)
	at org.junit.vintage.engine.execution.RunnerExecutor.execute(RunnerExecutor.java:43)
	at java.util.stream.ForEachOps$ForEachOp$OfRef.accept(ForEachOps.java:184)
	at java.util.stream.ReferencePipeline$3$1.accept(ReferencePipeline.java:193)
	at java.util.Iterator.forEachRemaining(Iterator.java:116)
	at java.util.Spliterators$IteratorSpliterator.forEachRemaining(Spliterators.java:1801)
	at java.util.stream.AbstractPipeline.copyInto(AbstractPipeline.java:482)
	at java.util.stream.AbstractPipeline.wrapAndCopyInto(AbstractPipeline.java:472)
	at java.util.stream.ForEachOps$ForEachOp.evaluateSequential(ForEachOps.java:151)
	at java.util.stream.ForEachOps$ForEachOp$OfRef.evaluateSequential(ForEachOps.java:174)
	at java.util.stream.AbstractPipeline.evaluate(AbstractPipeline.java:234)
	at java.util.stream.ReferencePipeline.forEach(ReferencePipeline.java:418)
	at org.junit.vintage.engine.VintageTestEngine.executeAllChildren(VintageTestEngine.java:82)
	at org.junit.vintage.engine.VintageTestEngine.execute(VintageTestEngine.java:73)
	at org.junit.platform.launcher.core.EngineExecutionOrchestrator.execute(EngineExecutionOrchestrator.java:108)
	at org.junit.platform.launcher.core.EngineExecutionOrchestrator.execute(EngineExecutionOrchestrator.java:88)
	at org.junit.platform.launcher.core.EngineExecutionOrchestrator.lambda$execute$0(EngineExecutionOrchestrator.java:54)
	at org.junit.platform.launcher.core.EngineExecutionOrchestrator.withInterceptedStreams(EngineExecutionOrchestrator.java:67)
	at org.junit.platform.launcher.core.EngineExecutionOrchestrator.execute(EngineExecutionOrchestrator.java:52)
	at org.junit.platform.launcher.core.DefaultLauncher.execute(DefaultLauncher.java:96)
	at org.junit.platform.launcher.core.DefaultLauncher.execute(DefaultLauncher.java:75)
	at com.intellij.junit5.JUnit5IdeaTestRunner.startRunnerWithArgs(JUnit5IdeaTestRunner.java:71)
	at com.intellij.rt.junit.IdeaTestRunner$Repeater$1.execute(IdeaTestRunner.java:38)
	at com.intellij.rt.execution.junit.TestsRepeater.repeat(TestsRepeater.java:11)
	at com.intellij.rt.junit.IdeaTestRunner$Repeater.startRunnerWithArgs(IdeaTestRunner.java:35)
	at com.intellij.rt.junit.JUnitStarter.prepareStreamsAndStart(JUnitStarter.java:235)
	at com.intellij.rt.junit.JUnitStarter.main(JUnitStarter.java:54)
[INFO] 2022-07-28 14:36:29.014 org.apache.dolphinscheduler.api.service.AlertGroupServiceTest:[118] - Status{code='0', msg='', data=org.apache.dolphinscheduler.api.utils.PageInfo@16c2eaa3}
[INFO] 2022-07-28 14:36:29.015 org.apache.dolphinscheduler.api.service.AlertGroupServiceTest:[124] - Status{code='0', msg='', data=org.apache.dolphinscheduler.api.utils.PageInfo@58d4ee83}
[INFO] 2022-07-28 14:36:29.016 org.apache.dolphinscheduler.api.service.AlertGroupServiceTest:[172] - {msg=, status=USER_NO_OPERATION_PERM}
[INFO] 2022-07-28 14:36:29.016 org.apache.dolphinscheduler.api.service.AlertGroupServiceTest:[180] - {msg=, status=ALERT_GROUP_NOT_EXIST}
[INFO] 2022-07-28 14:36:29.017 org.apache.dolphinscheduler.api.service.AlertGroupServiceTest:[186] - {msg=, status=SUCCESS}
[INFO] 2022-07-28 14:36:32.981 org.apache.dolphinscheduler.api.service.EnvironmentServiceTest:[103] - {msg=, status=USER_NO_OPERATION_PERM}
[INFO] 2022-07-28 14:36:32.983 org.apache.dolphinscheduler.api.service.EnvironmentServiceTest:[108] - {msg=, status=ENVIRONMENT_CONFIG_IS_NULL}
[INFO] 2022-07-28 14:36:32.983 org.apache.dolphinscheduler.api.service.EnvironmentServiceTest:[112] - {msg=, status=ENVIRONMENT_NAME_IS_NULL}
[ERROR] 2022-07-28 14:36:32.985 org.apache.dolphinscheduler.common.utils.JSONUtils:[293] - json to map exception!
com.fasterxml.jackson.core.JsonParseException: Unrecognized token 'test': was expecting (JSON String, Number, Array, Object or token 'null', 'true' or 'false')
 at [Source: (String)"test"; line: 1, column: 5]
	at com.fasterxml.jackson.core.JsonParser._constructError(JsonParser.java:1840)
	at com.fasterxml.jackson.core.base.ParserMinimalBase._reportError(ParserMinimalBase.java:722)
	at com.fasterxml.jackson.core.json.ReaderBasedJsonParser._reportInvalidToken(ReaderBasedJsonParser.java:2873)
	at com.fasterxml.jackson.core.json.ReaderBasedJsonParser._reportInvalidToken(ReaderBasedJsonParser.java:2851)
	at com.fasterxml.jackson.core.json.ReaderBasedJsonParser._matchToken2(ReaderBasedJsonParser.java:2648)
	at com.fasterxml.jackson.core.json.ReaderBasedJsonParser._matchToken(ReaderBasedJsonParser.java:2626)
	at com.fasterxml.jackson.core.json.ReaderBasedJsonParser._matchTrue(ReaderBasedJsonParser.java:2584)
	at com.fasterxml.jackson.core.json.ReaderBasedJsonParser.nextToken(ReaderBasedJsonParser.java:740)
	at com.fasterxml.jackson.databind.ObjectMapper._initForReading(ObjectMapper.java:4356)
	at com.fasterxml.jackson.databind.ObjectMapper._readMapAndClose(ObjectMapper.java:4205)
	at com.fasterxml.jackson.databind.ObjectMapper.readValue(ObjectMapper.java:3214)
	at com.fasterxml.jackson.databind.ObjectMapper.readValue(ObjectMapper.java:3197)
	at org.apache.dolphinscheduler.common.utils.JSONUtils.parseObject(JSONUtils.java:291)
	at org.apache.dolphinscheduler.api.service.impl.EnvironmentServiceImpl.checkParams(EnvironmentServiceImpl.java:478)
	at org.apache.dolphinscheduler.api.service.impl.EnvironmentServiceImpl.createEnvironment(EnvironmentServiceImpl.java:103)
	at org.apache.dolphinscheduler.api.service.EnvironmentServiceTest.testCreateEnvironment(EnvironmentServiceTest.java:115)
	at sun.reflect.NativeMethodAccessorImpl.invoke0(Native Method)
	at sun.reflect.NativeMethodAccessorImpl.invoke(NativeMethodAccessorImpl.java:62)
	at sun.reflect.DelegatingMethodAccessorImpl.invoke(DelegatingMethodAccessorImpl.java:43)
	at java.lang.reflect.Method.invoke(Method.java:498)
	at org.junit.runners.model.FrameworkMethod$1.runReflectiveCall(FrameworkMethod.java:50)
	at org.junit.internal.runners.model.ReflectiveCallable.run(ReflectiveCallable.java:12)
	at org.junit.runners.model.FrameworkMethod.invokeExplosively(FrameworkMethod.java:47)
	at org.junit.internal.runners.statements.InvokeMethod.evaluate(InvokeMethod.java:17)
	at org.mockito.internal.runners.DefaultInternalRunner$1$1.evaluate(DefaultInternalRunner.java:54)
	at org.junit.runners.ParentRunner.runLeaf(ParentRunner.java:325)
	at org.junit.runners.BlockJUnit4ClassRunner.runChild(BlockJUnit4ClassRunner.java:78)
	at org.junit.runners.BlockJUnit4ClassRunner.runChild(BlockJUnit4ClassRunner.java:57)
	at org.junit.runners.ParentRunner$3.run(ParentRunner.java:290)
	at org.junit.runners.ParentRunner$1.schedule(ParentRunner.java:71)
	at org.junit.runners.ParentRunner.runChildren(ParentRunner.java:288)
	at org.junit.runners.ParentRunner.access$000(ParentRunner.java:58)
	at org.junit.runners.ParentRunner$2.evaluate(ParentRunner.java:268)
	at org.junit.runners.ParentRunner.run(ParentRunner.java:363)
	at org.mockito.internal.runners.DefaultInternalRunner$1.run(DefaultInternalRunner.java:99)
	at org.mockito.internal.runners.DefaultInternalRunner.run(DefaultInternalRunner.java:105)
	at org.mockito.internal.runners.StrictRunner.run(StrictRunner.java:40)
	at org.mockito.junit.MockitoJUnitRunner.run(MockitoJUnitRunner.java:163)
	at org.junit.runner.JUnitCore.run(JUnitCore.java:137)
	at org.junit.runner.JUnitCore.run(JUnitCore.java:115)
	at org.junit.vintage.engine.execution.RunnerExecutor.execute(RunnerExecutor.java:43)
	at java.util.stream.ForEachOps$ForEachOp$OfRef.accept(ForEachOps.java:184)
	at java.util.stream.ReferencePipeline$3$1.accept(ReferencePipeline.java:193)
	at java.util.Iterator.forEachRemaining(Iterator.java:116)
	at java.util.Spliterators$IteratorSpliterator.forEachRemaining(Spliterators.java:1801)
	at java.util.stream.AbstractPipeline.copyInto(AbstractPipeline.java:482)
	at java.util.stream.AbstractPipeline.wrapAndCopyInto(AbstractPipeline.java:472)
	at java.util.stream.ForEachOps$ForEachOp.evaluateSequential(ForEachOps.java:151)
	at java.util.stream.ForEachOps$ForEachOp$OfRef.evaluateSequential(ForEachOps.java:174)
	at java.util.stream.AbstractPipeline.evaluate(AbstractPipeline.java:234)
	at java.util.stream.ReferencePipeline.forEach(ReferencePipeline.java:418)
	at org.junit.vintage.engine.VintageTestEngine.executeAllChildren(VintageTestEngine.java:82)
	at org.junit.vintage.engine.VintageTestEngine.execute(VintageTestEngine.java:73)
	at org.junit.platform.launcher.core.EngineExecutionOrchestrator.execute(EngineExecutionOrchestrator.java:108)
	at org.junit.platform.launcher.core.EngineExecutionOrchestrator.execute(EngineExecutionOrchestrator.java:88)
	at org.junit.platform.launcher.core.EngineExecutionOrchestrator.lambda$execute$0(EngineExecutionOrchestrator.java:54)
	at org.junit.platform.launcher.core.EngineExecutionOrchestrator.withInterceptedStreams(EngineExecutionOrchestrator.java:67)
	at org.junit.platform.launcher.core.EngineExecutionOrchestrator.execute(EngineExecutionOrchestrator.java:52)
	at org.junit.platform.launcher.core.DefaultLauncher.execute(DefaultLauncher.java:96)
	at org.junit.platform.launcher.core.DefaultLauncher.execute(DefaultLauncher.java:75)
	at com.intellij.junit5.JUnit5IdeaTestRunner.startRunnerWithArgs(JUnit5IdeaTestRunner.java:71)
	at com.intellij.rt.junit.IdeaTestRunner$Repeater$1.execute(IdeaTestRunner.java:38)
	at com.intellij.rt.execution.junit.TestsRepeater.repeat(TestsRepeater.java:11)
	at com.intellij.rt.junit.IdeaTestRunner$Repeater.startRunnerWithArgs(IdeaTestRunner.java:35)
	at com.intellij.rt.junit.JUnitStarter.prepareStreamsAndStart(JUnitStarter.java:235)
	at com.intellij.rt.junit.JUnitStarter.main(JUnitStarter.java:54)
[INFO] 2022-07-28 14:36:32.986 org.apache.dolphinscheduler.api.service.EnvironmentServiceTest:[116] - {msg=, status=ENVIRONMENT_WORKER_GROUPS_IS_INVALID}
[INFO] 2022-07-28 14:36:32.989 org.apache.dolphinscheduler.api.service.EnvironmentServiceTest:[121] - {msg=[Env1], status=ENVIRONMENT_NAME_EXISTS}
[INFO] 2022-07-28 14:36:32.991 org.apache.dolphinscheduler.api.service.EnvironmentServiceTest:[127] - {msg=, data=6343653502688, status=SUCCESS}
[INFO] 2022-07-28 14:36:33.009 org.apache.dolphinscheduler.api.service.EnvironmentServiceTest:[182] - {msg=, data=[org.apache.dolphinscheduler.api.dto.EnvironmentDto@14a33025], status=SUCCESS}
[INFO] 2022-07-28 14:36:33.012 org.apache.dolphinscheduler.api.service.EnvironmentServiceTest:[219] - {msg=[1], status=QUERY_ENVIRONMENT_BY_CODE_ERROR}
[INFO] 2022-07-28 14:36:33.014 org.apache.dolphinscheduler.api.service.EnvironmentServiceTest:[224] - {msg=, data=org.apache.dolphinscheduler.api.dto.EnvironmentDto@6945ad46, status=SUCCESS}
[INFO] 2022-07-28 14:36:33.016 org.apache.dolphinscheduler.api.service.EnvironmentServiceTest:[206] - {msg=[Env1], status=QUERY_ENVIRONMENT_BY_NAME_ERROR}
[INFO] 2022-07-28 14:36:33.018 org.apache.dolphinscheduler.api.service.EnvironmentServiceTest:[211] - {msg=, data=org.apache.dolphinscheduler.api.dto.EnvironmentDto@77fbe656, status=SUCCESS}
[ERROR] 2022-07-28 14:36:33.020 org.apache.dolphinscheduler.common.utils.JSONUtils:[293] - json to map exception!
com.fasterxml.jackson.core.JsonParseException: Unrecognized token 'test': was expecting (JSON String, Number, Array, Object or token 'null', 'true' or 'false')
 at [Source: (String)"test"; line: 1, column: 5]
	at com.fasterxml.jackson.core.JsonParser._constructError(JsonParser.java:1840)
	at com.fasterxml.jackson.core.base.ParserMinimalBase._reportError(ParserMinimalBase.java:722)
	at com.fasterxml.jackson.core.json.ReaderBasedJsonParser._reportInvalidToken(ReaderBasedJsonParser.java:2873)
	at com.fasterxml.jackson.core.json.ReaderBasedJsonParser._reportInvalidToken(ReaderBasedJsonParser.java:2851)
	at com.fasterxml.jackson.core.json.ReaderBasedJsonParser._matchToken2(ReaderBasedJsonParser.java:2648)
	at com.fasterxml.jackson.core.json.ReaderBasedJsonParser._matchToken(ReaderBasedJsonParser.java:2626)
	at com.fasterxml.jackson.core.json.ReaderBasedJsonParser._matchTrue(ReaderBasedJsonParser.java:2584)
	at com.fasterxml.jackson.core.json.ReaderBasedJsonParser.nextToken(ReaderBasedJsonParser.java:740)
	at com.fasterxml.jackson.databind.ObjectMapper._initForReading(ObjectMapper.java:4356)
	at com.fasterxml.jackson.databind.ObjectMapper._readMapAndClose(ObjectMapper.java:4205)
	at com.fasterxml.jackson.databind.ObjectMapper.readValue(ObjectMapper.java:3214)
	at com.fasterxml.jackson.databind.ObjectMapper.readValue(ObjectMapper.java:3197)
	at org.apache.dolphinscheduler.common.utils.JSONUtils.parseObject(JSONUtils.java:291)
	at org.apache.dolphinscheduler.api.service.impl.EnvironmentServiceImpl.checkParams(EnvironmentServiceImpl.java:478)
	at org.apache.dolphinscheduler.api.service.EnvironmentServiceTest.testCheckParams(EnvironmentServiceTest.java:134)
	at sun.reflect.NativeMethodAccessorImpl.invoke0(Native Method)
	at sun.reflect.NativeMethodAccessorImpl.invoke(NativeMethodAccessorImpl.java:62)
	at sun.reflect.DelegatingMethodAccessorImpl.invoke(DelegatingMethodAccessorImpl.java:43)
	at java.lang.reflect.Method.invoke(Method.java:498)
	at org.junit.runners.model.FrameworkMethod$1.runReflectiveCall(FrameworkMethod.java:50)
	at org.junit.internal.runners.model.ReflectiveCallable.run(ReflectiveCallable.java:12)
	at org.junit.runners.model.FrameworkMethod.invokeExplosively(FrameworkMethod.java:47)
	at org.junit.internal.runners.statements.InvokeMethod.evaluate(InvokeMethod.java:17)
	at org.mockito.internal.runners.DefaultInternalRunner$1$1.evaluate(DefaultInternalRunner.java:54)
	at org.junit.runners.ParentRunner.runLeaf(ParentRunner.java:325)
	at org.junit.runners.BlockJUnit4ClassRunner.runChild(BlockJUnit4ClassRunner.java:78)
	at org.junit.runners.BlockJUnit4ClassRunner.runChild(BlockJUnit4ClassRunner.java:57)
	at org.junit.runners.ParentRunner$3.run(ParentRunner.java:290)
	at org.junit.runners.ParentRunner$1.schedule(ParentRunner.java:71)
	at org.junit.runners.ParentRunner.runChildren(ParentRunner.java:288)
	at org.junit.runners.ParentRunner.access$000(ParentRunner.java:58)
	at org.junit.runners.ParentRunner$2.evaluate(ParentRunner.java:268)
	at org.junit.runners.ParentRunner.run(ParentRunner.java:363)
	at org.mockito.internal.runners.DefaultInternalRunner$1.run(DefaultInternalRunner.java:99)
	at org.mockito.internal.runners.DefaultInternalRunner.run(DefaultInternalRunner.java:105)
	at org.mockito.internal.runners.StrictRunner.run(StrictRunner.java:40)
	at org.mockito.junit.MockitoJUnitRunner.run(MockitoJUnitRunner.java:163)
	at org.junit.runner.JUnitCore.run(JUnitCore.java:137)
	at org.junit.runner.JUnitCore.run(JUnitCore.java:115)
	at org.junit.vintage.engine.execution.RunnerExecutor.execute(RunnerExecutor.java:43)
	at java.util.stream.ForEachOps$ForEachOp$OfRef.accept(ForEachOps.java:184)
	at java.util.stream.ReferencePipeline$3$1.accept(ReferencePipeline.java:193)
	at java.util.Iterator.forEachRemaining(Iterator.java:116)
	at java.util.Spliterators$IteratorSpliterator.forEachRemaining(Spliterators.java:1801)
	at java.util.stream.AbstractPipeline.copyInto(AbstractPipeline.java:482)
	at java.util.stream.AbstractPipeline.wrapAndCopyInto(AbstractPipeline.java:472)
	at java.util.stream.ForEachOps$ForEachOp.evaluateSequential(ForEachOps.java:151)
	at java.util.stream.ForEachOps$ForEachOp$OfRef.evaluateSequential(ForEachOps.java:174)
	at java.util.stream.AbstractPipeline.evaluate(AbstractPipeline.java:234)
	at java.util.stream.ReferencePipeline.forEach(ReferencePipeline.java:418)
	at org.junit.vintage.engine.VintageTestEngine.executeAllChildren(VintageTestEngine.java:82)
	at org.junit.vintage.engine.VintageTestEngine.execute(VintageTestEngine.java:73)
	at org.junit.platform.launcher.core.EngineExecutionOrchestrator.execute(EngineExecutionOrchestrator.java:108)
	at org.junit.platform.launcher.core.EngineExecutionOrchestrator.execute(EngineExecutionOrchestrator.java:88)
	at org.junit.platform.launcher.core.EngineExecutionOrchestrator.lambda$execute$0(EngineExecutionOrchestrator.java:54)
	at org.junit.platform.launcher.core.EngineExecutionOrchestrator.withInterceptedStreams(EngineExecutionOrchestrator.java:67)
	at org.junit.platform.launcher.core.EngineExecutionOrchestrator.execute(EngineExecutionOrchestrator.java:52)
	at org.junit.platform.launcher.core.DefaultLauncher.execute(DefaultLauncher.java:96)
	at org.junit.platform.launcher.core.DefaultLauncher.execute(DefaultLauncher.java:75)
	at com.intellij.junit5.JUnit5IdeaTestRunner.startRunnerWithArgs(JUnit5IdeaTestRunner.java:71)
	at com.intellij.rt.junit.IdeaTestRunner$Repeater$1.execute(IdeaTestRunner.java:38)
	at com.intellij.rt.execution.junit.TestsRepeater.repeat(TestsRepeater.java:11)
	at com.intellij.rt.junit.IdeaTestRunner$Repeater.startRunnerWithArgs(IdeaTestRunner.java:35)
	at com.intellij.rt.junit.JUnitStarter.prepareStreamsAndStart(JUnitStarter.java:235)
	at com.intellij.rt.junit.JUnitStarter.main(JUnitStarter.java:54)
[INFO] 2022-07-28 14:36:33.023 org.apache.dolphinscheduler.api.service.EnvironmentServiceTest:[146] - {msg=, status=USER_NO_OPERATION_PERM}
[INFO] 2022-07-28 14:36:33.023 org.apache.dolphinscheduler.api.service.EnvironmentServiceTest:[151] - {msg=, status=ENVIRONMENT_CONFIG_IS_NULL}
[INFO] 2022-07-28 14:36:33.024 org.apache.dolphinscheduler.api.service.EnvironmentServiceTest:[155] - {msg=, status=ENVIRONMENT_NAME_IS_NULL}
[ERROR] 2022-07-28 14:36:33.025 org.apache.dolphinscheduler.common.utils.JSONUtils:[293] - json to map exception!
com.fasterxml.jackson.core.JsonParseException: Unrecognized token 'test': was expecting (JSON String, Number, Array, Object or token 'null', 'true' or 'false')
 at [Source: (String)"test"; line: 1, column: 5]
	at com.fasterxml.jackson.core.JsonParser._constructError(JsonParser.java:1840)
	at com.fasterxml.jackson.core.base.ParserMinimalBase._reportError(ParserMinimalBase.java:722)
	at com.fasterxml.jackson.core.json.ReaderBasedJsonParser._reportInvalidToken(ReaderBasedJsonParser.java:2873)
	at com.fasterxml.jackson.core.json.ReaderBasedJsonParser._reportInvalidToken(ReaderBasedJsonParser.java:2851)
	at com.fasterxml.jackson.core.json.ReaderBasedJsonParser._matchToken2(ReaderBasedJsonParser.java:2648)
	at com.fasterxml.jackson.core.json.ReaderBasedJsonParser._matchToken(ReaderBasedJsonParser.java:2626)
	at com.fasterxml.jackson.core.json.ReaderBasedJsonParser._matchTrue(ReaderBasedJsonParser.java:2584)
	at com.fasterxml.jackson.core.json.ReaderBasedJsonParser.nextToken(ReaderBasedJsonParser.java:740)
	at com.fasterxml.jackson.databind.ObjectMapper._initForReading(ObjectMapper.java:4356)
	at com.fasterxml.jackson.databind.ObjectMapper._readMapAndClose(ObjectMapper.java:4205)
	at com.fasterxml.jackson.databind.ObjectMapper.readValue(ObjectMapper.java:3214)
	at com.fasterxml.jackson.databind.ObjectMapper.readValue(ObjectMapper.java:3197)
	at org.apache.dolphinscheduler.common.utils.JSONUtils.parseObject(JSONUtils.java:291)
	at org.apache.dolphinscheduler.api.service.impl.EnvironmentServiceImpl.checkParams(EnvironmentServiceImpl.java:478)
	at org.apache.dolphinscheduler.api.service.impl.EnvironmentServiceImpl.updateEnvironmentByCode(EnvironmentServiceImpl.java:353)
	at org.apache.dolphinscheduler.api.service.EnvironmentServiceTest.testUpdateEnvironmentByCode(EnvironmentServiceTest.java:158)
	at sun.reflect.NativeMethodAccessorImpl.invoke0(Native Method)
	at sun.reflect.NativeMethodAccessorImpl.invoke(NativeMethodAccessorImpl.java:62)
	at sun.reflect.DelegatingMethodAccessorImpl.invoke(DelegatingMethodAccessorImpl.java:43)
	at java.lang.reflect.Method.invoke(Method.java:498)
	at org.junit.runners.model.FrameworkMethod$1.runReflectiveCall(FrameworkMethod.java:50)
	at org.junit.internal.runners.model.ReflectiveCallable.run(ReflectiveCallable.java:12)
	at org.junit.runners.model.FrameworkMethod.invokeExplosively(FrameworkMethod.java:47)
	at org.junit.internal.runners.statements.InvokeMethod.evaluate(InvokeMethod.java:17)
	at org.mockito.internal.runners.DefaultInternalRunner$1$1.evaluate(DefaultInternalRunner.java:54)
	at org.junit.runners.ParentRunner.runLeaf(ParentRunner.java:325)
	at org.junit.runners.BlockJUnit4ClassRunner.runChild(BlockJUnit4ClassRunner.java:78)
	at org.junit.runners.BlockJUnit4ClassRunner.runChild(BlockJUnit4ClassRunner.java:57)
	at org.junit.runners.ParentRunner$3.run(ParentRunner.java:290)
	at org.junit.runners.ParentRunner$1.schedule(ParentRunner.java:71)
	at org.junit.runners.ParentRunner.runChildren(ParentRunner.java:288)
	at org.junit.runners.ParentRunner.access$000(ParentRunner.java:58)
	at org.junit.runners.ParentRunner$2.evaluate(ParentRunner.java:268)
	at org.junit.runners.ParentRunner.run(ParentRunner.java:363)
	at org.mockito.internal.runners.DefaultInternalRunner$1.run(DefaultInternalRunner.java:99)
	at org.mockito.internal.runners.DefaultInternalRunner.run(DefaultInternalRunner.java:105)
	at org.mockito.internal.runners.StrictRunner.run(StrictRunner.java:40)
	at org.mockito.junit.MockitoJUnitRunner.run(MockitoJUnitRunner.java:163)
	at org.junit.runner.JUnitCore.run(JUnitCore.java:137)
	at org.junit.runner.JUnitCore.run(JUnitCore.java:115)
	at org.junit.vintage.engine.execution.RunnerExecutor.execute(RunnerExecutor.java:43)
	at java.util.stream.ForEachOps$ForEachOp$OfRef.accept(ForEachOps.java:184)
	at java.util.stream.ReferencePipeline$3$1.accept(ReferencePipeline.java:193)
	at java.util.Iterator.forEachRemaining(Iterator.java:116)
	at java.util.Spliterators$IteratorSpliterator.forEachRemaining(Spliterators.java:1801)
	at java.util.stream.AbstractPipeline.copyInto(AbstractPipeline.java:482)
	at java.util.stream.AbstractPipeline.wrapAndCopyInto(AbstractPipeline.java:472)
	at java.util.stream.ForEachOps$ForEachOp.evaluateSequential(ForEachOps.java:151)
	at java.util.stream.ForEachOps$ForEachOp$OfRef.evaluateSequential(ForEachOps.java:174)
	at java.util.stream.AbstractPipeline.evaluate(AbstractPipeline.java:234)
	at java.util.stream.ReferencePipeline.forEach(ReferencePipeline.java:418)
	at org.junit.vintage.engine.VintageTestEngine.executeAllChildren(VintageTestEngine.java:82)
	at org.junit.vintage.engine.VintageTestEngine.execute(VintageTestEngine.java:73)
	at org.junit.platform.launcher.core.EngineExecutionOrchestrator.execute(EngineExecutionOrchestrator.java:108)
	at org.junit.platform.launcher.core.EngineExecutionOrchestrator.execute(EngineExecutionOrchestrator.java:88)
	at org.junit.platform.launcher.core.EngineExecutionOrchestrator.lambda$execute$0(EngineExecutionOrchestrator.java:54)
	at org.junit.platform.launcher.core.EngineExecutionOrchestrator.withInterceptedStreams(EngineExecutionOrchestrator.java:67)
	at org.junit.platform.launcher.core.EngineExecutionOrchestrator.execute(EngineExecutionOrchestrator.java:52)
	at org.junit.platform.launcher.core.DefaultLauncher.execute(DefaultLauncher.java:96)
	at org.junit.platform.launcher.core.DefaultLauncher.execute(DefaultLauncher.java:75)
	at com.intellij.junit5.JUnit5IdeaTestRunner.startRunnerWithArgs(JUnit5IdeaTestRunner.java:71)
	at com.intellij.rt.junit.IdeaTestRunner$Repeater$1.execute(IdeaTestRunner.java:38)
	at com.intellij.rt.execution.junit.TestsRepeater.repeat(TestsRepeater.java:11)
	at com.intellij.rt.junit.IdeaTestRunner$Repeater.startRunnerWithArgs(IdeaTestRunner.java:35)
	at com.intellij.rt.junit.JUnitStarter.prepareStreamsAndStart(JUnitStarter.java:235)
	at com.intellij.rt.junit.JUnitStarter.main(JUnitStarter.java:54)
[INFO] 2022-07-28 14:36:33.025 org.apache.dolphinscheduler.api.service.EnvironmentServiceTest:[159] - {msg=, status=ENVIRONMENT_WORKER_GROUPS_IS_INVALID}
[INFO] 2022-07-28 14:36:33.026 org.apache.dolphinscheduler.api.service.EnvironmentServiceTest:[164] - {msg=[Env1], status=ENVIRONMENT_NAME_EXISTS}
[INFO] 2022-07-28 14:36:33.063 org.apache.dolphinscheduler.api.service.EnvironmentServiceTest:[169] - {msg=, status=SUCCESS}
[INFO] 2022-07-28 14:36:33.068 org.apache.dolphinscheduler.api.service.EnvironmentServiceTest:[197] - Status{code='0', msg='', data=org.apache.dolphinscheduler.api.utils.PageInfo@22173fe8}
[INFO] 2022-07-28 14:36:33.070 org.apache.dolphinscheduler.api.service.EnvironmentServiceTest:[236] - {msg=, status=USER_NO_OPERATION_PERM}
[INFO] 2022-07-28 14:36:33.073 org.apache.dolphinscheduler.api.service.EnvironmentServiceTest:[242] - {msg=, status=DELETE_ENVIRONMENT_RELATED_TASK_EXISTS}
[INFO] 2022-07-28 14:36:33.076 org.apache.dolphinscheduler.api.service.EnvironmentServiceTest:[248] - {msg=, status=SUCCESS}
[INFO] 2022-07-28 14:36:33.078 org.apache.dolphinscheduler.api.service.EnvironmentServiceTest:[255] - {msg=, status=ENVIRONMENT_NAME_IS_NULL}
[INFO] 2022-07-28 14:36:33.079 org.apache.dolphinscheduler.api.service.EnvironmentServiceTest:[260] - {msg=[Env1], status=ENVIRONMENT_NAME_EXISTS}
[INFO] 2022-07-28 14:36:37.247 org.apache.dolphinscheduler.api.service.impl.TaskGroupServiceImpl:[166] - update result:0
[INFO] 2022-07-28 14:36:37.248 org.apache.dolphinscheduler.api.service.TaskGroupServiceTest:[185] - {msg=, status=SUCCESS}
[INFO] 2022-07-28 14:43:23.607 org.hibernate.validator.internal.util.Version:[21] - HV000001: Hibernate Validator 6.2.2.Final
[INFO] 2022-07-28 14:43:23.683 org.apache.dolphinscheduler.api.service.WorkerGroupServiceTest:[55] - Starting WorkerGroupServiceTest using Java 1.8.0_221 on WangjipengdeMacBook-Pro.local with PID 81908 (started by WANGJP in /Users/WANGJP/Downloads/whaleops/dolphinscheduler/dolphinscheduler-api)
[INFO] 2022-07-28 14:43:23.685 org.apache.dolphinscheduler.api.service.WorkerGroupServiceTest:[663] - The following profiles are active: h2
[INFO] 2022-07-28 14:43:28.557 ru.yandex.clickhouse.ClickHouseDriver:[42] - Driver registered
[INFO] 2022-07-28 14:43:29.238 com.zaxxer.hikari.HikariDataSource:[110] - HikariPool-1 - Starting...
[INFO] 2022-07-28 14:43:29.772 com.zaxxer.hikari.HikariDataSource:[123] - HikariPool-1 - Start completed.
[WARN] 2022-07-28 14:43:36.570 org.springframework.web.context.support.GenericWebApplicationContext:[591] - Exception encountered during context initialization - cancelling refresh attempt: org.springframework.beans.factory.UnsatisfiedDependencyException: Error creating bean with name 'processDefinitionController': Unsatisfied dependency expressed through field 'processDefinitionService'; nested exception is org.springframework.beans.factory.UnsatisfiedDependencyException: Error creating bean with name 'processDefinitionServiceImpl': Unsatisfied dependency expressed through field 'schedulerService'; nested exception is org.springframework.beans.factory.UnsatisfiedDependencyException: Error creating bean with name 'schedulerServiceImpl': Unsatisfied dependency expressed through field 'schedulerApi'; nested exception is org.springframework.beans.factory.NoSuchBeanDefinitionException: No qualifying bean of type 'org.apache.dolphinscheduler.scheduler.api.SchedulerApi' available: expected at least 1 bean which qualifies as autowire candidate. Dependency annotations: {@org.springframework.beans.factory.annotation.Autowired(required=true)}
[INFO] 2022-07-28 14:43:36.572 org.apache.dolphinscheduler.remote.NettyRemotingClient:[390] - netty client closed
[INFO] 2022-07-28 14:43:36.573 org.apache.dolphinscheduler.service.log.LogClientService:[74] - logger client closed
[INFO] 2022-07-28 14:43:36.577 com.zaxxer.hikari.HikariDataSource:[350] - HikariPool-1 - Shutdown initiated...
[INFO] 2022-07-28 14:43:36.583 com.zaxxer.hikari.HikariDataSource:[352] - HikariPool-1 - Shutdown completed.
[INFO] 2022-07-28 14:43:36.605 org.springframework.boot.autoconfigure.logging.ConditionEvaluationReportLoggingListener:[136] - 

Error starting ApplicationContext. To display the conditions report re-run your application with 'debug' enabled.
[ERROR] 2022-07-28 14:43:36.667 org.springframework.boot.diagnostics.LoggingFailureAnalysisReporter:[40] - 

***************************
APPLICATION FAILED TO START
***************************

Description:

Field schedulerApi in org.apache.dolphinscheduler.api.service.impl.SchedulerServiceImpl required a bean of type 'org.apache.dolphinscheduler.scheduler.api.SchedulerApi' that could not be found.

The injection point has the following annotations:
	- @org.springframework.beans.factory.annotation.Autowired(required=true)


Action:

Consider defining a bean of type 'org.apache.dolphinscheduler.scheduler.api.SchedulerApi' in your configuration.

[ERROR] 2022-07-28 14:43:36.669 org.springframework.test.context.TestContextManager:[252] - Caught exception while allowing TestExecutionListener [org.springframework.test.context.web.ServletTestExecutionListener@6d304f9d] to prepare test instance [org.apache.dolphinscheduler.api.service.WorkerGroupServiceTest@510ee215]
java.lang.IllegalStateException: Failed to load ApplicationContext
	at org.springframework.test.context.cache.DefaultCacheAwareContextLoaderDelegate.loadContext(DefaultCacheAwareContextLoaderDelegate.java:132)
	at org.springframework.test.context.support.DefaultTestContext.getApplicationContext(DefaultTestContext.java:124)
	at org.springframework.test.context.web.ServletTestExecutionListener.setUpRequestContextIfNecessary(ServletTestExecutionListener.java:190)
	at org.springframework.test.context.web.ServletTestExecutionListener.prepareTestInstance(ServletTestExecutionListener.java:132)
	at org.springframework.test.context.TestContextManager.prepareTestInstance(TestContextManager.java:248)
	at org.springframework.test.context.junit4.SpringJUnit4ClassRunner.createTest(SpringJUnit4ClassRunner.java:227)
	at org.springframework.test.context.junit4.SpringJUnit4ClassRunner$1.runReflectiveCall(SpringJUnit4ClassRunner.java:289)
	at org.junit.internal.runners.model.ReflectiveCallable.run(ReflectiveCallable.java:12)
	at org.springframework.test.context.junit4.SpringJUnit4ClassRunner.methodBlock(SpringJUnit4ClassRunner.java:291)
	at org.springframework.test.context.junit4.SpringJUnit4ClassRunner.runChild(SpringJUnit4ClassRunner.java:246)
	at org.springframework.test.context.junit4.SpringJUnit4ClassRunner.runChild(SpringJUnit4ClassRunner.java:97)
	at org.junit.runners.ParentRunner$3.run(ParentRunner.java:290)
	at org.junit.runners.ParentRunner$1.schedule(ParentRunner.java:71)
	at org.junit.runners.ParentRunner.runChildren(ParentRunner.java:288)
	at org.junit.runners.ParentRunner.access$000(ParentRunner.java:58)
	at org.junit.runners.ParentRunner$2.evaluate(ParentRunner.java:268)
	at org.springframework.test.context.junit4.statements.RunBeforeTestClassCallbacks.evaluate(RunBeforeTestClassCallbacks.java:61)
	at org.springframework.test.context.junit4.statements.RunAfterTestClassCallbacks.evaluate(RunAfterTestClassCallbacks.java:70)
	at org.junit.runners.ParentRunner.run(ParentRunner.java:363)
	at org.springframework.test.context.junit4.SpringJUnit4ClassRunner.run(SpringJUnit4ClassRunner.java:190)
	at org.junit.runner.JUnitCore.run(JUnitCore.java:137)
	at org.junit.runner.JUnitCore.run(JUnitCore.java:115)
	at org.junit.vintage.engine.execution.RunnerExecutor.execute(RunnerExecutor.java:43)
	at java.util.stream.ForEachOps$ForEachOp$OfRef.accept(ForEachOps.java:184)
	at java.util.stream.ReferencePipeline$3$1.accept(ReferencePipeline.java:193)
	at java.util.Iterator.forEachRemaining(Iterator.java:116)
	at java.util.Spliterators$IteratorSpliterator.forEachRemaining(Spliterators.java:1801)
	at java.util.stream.AbstractPipeline.copyInto(AbstractPipeline.java:482)
	at java.util.stream.AbstractPipeline.wrapAndCopyInto(AbstractPipeline.java:472)
	at java.util.stream.ForEachOps$ForEachOp.evaluateSequential(ForEachOps.java:151)
	at java.util.stream.ForEachOps$ForEachOp$OfRef.evaluateSequential(ForEachOps.java:174)
	at java.util.stream.AbstractPipeline.evaluate(AbstractPipeline.java:234)
	at java.util.stream.ReferencePipeline.forEach(ReferencePipeline.java:418)
	at org.junit.vintage.engine.VintageTestEngine.executeAllChildren(VintageTestEngine.java:82)
	at org.junit.vintage.engine.VintageTestEngine.execute(VintageTestEngine.java:73)
	at org.junit.platform.launcher.core.EngineExecutionOrchestrator.execute(EngineExecutionOrchestrator.java:108)
	at org.junit.platform.launcher.core.EngineExecutionOrchestrator.execute(EngineExecutionOrchestrator.java:88)
	at org.junit.platform.launcher.core.EngineExecutionOrchestrator.lambda$execute$0(EngineExecutionOrchestrator.java:54)
	at org.junit.platform.launcher.core.EngineExecutionOrchestrator.withInterceptedStreams(EngineExecutionOrchestrator.java:67)
	at org.junit.platform.launcher.core.EngineExecutionOrchestrator.execute(EngineExecutionOrchestrator.java:52)
	at org.junit.platform.launcher.core.DefaultLauncher.execute(DefaultLauncher.java:96)
	at org.junit.platform.launcher.core.DefaultLauncher.execute(DefaultLauncher.java:75)
	at com.intellij.junit5.JUnit5IdeaTestRunner.startRunnerWithArgs(JUnit5IdeaTestRunner.java:71)
	at com.intellij.rt.junit.IdeaTestRunner$Repeater$1.execute(IdeaTestRunner.java:38)
	at com.intellij.rt.execution.junit.TestsRepeater.repeat(TestsRepeater.java:11)
	at com.intellij.rt.junit.IdeaTestRunner$Repeater.startRunnerWithArgs(IdeaTestRunner.java:35)
	at com.intellij.rt.junit.JUnitStarter.prepareStreamsAndStart(JUnitStarter.java:235)
	at com.intellij.rt.junit.JUnitStarter.main(JUnitStarter.java:54)
Caused by: org.springframework.beans.factory.UnsatisfiedDependencyException: Error creating bean with name 'processDefinitionController': Unsatisfied dependency expressed through field 'processDefinitionService'; nested exception is org.springframework.beans.factory.UnsatisfiedDependencyException: Error creating bean with name 'processDefinitionServiceImpl': Unsatisfied dependency expressed through field 'schedulerService'; nested exception is org.springframework.beans.factory.UnsatisfiedDependencyException: Error creating bean with name 'schedulerServiceImpl': Unsatisfied dependency expressed through field 'schedulerApi'; nested exception is org.springframework.beans.factory.NoSuchBeanDefinitionException: No qualifying bean of type 'org.apache.dolphinscheduler.scheduler.api.SchedulerApi' available: expected at least 1 bean which qualifies as autowire candidate. Dependency annotations: {@org.springframework.beans.factory.annotation.Autowired(required=true)}
	at org.springframework.beans.factory.annotation.AutowiredAnnotationBeanPostProcessor$AutowiredFieldElement.resolveFieldValue(AutowiredAnnotationBeanPostProcessor.java:659)
	at org.springframework.beans.factory.annotation.AutowiredAnnotationBeanPostProcessor$AutowiredFieldElement.inject(AutowiredAnnotationBeanPostProcessor.java:639)
	at org.springframework.beans.factory.annotation.InjectionMetadata.inject(InjectionMetadata.java:119)
	at org.springframework.beans.factory.annotation.AutowiredAnnotationBeanPostProcessor.postProcessProperties(AutowiredAnnotationBeanPostProcessor.java:399)
	at org.springframework.beans.factory.support.AbstractAutowireCapableBeanFactory.populateBean(AbstractAutowireCapableBeanFactory.java:1431)
	at org.springframework.beans.factory.support.AbstractAutowireCapableBeanFactory.doCreateBean(AbstractAutowireCapableBeanFactory.java:619)
	at org.springframework.beans.factory.support.AbstractAutowireCapableBeanFactory.createBean(AbstractAutowireCapableBeanFactory.java:542)
	at org.springframework.beans.factory.support.AbstractBeanFactory.lambda$doGetBean$0(AbstractBeanFactory.java:335)
	at org.springframework.beans.factory.support.DefaultSingletonBeanRegistry.getSingleton(DefaultSingletonBeanRegistry.java:234)
	at org.springframework.beans.factory.support.AbstractBeanFactory.doGetBean(AbstractBeanFactory.java:333)
	at org.springframework.beans.factory.support.AbstractBeanFactory.getBean(AbstractBeanFactory.java:208)
	at org.springframework.beans.factory.support.DefaultListableBeanFactory.preInstantiateSingletons(DefaultListableBeanFactory.java:944)
	at org.springframework.context.support.AbstractApplicationContext.finishBeanFactoryInitialization(AbstractApplicationContext.java:918)
	at org.springframework.context.support.AbstractApplicationContext.refresh(AbstractApplicationContext.java:583)
	at org.springframework.boot.SpringApplication.refresh(SpringApplication.java:754)
	at org.springframework.boot.SpringApplication.refreshContext(SpringApplication.java:434)
	at org.springframework.boot.SpringApplication.run(SpringApplication.java:338)
	at org.springframework.boot.test.context.SpringBootContextLoader.loadContext(SpringBootContextLoader.java:123)
	at org.springframework.test.context.cache.DefaultCacheAwareContextLoaderDelegate.loadContextInternal(DefaultCacheAwareContextLoaderDelegate.java:99)
	at org.springframework.test.context.cache.DefaultCacheAwareContextLoaderDelegate.loadContext(DefaultCacheAwareContextLoaderDelegate.java:124)
	... 47 common frames omitted
Caused by: org.springframework.beans.factory.UnsatisfiedDependencyException: Error creating bean with name 'processDefinitionServiceImpl': Unsatisfied dependency expressed through field 'schedulerService'; nested exception is org.springframework.beans.factory.UnsatisfiedDependencyException: Error creating bean with name 'schedulerServiceImpl': Unsatisfied dependency expressed through field 'schedulerApi'; nested exception is org.springframework.beans.factory.NoSuchBeanDefinitionException: No qualifying bean of type 'org.apache.dolphinscheduler.scheduler.api.SchedulerApi' available: expected at least 1 bean which qualifies as autowire candidate. Dependency annotations: {@org.springframework.beans.factory.annotation.Autowired(required=true)}
	at org.springframework.beans.factory.annotation.AutowiredAnnotationBeanPostProcessor$AutowiredFieldElement.resolveFieldValue(AutowiredAnnotationBeanPostProcessor.java:659)
	at org.springframework.beans.factory.annotation.AutowiredAnnotationBeanPostProcessor$AutowiredFieldElement.inject(AutowiredAnnotationBeanPostProcessor.java:639)
	at org.springframework.beans.factory.annotation.InjectionMetadata.inject(InjectionMetadata.java:119)
	at org.springframework.beans.factory.annotation.AutowiredAnnotationBeanPostProcessor.postProcessProperties(AutowiredAnnotationBeanPostProcessor.java:399)
	at org.springframework.beans.factory.support.AbstractAutowireCapableBeanFactory.populateBean(AbstractAutowireCapableBeanFactory.java:1431)
	at org.springframework.beans.factory.support.AbstractAutowireCapableBeanFactory.doCreateBean(AbstractAutowireCapableBeanFactory.java:619)
	at org.springframework.beans.factory.support.AbstractAutowireCapableBeanFactory.createBean(AbstractAutowireCapableBeanFactory.java:542)
	at org.springframework.beans.factory.support.AbstractBeanFactory.lambda$doGetBean$0(AbstractBeanFactory.java:335)
	at org.springframework.beans.factory.support.DefaultSingletonBeanRegistry.getSingleton(DefaultSingletonBeanRegistry.java:234)
	at org.springframework.beans.factory.support.AbstractBeanFactory.doGetBean(AbstractBeanFactory.java:333)
	at org.springframework.beans.factory.support.AbstractBeanFactory.getBean(AbstractBeanFactory.java:208)
	at org.springframework.beans.factory.config.DependencyDescriptor.resolveCandidate(DependencyDescriptor.java:276)
	at org.springframework.beans.factory.support.DefaultListableBeanFactory.doResolveDependency(DefaultListableBeanFactory.java:1380)
	at org.springframework.beans.factory.support.DefaultListableBeanFactory.resolveDependency(DefaultListableBeanFactory.java:1300)
	at org.springframework.beans.factory.annotation.AutowiredAnnotationBeanPostProcessor$AutowiredFieldElement.resolveFieldValue(AutowiredAnnotationBeanPostProcessor.java:656)
	... 66 common frames omitted
Caused by: org.springframework.beans.factory.UnsatisfiedDependencyException: Error creating bean with name 'schedulerServiceImpl': Unsatisfied dependency expressed through field 'schedulerApi'; nested exception is org.springframework.beans.factory.NoSuchBeanDefinitionException: No qualifying bean of type 'org.apache.dolphinscheduler.scheduler.api.SchedulerApi' available: expected at least 1 bean which qualifies as autowire candidate. Dependency annotations: {@org.springframework.beans.factory.annotation.Autowired(required=true)}
	at org.springframework.beans.factory.annotation.AutowiredAnnotationBeanPostProcessor$AutowiredFieldElement.resolveFieldValue(AutowiredAnnotationBeanPostProcessor.java:659)
	at org.springframework.beans.factory.annotation.AutowiredAnnotationBeanPostProcessor$AutowiredFieldElement.inject(AutowiredAnnotationBeanPostProcessor.java:639)
	at org.springframework.beans.factory.annotation.InjectionMetadata.inject(InjectionMetadata.java:119)
	at org.springframework.beans.factory.annotation.AutowiredAnnotationBeanPostProcessor.postProcessProperties(AutowiredAnnotationBeanPostProcessor.java:399)
	at org.springframework.beans.factory.support.AbstractAutowireCapableBeanFactory.populateBean(AbstractAutowireCapableBeanFactory.java:1431)
	at org.springframework.beans.factory.support.AbstractAutowireCapableBeanFactory.doCreateBean(AbstractAutowireCapableBeanFactory.java:619)
	at org.springframework.beans.factory.support.AbstractAutowireCapableBeanFactory.createBean(AbstractAutowireCapableBeanFactory.java:542)
	at org.springframework.beans.factory.support.AbstractBeanFactory.lambda$doGetBean$0(AbstractBeanFactory.java:335)
	at org.springframework.beans.factory.support.DefaultSingletonBeanRegistry.getSingleton(DefaultSingletonBeanRegistry.java:234)
	at org.springframework.beans.factory.support.AbstractBeanFactory.doGetBean(AbstractBeanFactory.java:333)
	at org.springframework.beans.factory.support.AbstractBeanFactory.getBean(AbstractBeanFactory.java:208)
	at org.springframework.beans.factory.config.DependencyDescriptor.resolveCandidate(DependencyDescriptor.java:276)
	at org.springframework.beans.factory.support.DefaultListableBeanFactory.doResolveDependency(DefaultListableBeanFactory.java:1380)
	at org.springframework.beans.factory.support.DefaultListableBeanFactory.resolveDependency(DefaultListableBeanFactory.java:1300)
	at org.springframework.beans.factory.annotation.AutowiredAnnotationBeanPostProcessor$AutowiredFieldElement.resolveFieldValue(AutowiredAnnotationBeanPostProcessor.java:656)
	... 80 common frames omitted
Caused by: org.springframework.beans.factory.NoSuchBeanDefinitionException: No qualifying bean of type 'org.apache.dolphinscheduler.scheduler.api.SchedulerApi' available: expected at least 1 bean which qualifies as autowire candidate. Dependency annotations: {@org.springframework.beans.factory.annotation.Autowired(required=true)}
	at org.springframework.beans.factory.support.DefaultListableBeanFactory.raiseNoMatchingBeanFound(DefaultListableBeanFactory.java:1790)
	at org.springframework.beans.factory.support.DefaultListableBeanFactory.doResolveDependency(DefaultListableBeanFactory.java:1346)
	at org.springframework.beans.factory.support.DefaultListableBeanFactory.resolveDependency(DefaultListableBeanFactory.java:1300)
	at org.springframework.beans.factory.annotation.AutowiredAnnotationBeanPostProcessor$AutowiredFieldElement.resolveFieldValue(AutowiredAnnotationBeanPostProcessor.java:656)
	... 94 common frames omitted
[INFO] 2022-07-28 14:43:36.790 org.apache.dolphinscheduler.api.service.WorkerGroupServiceTest:[55] - Starting WorkerGroupServiceTest using Java 1.8.0_221 on WangjipengdeMacBook-Pro.local with PID 81908 (started by WANGJP in /Users/WANGJP/Downloads/whaleops/dolphinscheduler/dolphinscheduler-api)
[INFO] 2022-07-28 14:43:36.790 org.apache.dolphinscheduler.api.service.WorkerGroupServiceTest:[663] - The following profiles are active: h2
[INFO] 2022-07-28 14:43:38.601 com.zaxxer.hikari.HikariDataSource:[110] - HikariPool-2 - Starting...
[INFO] 2022-07-28 14:43:38.667 com.zaxxer.hikari.HikariDataSource:[123] - HikariPool-2 - Start completed.
[WARN] 2022-07-28 14:43:43.376 org.springframework.web.context.support.GenericWebApplicationContext:[591] - Exception encountered during context initialization - cancelling refresh attempt: org.springframework.beans.factory.UnsatisfiedDependencyException: Error creating bean with name 'processDefinitionController': Unsatisfied dependency expressed through field 'processDefinitionService'; nested exception is org.springframework.beans.factory.UnsatisfiedDependencyException: Error creating bean with name 'processDefinitionServiceImpl': Unsatisfied dependency expressed through field 'schedulerService'; nested exception is org.springframework.beans.factory.UnsatisfiedDependencyException: Error creating bean with name 'schedulerServiceImpl': Unsatisfied dependency expressed through field 'schedulerApi'; nested exception is org.springframework.beans.factory.NoSuchBeanDefinitionException: No qualifying bean of type 'org.apache.dolphinscheduler.scheduler.api.SchedulerApi' available: expected at least 1 bean which qualifies as autowire candidate. Dependency annotations: {@org.springframework.beans.factory.annotation.Autowired(required=true)}
[INFO] 2022-07-28 14:43:43.377 org.apache.dolphinscheduler.remote.NettyRemotingClient:[390] - netty client closed
[INFO] 2022-07-28 14:43:43.378 org.apache.dolphinscheduler.service.log.LogClientService:[74] - logger client closed
[INFO] 2022-07-28 14:43:43.380 com.zaxxer.hikari.HikariDataSource:[350] - HikariPool-2 - Shutdown initiated...
[INFO] 2022-07-28 14:43:43.383 com.zaxxer.hikari.HikariDataSource:[352] - HikariPool-2 - Shutdown completed.
[INFO] 2022-07-28 14:43:43.393 org.springframework.boot.autoconfigure.logging.ConditionEvaluationReportLoggingListener:[136] - 

Error starting ApplicationContext. To display the conditions report re-run your application with 'debug' enabled.
[ERROR] 2022-07-28 14:43:43.404 org.springframework.boot.diagnostics.LoggingFailureAnalysisReporter:[40] - 

***************************
APPLICATION FAILED TO START
***************************

Description:

Field schedulerApi in org.apache.dolphinscheduler.api.service.impl.SchedulerServiceImpl required a bean of type 'org.apache.dolphinscheduler.scheduler.api.SchedulerApi' that could not be found.

The injection point has the following annotations:
	- @org.springframework.beans.factory.annotation.Autowired(required=true)


Action:

Consider defining a bean of type 'org.apache.dolphinscheduler.scheduler.api.SchedulerApi' in your configuration.

[ERROR] 2022-07-28 14:43:43.406 org.springframework.test.context.TestContextManager:[252] - Caught exception while allowing TestExecutionListener [org.springframework.test.context.web.ServletTestExecutionListener@6d304f9d] to prepare test instance [org.apache.dolphinscheduler.api.service.WorkerGroupServiceTest@6b54dbd8]
java.lang.IllegalStateException: Failed to load ApplicationContext
	at org.springframework.test.context.cache.DefaultCacheAwareContextLoaderDelegate.loadContext(DefaultCacheAwareContextLoaderDelegate.java:132)
	at org.springframework.test.context.support.DefaultTestContext.getApplicationContext(DefaultTestContext.java:124)
	at org.springframework.test.context.web.ServletTestExecutionListener.setUpRequestContextIfNecessary(ServletTestExecutionListener.java:190)
	at org.springframework.test.context.web.ServletTestExecutionListener.prepareTestInstance(ServletTestExecutionListener.java:132)
	at org.springframework.test.context.TestContextManager.prepareTestInstance(TestContextManager.java:248)
	at org.springframework.test.context.junit4.SpringJUnit4ClassRunner.createTest(SpringJUnit4ClassRunner.java:227)
	at org.springframework.test.context.junit4.SpringJUnit4ClassRunner$1.runReflectiveCall(SpringJUnit4ClassRunner.java:289)
	at org.junit.internal.runners.model.ReflectiveCallable.run(ReflectiveCallable.java:12)
	at org.springframework.test.context.junit4.SpringJUnit4ClassRunner.methodBlock(SpringJUnit4ClassRunner.java:291)
	at org.springframework.test.context.junit4.SpringJUnit4ClassRunner.runChild(SpringJUnit4ClassRunner.java:246)
	at org.springframework.test.context.junit4.SpringJUnit4ClassRunner.runChild(SpringJUnit4ClassRunner.java:97)
	at org.junit.runners.ParentRunner$3.run(ParentRunner.java:290)
	at org.junit.runners.ParentRunner$1.schedule(ParentRunner.java:71)
	at org.junit.runners.ParentRunner.runChildren(ParentRunner.java:288)
	at org.junit.runners.ParentRunner.access$000(ParentRunner.java:58)
	at org.junit.runners.ParentRunner$2.evaluate(ParentRunner.java:268)
	at org.springframework.test.context.junit4.statements.RunBeforeTestClassCallbacks.evaluate(RunBeforeTestClassCallbacks.java:61)
	at org.springframework.test.context.junit4.statements.RunAfterTestClassCallbacks.evaluate(RunAfterTestClassCallbacks.java:70)
	at org.junit.runners.ParentRunner.run(ParentRunner.java:363)
	at org.springframework.test.context.junit4.SpringJUnit4ClassRunner.run(SpringJUnit4ClassRunner.java:190)
	at org.junit.runner.JUnitCore.run(JUnitCore.java:137)
	at org.junit.runner.JUnitCore.run(JUnitCore.java:115)
	at org.junit.vintage.engine.execution.RunnerExecutor.execute(RunnerExecutor.java:43)
	at java.util.stream.ForEachOps$ForEachOp$OfRef.accept(ForEachOps.java:184)
	at java.util.stream.ReferencePipeline$3$1.accept(ReferencePipeline.java:193)
	at java.util.Iterator.forEachRemaining(Iterator.java:116)
	at java.util.Spliterators$IteratorSpliterator.forEachRemaining(Spliterators.java:1801)
	at java.util.stream.AbstractPipeline.copyInto(AbstractPipeline.java:482)
	at java.util.stream.AbstractPipeline.wrapAndCopyInto(AbstractPipeline.java:472)
	at java.util.stream.ForEachOps$ForEachOp.evaluateSequential(ForEachOps.java:151)
	at java.util.stream.ForEachOps$ForEachOp$OfRef.evaluateSequential(ForEachOps.java:174)
	at java.util.stream.AbstractPipeline.evaluate(AbstractPipeline.java:234)
	at java.util.stream.ReferencePipeline.forEach(ReferencePipeline.java:418)
	at org.junit.vintage.engine.VintageTestEngine.executeAllChildren(VintageTestEngine.java:82)
	at org.junit.vintage.engine.VintageTestEngine.execute(VintageTestEngine.java:73)
	at org.junit.platform.launcher.core.EngineExecutionOrchestrator.execute(EngineExecutionOrchestrator.java:108)
	at org.junit.platform.launcher.core.EngineExecutionOrchestrator.execute(EngineExecutionOrchestrator.java:88)
	at org.junit.platform.launcher.core.EngineExecutionOrchestrator.lambda$execute$0(EngineExecutionOrchestrator.java:54)
	at org.junit.platform.launcher.core.EngineExecutionOrchestrator.withInterceptedStreams(EngineExecutionOrchestrator.java:67)
	at org.junit.platform.launcher.core.EngineExecutionOrchestrator.execute(EngineExecutionOrchestrator.java:52)
	at org.junit.platform.launcher.core.DefaultLauncher.execute(DefaultLauncher.java:96)
	at org.junit.platform.launcher.core.DefaultLauncher.execute(DefaultLauncher.java:75)
	at com.intellij.junit5.JUnit5IdeaTestRunner.startRunnerWithArgs(JUnit5IdeaTestRunner.java:71)
	at com.intellij.rt.junit.IdeaTestRunner$Repeater$1.execute(IdeaTestRunner.java:38)
	at com.intellij.rt.execution.junit.TestsRepeater.repeat(TestsRepeater.java:11)
	at com.intellij.rt.junit.IdeaTestRunner$Repeater.startRunnerWithArgs(IdeaTestRunner.java:35)
	at com.intellij.rt.junit.JUnitStarter.prepareStreamsAndStart(JUnitStarter.java:235)
	at com.intellij.rt.junit.JUnitStarter.main(JUnitStarter.java:54)
Caused by: org.springframework.beans.factory.UnsatisfiedDependencyException: Error creating bean with name 'processDefinitionController': Unsatisfied dependency expressed through field 'processDefinitionService'; nested exception is org.springframework.beans.factory.UnsatisfiedDependencyException: Error creating bean with name 'processDefinitionServiceImpl': Unsatisfied dependency expressed through field 'schedulerService'; nested exception is org.springframework.beans.factory.UnsatisfiedDependencyException: Error creating bean with name 'schedulerServiceImpl': Unsatisfied dependency expressed through field 'schedulerApi'; nested exception is org.springframework.beans.factory.NoSuchBeanDefinitionException: No qualifying bean of type 'org.apache.dolphinscheduler.scheduler.api.SchedulerApi' available: expected at least 1 bean which qualifies as autowire candidate. Dependency annotations: {@org.springframework.beans.factory.annotation.Autowired(required=true)}
	at org.springframework.beans.factory.annotation.AutowiredAnnotationBeanPostProcessor$AutowiredFieldElement.resolveFieldValue(AutowiredAnnotationBeanPostProcessor.java:659)
	at org.springframework.beans.factory.annotation.AutowiredAnnotationBeanPostProcessor$AutowiredFieldElement.inject(AutowiredAnnotationBeanPostProcessor.java:639)
	at org.springframework.beans.factory.annotation.InjectionMetadata.inject(InjectionMetadata.java:119)
	at org.springframework.beans.factory.annotation.AutowiredAnnotationBeanPostProcessor.postProcessProperties(AutowiredAnnotationBeanPostProcessor.java:399)
	at org.springframework.beans.factory.support.AbstractAutowireCapableBeanFactory.populateBean(AbstractAutowireCapableBeanFactory.java:1431)
	at org.springframework.beans.factory.support.AbstractAutowireCapableBeanFactory.doCreateBean(AbstractAutowireCapableBeanFactory.java:619)
	at org.springframework.beans.factory.support.AbstractAutowireCapableBeanFactory.createBean(AbstractAutowireCapableBeanFactory.java:542)
	at org.springframework.beans.factory.support.AbstractBeanFactory.lambda$doGetBean$0(AbstractBeanFactory.java:335)
	at org.springframework.beans.factory.support.DefaultSingletonBeanRegistry.getSingleton(DefaultSingletonBeanRegistry.java:234)
	at org.springframework.beans.factory.support.AbstractBeanFactory.doGetBean(AbstractBeanFactory.java:333)
	at org.springframework.beans.factory.support.AbstractBeanFactory.getBean(AbstractBeanFactory.java:208)
	at org.springframework.beans.factory.support.DefaultListableBeanFactory.preInstantiateSingletons(DefaultListableBeanFactory.java:944)
	at org.springframework.context.support.AbstractApplicationContext.finishBeanFactoryInitialization(AbstractApplicationContext.java:918)
	at org.springframework.context.support.AbstractApplicationContext.refresh(AbstractApplicationContext.java:583)
	at org.springframework.boot.SpringApplication.refresh(SpringApplication.java:754)
	at org.springframework.boot.SpringApplication.refreshContext(SpringApplication.java:434)
	at org.springframework.boot.SpringApplication.run(SpringApplication.java:338)
	at org.springframework.boot.test.context.SpringBootContextLoader.loadContext(SpringBootContextLoader.java:123)
	at org.springframework.test.context.cache.DefaultCacheAwareContextLoaderDelegate.loadContextInternal(DefaultCacheAwareContextLoaderDelegate.java:99)
	at org.springframework.test.context.cache.DefaultCacheAwareContextLoaderDelegate.loadContext(DefaultCacheAwareContextLoaderDelegate.java:124)
	... 47 common frames omitted
Caused by: org.springframework.beans.factory.UnsatisfiedDependencyException: Error creating bean with name 'processDefinitionServiceImpl': Unsatisfied dependency expressed through field 'schedulerService'; nested exception is org.springframework.beans.factory.UnsatisfiedDependencyException: Error creating bean with name 'schedulerServiceImpl': Unsatisfied dependency expressed through field 'schedulerApi'; nested exception is org.springframework.beans.factory.NoSuchBeanDefinitionException: No qualifying bean of type 'org.apache.dolphinscheduler.scheduler.api.SchedulerApi' available: expected at least 1 bean which qualifies as autowire candidate. Dependency annotations: {@org.springframework.beans.factory.annotation.Autowired(required=true)}
	at org.springframework.beans.factory.annotation.AutowiredAnnotationBeanPostProcessor$AutowiredFieldElement.resolveFieldValue(AutowiredAnnotationBeanPostProcessor.java:659)
	at org.springframework.beans.factory.annotation.AutowiredAnnotationBeanPostProcessor$AutowiredFieldElement.inject(AutowiredAnnotationBeanPostProcessor.java:639)
	at org.springframework.beans.factory.annotation.InjectionMetadata.inject(InjectionMetadata.java:119)
	at org.springframework.beans.factory.annotation.AutowiredAnnotationBeanPostProcessor.postProcessProperties(AutowiredAnnotationBeanPostProcessor.java:399)
	at org.springframework.beans.factory.support.AbstractAutowireCapableBeanFactory.populateBean(AbstractAutowireCapableBeanFactory.java:1431)
	at org.springframework.beans.factory.support.AbstractAutowireCapableBeanFactory.doCreateBean(AbstractAutowireCapableBeanFactory.java:619)
	at org.springframework.beans.factory.support.AbstractAutowireCapableBeanFactory.createBean(AbstractAutowireCapableBeanFactory.java:542)
	at org.springframework.beans.factory.support.AbstractBeanFactory.lambda$doGetBean$0(AbstractBeanFactory.java:335)
	at org.springframework.beans.factory.support.DefaultSingletonBeanRegistry.getSingleton(DefaultSingletonBeanRegistry.java:234)
	at org.springframework.beans.factory.support.AbstractBeanFactory.doGetBean(AbstractBeanFactory.java:333)
	at org.springframework.beans.factory.support.AbstractBeanFactory.getBean(AbstractBeanFactory.java:208)
	at org.springframework.beans.factory.config.DependencyDescriptor.resolveCandidate(DependencyDescriptor.java:276)
	at org.springframework.beans.factory.support.DefaultListableBeanFactory.doResolveDependency(DefaultListableBeanFactory.java:1380)
	at org.springframework.beans.factory.support.DefaultListableBeanFactory.resolveDependency(DefaultListableBeanFactory.java:1300)
	at org.springframework.beans.factory.annotation.AutowiredAnnotationBeanPostProcessor$AutowiredFieldElement.resolveFieldValue(AutowiredAnnotationBeanPostProcessor.java:656)
	... 66 common frames omitted
Caused by: org.springframework.beans.factory.UnsatisfiedDependencyException: Error creating bean with name 'schedulerServiceImpl': Unsatisfied dependency expressed through field 'schedulerApi'; nested exception is org.springframework.beans.factory.NoSuchBeanDefinitionException: No qualifying bean of type 'org.apache.dolphinscheduler.scheduler.api.SchedulerApi' available: expected at least 1 bean which qualifies as autowire candidate. Dependency annotations: {@org.springframework.beans.factory.annotation.Autowired(required=true)}
	at org.springframework.beans.factory.annotation.AutowiredAnnotationBeanPostProcessor$AutowiredFieldElement.resolveFieldValue(AutowiredAnnotationBeanPostProcessor.java:659)
	at org.springframework.beans.factory.annotation.AutowiredAnnotationBeanPostProcessor$AutowiredFieldElement.inject(AutowiredAnnotationBeanPostProcessor.java:639)
	at org.springframework.beans.factory.annotation.InjectionMetadata.inject(InjectionMetadata.java:119)
	at org.springframework.beans.factory.annotation.AutowiredAnnotationBeanPostProcessor.postProcessProperties(AutowiredAnnotationBeanPostProcessor.java:399)
	at org.springframework.beans.factory.support.AbstractAutowireCapableBeanFactory.populateBean(AbstractAutowireCapableBeanFactory.java:1431)
	at org.springframework.beans.factory.support.AbstractAutowireCapableBeanFactory.doCreateBean(AbstractAutowireCapableBeanFactory.java:619)
	at org.springframework.beans.factory.support.AbstractAutowireCapableBeanFactory.createBean(AbstractAutowireCapableBeanFactory.java:542)
	at org.springframework.beans.factory.support.AbstractBeanFactory.lambda$doGetBean$0(AbstractBeanFactory.java:335)
	at org.springframework.beans.factory.support.DefaultSingletonBeanRegistry.getSingleton(DefaultSingletonBeanRegistry.java:234)
	at org.springframework.beans.factory.support.AbstractBeanFactory.doGetBean(AbstractBeanFactory.java:333)
	at org.springframework.beans.factory.support.AbstractBeanFactory.getBean(AbstractBeanFactory.java:208)
	at org.springframework.beans.factory.config.DependencyDescriptor.resolveCandidate(DependencyDescriptor.java:276)
	at org.springframework.beans.factory.support.DefaultListableBeanFactory.doResolveDependency(DefaultListableBeanFactory.java:1380)
	at org.springframework.beans.factory.support.DefaultListableBeanFactory.resolveDependency(DefaultListableBeanFactory.java:1300)
	at org.springframework.beans.factory.annotation.AutowiredAnnotationBeanPostProcessor$AutowiredFieldElement.resolveFieldValue(AutowiredAnnotationBeanPostProcessor.java:656)
	... 80 common frames omitted
Caused by: org.springframework.beans.factory.NoSuchBeanDefinitionException: No qualifying bean of type 'org.apache.dolphinscheduler.scheduler.api.SchedulerApi' available: expected at least 1 bean which qualifies as autowire candidate. Dependency annotations: {@org.springframework.beans.factory.annotation.Autowired(required=true)}
	at org.springframework.beans.factory.support.DefaultListableBeanFactory.raiseNoMatchingBeanFound(DefaultListableBeanFactory.java:1790)
	at org.springframework.beans.factory.support.DefaultListableBeanFactory.doResolveDependency(DefaultListableBeanFactory.java:1346)
	at org.springframework.beans.factory.support.DefaultListableBeanFactory.resolveDependency(DefaultListableBeanFactory.java:1300)
	at org.springframework.beans.factory.annotation.AutowiredAnnotationBeanPostProcessor$AutowiredFieldElement.resolveFieldValue(AutowiredAnnotationBeanPostProcessor.java:656)
	... 94 common frames omitted
[INFO] 2022-07-28 14:43:43.501 org.apache.dolphinscheduler.api.service.WorkerGroupServiceTest:[55] - Starting WorkerGroupServiceTest using Java 1.8.0_221 on WangjipengdeMacBook-Pro.local with PID 81908 (started by WANGJP in /Users/WANGJP/Downloads/whaleops/dolphinscheduler/dolphinscheduler-api)
[INFO] 2022-07-28 14:43:43.501 org.apache.dolphinscheduler.api.service.WorkerGroupServiceTest:[663] - The following profiles are active: h2
[INFO] 2022-07-28 14:43:45.150 com.zaxxer.hikari.HikariDataSource:[110] - HikariPool-3 - Starting...
[INFO] 2022-07-28 14:43:45.193 com.zaxxer.hikari.HikariDataSource:[123] - HikariPool-3 - Start completed.
[WARN] 2022-07-28 14:43:50.869 org.springframework.web.context.support.GenericWebApplicationContext:[591] - Exception encountered during context initialization - cancelling refresh attempt: org.springframework.beans.factory.UnsatisfiedDependencyException: Error creating bean with name 'processDefinitionController': Unsatisfied dependency expressed through field 'processDefinitionService'; nested exception is org.springframework.beans.factory.UnsatisfiedDependencyException: Error creating bean with name 'processDefinitionServiceImpl': Unsatisfied dependency expressed through field 'schedulerService'; nested exception is org.springframework.beans.factory.UnsatisfiedDependencyException: Error creating bean with name 'schedulerServiceImpl': Unsatisfied dependency expressed through field 'schedulerApi'; nested exception is org.springframework.beans.factory.NoSuchBeanDefinitionException: No qualifying bean of type 'org.apache.dolphinscheduler.scheduler.api.SchedulerApi' available: expected at least 1 bean which qualifies as autowire candidate. Dependency annotations: {@org.springframework.beans.factory.annotation.Autowired(required=true)}
[INFO] 2022-07-28 14:43:50.870 org.apache.dolphinscheduler.remote.NettyRemotingClient:[390] - netty client closed
[INFO] 2022-07-28 14:43:50.871 org.apache.dolphinscheduler.service.log.LogClientService:[74] - logger client closed
[INFO] 2022-07-28 14:43:50.872 com.zaxxer.hikari.HikariDataSource:[350] - HikariPool-3 - Shutdown initiated...
[INFO] 2022-07-28 14:43:50.875 com.zaxxer.hikari.HikariDataSource:[352] - HikariPool-3 - Shutdown completed.
[INFO] 2022-07-28 14:43:50.881 org.springframework.boot.autoconfigure.logging.ConditionEvaluationReportLoggingListener:[136] - 

Error starting ApplicationContext. To display the conditions report re-run your application with 'debug' enabled.
[ERROR] 2022-07-28 14:43:50.890 org.springframework.boot.diagnostics.LoggingFailureAnalysisReporter:[40] - 

***************************
APPLICATION FAILED TO START
***************************

Description:

Field schedulerApi in org.apache.dolphinscheduler.api.service.impl.SchedulerServiceImpl required a bean of type 'org.apache.dolphinscheduler.scheduler.api.SchedulerApi' that could not be found.

The injection point has the following annotations:
	- @org.springframework.beans.factory.annotation.Autowired(required=true)


Action:

Consider defining a bean of type 'org.apache.dolphinscheduler.scheduler.api.SchedulerApi' in your configuration.

[ERROR] 2022-07-28 14:43:50.891 org.springframework.test.context.TestContextManager:[252] - Caught exception while allowing TestExecutionListener [org.springframework.test.context.web.ServletTestExecutionListener@6d304f9d] to prepare test instance [org.apache.dolphinscheduler.api.service.WorkerGroupServiceTest@386c6903]
java.lang.IllegalStateException: Failed to load ApplicationContext
	at org.springframework.test.context.cache.DefaultCacheAwareContextLoaderDelegate.loadContext(DefaultCacheAwareContextLoaderDelegate.java:132)
	at org.springframework.test.context.support.DefaultTestContext.getApplicationContext(DefaultTestContext.java:124)
	at org.springframework.test.context.web.ServletTestExecutionListener.setUpRequestContextIfNecessary(ServletTestExecutionListener.java:190)
	at org.springframework.test.context.web.ServletTestExecutionListener.prepareTestInstance(ServletTestExecutionListener.java:132)
	at org.springframework.test.context.TestContextManager.prepareTestInstance(TestContextManager.java:248)
	at org.springframework.test.context.junit4.SpringJUnit4ClassRunner.createTest(SpringJUnit4ClassRunner.java:227)
	at org.springframework.test.context.junit4.SpringJUnit4ClassRunner$1.runReflectiveCall(SpringJUnit4ClassRunner.java:289)
	at org.junit.internal.runners.model.ReflectiveCallable.run(ReflectiveCallable.java:12)
	at org.springframework.test.context.junit4.SpringJUnit4ClassRunner.methodBlock(SpringJUnit4ClassRunner.java:291)
	at org.springframework.test.context.junit4.SpringJUnit4ClassRunner.runChild(SpringJUnit4ClassRunner.java:246)
	at org.springframework.test.context.junit4.SpringJUnit4ClassRunner.runChild(SpringJUnit4ClassRunner.java:97)
	at org.junit.runners.ParentRunner$3.run(ParentRunner.java:290)
	at org.junit.runners.ParentRunner$1.schedule(ParentRunner.java:71)
	at org.junit.runners.ParentRunner.runChildren(ParentRunner.java:288)
	at org.junit.runners.ParentRunner.access$000(ParentRunner.java:58)
	at org.junit.runners.ParentRunner$2.evaluate(ParentRunner.java:268)
	at org.springframework.test.context.junit4.statements.RunBeforeTestClassCallbacks.evaluate(RunBeforeTestClassCallbacks.java:61)
	at org.springframework.test.context.junit4.statements.RunAfterTestClassCallbacks.evaluate(RunAfterTestClassCallbacks.java:70)
	at org.junit.runners.ParentRunner.run(ParentRunner.java:363)
	at org.springframework.test.context.junit4.SpringJUnit4ClassRunner.run(SpringJUnit4ClassRunner.java:190)
	at org.junit.runner.JUnitCore.run(JUnitCore.java:137)
	at org.junit.runner.JUnitCore.run(JUnitCore.java:115)
	at org.junit.vintage.engine.execution.RunnerExecutor.execute(RunnerExecutor.java:43)
	at java.util.stream.ForEachOps$ForEachOp$OfRef.accept(ForEachOps.java:184)
	at java.util.stream.ReferencePipeline$3$1.accept(ReferencePipeline.java:193)
	at java.util.Iterator.forEachRemaining(Iterator.java:116)
	at java.util.Spliterators$IteratorSpliterator.forEachRemaining(Spliterators.java:1801)
	at java.util.stream.AbstractPipeline.copyInto(AbstractPipeline.java:482)
	at java.util.stream.AbstractPipeline.wrapAndCopyInto(AbstractPipeline.java:472)
	at java.util.stream.ForEachOps$ForEachOp.evaluateSequential(ForEachOps.java:151)
	at java.util.stream.ForEachOps$ForEachOp$OfRef.evaluateSequential(ForEachOps.java:174)
	at java.util.stream.AbstractPipeline.evaluate(AbstractPipeline.java:234)
	at java.util.stream.ReferencePipeline.forEach(ReferencePipeline.java:418)
	at org.junit.vintage.engine.VintageTestEngine.executeAllChildren(VintageTestEngine.java:82)
	at org.junit.vintage.engine.VintageTestEngine.execute(VintageTestEngine.java:73)
	at org.junit.platform.launcher.core.EngineExecutionOrchestrator.execute(EngineExecutionOrchestrator.java:108)
	at org.junit.platform.launcher.core.EngineExecutionOrchestrator.execute(EngineExecutionOrchestrator.java:88)
	at org.junit.platform.launcher.core.EngineExecutionOrchestrator.lambda$execute$0(EngineExecutionOrchestrator.java:54)
	at org.junit.platform.launcher.core.EngineExecutionOrchestrator.withInterceptedStreams(EngineExecutionOrchestrator.java:67)
	at org.junit.platform.launcher.core.EngineExecutionOrchestrator.execute(EngineExecutionOrchestrator.java:52)
	at org.junit.platform.launcher.core.DefaultLauncher.execute(DefaultLauncher.java:96)
	at org.junit.platform.launcher.core.DefaultLauncher.execute(DefaultLauncher.java:75)
	at com.intellij.junit5.JUnit5IdeaTestRunner.startRunnerWithArgs(JUnit5IdeaTestRunner.java:71)
	at com.intellij.rt.junit.IdeaTestRunner$Repeater$1.execute(IdeaTestRunner.java:38)
	at com.intellij.rt.execution.junit.TestsRepeater.repeat(TestsRepeater.java:11)
	at com.intellij.rt.junit.IdeaTestRunner$Repeater.startRunnerWithArgs(IdeaTestRunner.java:35)
	at com.intellij.rt.junit.JUnitStarter.prepareStreamsAndStart(JUnitStarter.java:235)
	at com.intellij.rt.junit.JUnitStarter.main(JUnitStarter.java:54)
Caused by: org.springframework.beans.factory.UnsatisfiedDependencyException: Error creating bean with name 'processDefinitionController': Unsatisfied dependency expressed through field 'processDefinitionService'; nested exception is org.springframework.beans.factory.UnsatisfiedDependencyException: Error creating bean with name 'processDefinitionServiceImpl': Unsatisfied dependency expressed through field 'schedulerService'; nested exception is org.springframework.beans.factory.UnsatisfiedDependencyException: Error creating bean with name 'schedulerServiceImpl': Unsatisfied dependency expressed through field 'schedulerApi'; nested exception is org.springframework.beans.factory.NoSuchBeanDefinitionException: No qualifying bean of type 'org.apache.dolphinscheduler.scheduler.api.SchedulerApi' available: expected at least 1 bean which qualifies as autowire candidate. Dependency annotations: {@org.springframework.beans.factory.annotation.Autowired(required=true)}
	at org.springframework.beans.factory.annotation.AutowiredAnnotationBeanPostProcessor$AutowiredFieldElement.resolveFieldValue(AutowiredAnnotationBeanPostProcessor.java:659)
	at org.springframework.beans.factory.annotation.AutowiredAnnotationBeanPostProcessor$AutowiredFieldElement.inject(AutowiredAnnotationBeanPostProcessor.java:639)
	at org.springframework.beans.factory.annotation.InjectionMetadata.inject(InjectionMetadata.java:119)
	at org.springframework.beans.factory.annotation.AutowiredAnnotationBeanPostProcessor.postProcessProperties(AutowiredAnnotationBeanPostProcessor.java:399)
	at org.springframework.beans.factory.support.AbstractAutowireCapableBeanFactory.populateBean(AbstractAutowireCapableBeanFactory.java:1431)
	at org.springframework.beans.factory.support.AbstractAutowireCapableBeanFactory.doCreateBean(AbstractAutowireCapableBeanFactory.java:619)
	at org.springframework.beans.factory.support.AbstractAutowireCapableBeanFactory.createBean(AbstractAutowireCapableBeanFactory.java:542)
	at org.springframework.beans.factory.support.AbstractBeanFactory.lambda$doGetBean$0(AbstractBeanFactory.java:335)
	at org.springframework.beans.factory.support.DefaultSingletonBeanRegistry.getSingleton(DefaultSingletonBeanRegistry.java:234)
	at org.springframework.beans.factory.support.AbstractBeanFactory.doGetBean(AbstractBeanFactory.java:333)
	at org.springframework.beans.factory.support.AbstractBeanFactory.getBean(AbstractBeanFactory.java:208)
	at org.springframework.beans.factory.support.DefaultListableBeanFactory.preInstantiateSingletons(DefaultListableBeanFactory.java:944)
	at org.springframework.context.support.AbstractApplicationContext.finishBeanFactoryInitialization(AbstractApplicationContext.java:918)
	at org.springframework.context.support.AbstractApplicationContext.refresh(AbstractApplicationContext.java:583)
	at org.springframework.boot.SpringApplication.refresh(SpringApplication.java:754)
	at org.springframework.boot.SpringApplication.refreshContext(SpringApplication.java:434)
	at org.springframework.boot.SpringApplication.run(SpringApplication.java:338)
	at org.springframework.boot.test.context.SpringBootContextLoader.loadContext(SpringBootContextLoader.java:123)
	at org.springframework.test.context.cache.DefaultCacheAwareContextLoaderDelegate.loadContextInternal(DefaultCacheAwareContextLoaderDelegate.java:99)
	at org.springframework.test.context.cache.DefaultCacheAwareContextLoaderDelegate.loadContext(DefaultCacheAwareContextLoaderDelegate.java:124)
	... 47 common frames omitted
Caused by: org.springframework.beans.factory.UnsatisfiedDependencyException: Error creating bean with name 'processDefinitionServiceImpl': Unsatisfied dependency expressed through field 'schedulerService'; nested exception is org.springframework.beans.factory.UnsatisfiedDependencyException: Error creating bean with name 'schedulerServiceImpl': Unsatisfied dependency expressed through field 'schedulerApi'; nested exception is org.springframework.beans.factory.NoSuchBeanDefinitionException: No qualifying bean of type 'org.apache.dolphinscheduler.scheduler.api.SchedulerApi' available: expected at least 1 bean which qualifies as autowire candidate. Dependency annotations: {@org.springframework.beans.factory.annotation.Autowired(required=true)}
	at org.springframework.beans.factory.annotation.AutowiredAnnotationBeanPostProcessor$AutowiredFieldElement.resolveFieldValue(AutowiredAnnotationBeanPostProcessor.java:659)
	at org.springframework.beans.factory.annotation.AutowiredAnnotationBeanPostProcessor$AutowiredFieldElement.inject(AutowiredAnnotationBeanPostProcessor.java:639)
	at org.springframework.beans.factory.annotation.InjectionMetadata.inject(InjectionMetadata.java:119)
	at org.springframework.beans.factory.annotation.AutowiredAnnotationBeanPostProcessor.postProcessProperties(AutowiredAnnotationBeanPostProcessor.java:399)
	at org.springframework.beans.factory.support.AbstractAutowireCapableBeanFactory.populateBean(AbstractAutowireCapableBeanFactory.java:1431)
	at org.springframework.beans.factory.support.AbstractAutowireCapableBeanFactory.doCreateBean(AbstractAutowireCapableBeanFactory.java:619)
	at org.springframework.beans.factory.support.AbstractAutowireCapableBeanFactory.createBean(AbstractAutowireCapableBeanFactory.java:542)
	at org.springframework.beans.factory.support.AbstractBeanFactory.lambda$doGetBean$0(AbstractBeanFactory.java:335)
	at org.springframework.beans.factory.support.DefaultSingletonBeanRegistry.getSingleton(DefaultSingletonBeanRegistry.java:234)
	at org.springframework.beans.factory.support.AbstractBeanFactory.doGetBean(AbstractBeanFactory.java:333)
	at org.springframework.beans.factory.support.AbstractBeanFactory.getBean(AbstractBeanFactory.java:208)
	at org.springframework.beans.factory.config.DependencyDescriptor.resolveCandidate(DependencyDescriptor.java:276)
	at org.springframework.beans.factory.support.DefaultListableBeanFactory.doResolveDependency(DefaultListableBeanFactory.java:1380)
	at org.springframework.beans.factory.support.DefaultListableBeanFactory.resolveDependency(DefaultListableBeanFactory.java:1300)
	at org.springframework.beans.factory.annotation.AutowiredAnnotationBeanPostProcessor$AutowiredFieldElement.resolveFieldValue(AutowiredAnnotationBeanPostProcessor.java:656)
	... 66 common frames omitted
Caused by: org.springframework.beans.factory.UnsatisfiedDependencyException: Error creating bean with name 'schedulerServiceImpl': Unsatisfied dependency expressed through field 'schedulerApi'; nested exception is org.springframework.beans.factory.NoSuchBeanDefinitionException: No qualifying bean of type 'org.apache.dolphinscheduler.scheduler.api.SchedulerApi' available: expected at least 1 bean which qualifies as autowire candidate. Dependency annotations: {@org.springframework.beans.factory.annotation.Autowired(required=true)}
	at org.springframework.beans.factory.annotation.AutowiredAnnotationBeanPostProcessor$AutowiredFieldElement.resolveFieldValue(AutowiredAnnotationBeanPostProcessor.java:659)
	at org.springframework.beans.factory.annotation.AutowiredAnnotationBeanPostProcessor$AutowiredFieldElement.inject(AutowiredAnnotationBeanPostProcessor.java:639)
	at org.springframework.beans.factory.annotation.InjectionMetadata.inject(InjectionMetadata.java:119)
	at org.springframework.beans.factory.annotation.AutowiredAnnotationBeanPostProcessor.postProcessProperties(AutowiredAnnotationBeanPostProcessor.java:399)
	at org.springframework.beans.factory.support.AbstractAutowireCapableBeanFactory.populateBean(AbstractAutowireCapableBeanFactory.java:1431)
	at org.springframework.beans.factory.support.AbstractAutowireCapableBeanFactory.doCreateBean(AbstractAutowireCapableBeanFactory.java:619)
	at org.springframework.beans.factory.support.AbstractAutowireCapableBeanFactory.createBean(AbstractAutowireCapableBeanFactory.java:542)
	at org.springframework.beans.factory.support.AbstractBeanFactory.lambda$doGetBean$0(AbstractBeanFactory.java:335)
	at org.springframework.beans.factory.support.DefaultSingletonBeanRegistry.getSingleton(DefaultSingletonBeanRegistry.java:234)
	at org.springframework.beans.factory.support.AbstractBeanFactory.doGetBean(AbstractBeanFactory.java:333)
	at org.springframework.beans.factory.support.AbstractBeanFactory.getBean(AbstractBeanFactory.java:208)
	at org.springframework.beans.factory.config.DependencyDescriptor.resolveCandidate(DependencyDescriptor.java:276)
	at org.springframework.beans.factory.support.DefaultListableBeanFactory.doResolveDependency(DefaultListableBeanFactory.java:1380)
	at org.springframework.beans.factory.support.DefaultListableBeanFactory.resolveDependency(DefaultListableBeanFactory.java:1300)
	at org.springframework.beans.factory.annotation.AutowiredAnnotationBeanPostProcessor$AutowiredFieldElement.resolveFieldValue(AutowiredAnnotationBeanPostProcessor.java:656)
	... 80 common frames omitted
Caused by: org.springframework.beans.factory.NoSuchBeanDefinitionException: No qualifying bean of type 'org.apache.dolphinscheduler.scheduler.api.SchedulerApi' available: expected at least 1 bean which qualifies as autowire candidate. Dependency annotations: {@org.springframework.beans.factory.annotation.Autowired(required=true)}
	at org.springframework.beans.factory.support.DefaultListableBeanFactory.raiseNoMatchingBeanFound(DefaultListableBeanFactory.java:1790)
	at org.springframework.beans.factory.support.DefaultListableBeanFactory.doResolveDependency(DefaultListableBeanFactory.java:1346)
	at org.springframework.beans.factory.support.DefaultListableBeanFactory.resolveDependency(DefaultListableBeanFactory.java:1300)
	at org.springframework.beans.factory.annotation.AutowiredAnnotationBeanPostProcessor$AutowiredFieldElement.resolveFieldValue(AutowiredAnnotationBeanPostProcessor.java:656)
	... 94 common frames omitted
[INFO] 2022-07-28 14:43:50.920 org.apache.dolphinscheduler.api.service.AccessTokenServiceTest:[103] - Status{code='0', msg='', data=org.apache.dolphinscheduler.api.utils.PageInfo@67e321e0}
[INFO] 2022-07-28 14:43:50.923 org.apache.dolphinscheduler.api.service.AccessTokenServiceTest:[183] - {msg=, status=USER_NO_OPERATION_PERM}
[INFO] 2022-07-28 14:43:50.934 org.apache.dolphinscheduler.api.service.AccessTokenServiceTest:[126] - Status{code='0', msg='', data=AccessToken{id=0, userId=1, token='AccessTokenServiceTest', userName='null', expireTime=Sat Aug 27 14:43:50 CST 2022, createTime=Thu Jul 28 14:43:50 CST 2022, updateTime=Thu Jul 28 14:43:50 CST 2022}}
[INFO] 2022-07-28 14:43:50.952 org.apache.dolphinscheduler.api.service.AccessTokenServiceTest:[131] - Status{code='0', msg='', data=AccessToken{id=0, userId=1, token='257e9695d3e8030219fd1c6e7c269f36', userName='null', expireTime=Sat Aug 27 14:43:50 CST 2022, createTime=Thu Jul 28 14:43:50 CST 2022, updateTime=Thu Jul 28 14:43:50 CST 2022}}
[INFO] 2022-07-28 14:43:50.954 org.apache.dolphinscheduler.api.service.AccessTokenServiceTest:[141] - {msg=, data=922c6cc146ea21f78b459b0e03f0de2d, status=SUCCESS}
[INFO] 2022-07-28 14:43:50.956 org.apache.dolphinscheduler.api.service.AccessTokenServiceTest:[158] - {msg=, status=USER_NO_OPERATION_PERM}
[INFO] 2022-07-28 14:43:50.959 org.apache.dolphinscheduler.api.service.AccessTokenServiceTest:[117] - {msg=, data=[], status=SUCCESS}
[INFO] 2022-07-28 14:43:50.972 org.apache.dolphinscheduler.api.service.TenantServiceTest:[110] - {msg= Linux , status=CHECK_OS_TENANT_CODE_ERROR}
[INFO] 2022-07-28 14:43:50.973 org.apache.dolphinscheduler.api.service.TenantServiceTest:[115] - {msg=[hayden], status=OS_TENANT_CODE_EXIST}
[INFO] 2022-07-28 14:43:50.974 org.apache.dolphinscheduler.api.service.TenantServiceTest:[120] - {msg=, data=Tenant{id=0, tenantCode='test', queueId=1, queueName='null', queue='null', createTime=Thu Jul 28 14:43:50 CST 2022, updateTime=Thu Jul 28 14:43:50 CST 2022}, status=SUCCESS}
[INFO] 2022-07-28 14:43:50.977 org.apache.dolphinscheduler.api.service.TenantServiceTest:[158] - {msg=, status=TENANT_NOT_EXIST}
[INFO] 2022-07-28 14:43:50.978 org.apache.dolphinscheduler.api.service.TenantServiceTest:[162] - {msg=, status=SUCCESS}
[INFO] 2022-07-28 14:43:50.981 org.apache.dolphinscheduler.api.service.TenantServiceTest:[184] - {msg=, status=TENANT_NOT_EXIST}
[INFO] 2022-07-28 14:43:50.982 org.apache.dolphinscheduler.api.service.TenantServiceTest:[189] - {msg=[1], status=DELETE_TENANT_BY_ID_FAIL}
[INFO] 2022-07-28 14:43:50.983 org.apache.dolphinscheduler.api.service.TenantServiceTest:[195] - {msg=[1], status=DELETE_TENANT_BY_ID_FAIL_DEFINES}
[INFO] 2022-07-28 14:43:50.984 org.apache.dolphinscheduler.api.service.TenantServiceTest:[201] - {msg=[1], status=DELETE_TENANT_BY_ID_FAIL_USERS}
[INFO] 2022-07-28 14:43:50.985 org.apache.dolphinscheduler.api.service.TenantServiceTest:[207] - {msg=, status=SUCCESS}
[INFO] 2022-07-28 14:43:50.987 org.apache.dolphinscheduler.api.service.TenantServiceTest:[221] - Status{code='0', msg='', data=null}
[INFO] 2022-07-28 14:43:50.990 org.apache.dolphinscheduler.api.service.TenantServiceTest:[142] - Status{code='0', msg='', data=org.apache.dolphinscheduler.api.utils.PageInfo@7c095332}
[ERROR] 2022-07-28 14:43:51.200 org.apache.dolphinscheduler.api.service.impl.ProcessDefinitionServiceImpl:[326] - taskDefinitionJson invalid: 
[INFO] 2022-07-28 14:43:51.367 org.apache.dolphinscheduler.api.service.impl.ProcessDefinitionServiceImpl:[660] - The task has not changed, so skip
[INFO] 2022-07-28 14:43:51.373 org.apache.dolphinscheduler.api.service.impl.ProcessDefinitionServiceImpl:[298] - The task has not changed, so skip
[INFO] 2022-07-28 14:43:51.383 org.apache.dolphinscheduler.api.service.impl.ProcessDefinitionServiceImpl:[1426] - process define not exists
[ERROR] 2022-07-28 14:43:51.393 org.apache.dolphinscheduler.api.service.impl.ProcessDefinitionServiceImpl:[1361] - process data is null
[ERROR] 2022-07-28 14:43:51.398 org.apache.dolphinscheduler.api.service.impl.ProcessDefinitionServiceImpl:[1371] - process node info is empty
[INFO] 2022-07-28 14:43:51.406 org.apache.dolphinscheduler.api.service.impl.ProcessDefinitionServiceImpl:[1457] - process definition not exists
[INFO] 2022-07-28 14:43:51.410 org.apache.dolphinscheduler.api.service.impl.ProcessDefinitionServiceImpl:[1578] - process define not exists
[INFO] 2022-07-28 14:43:51.540 org.apache.dolphinscheduler.api.service.UsersServiceTest:[420] - {msg=, status=USER_NO_OPERATION_PERM}
[INFO] 2022-07-28 14:43:51.543 org.apache.dolphinscheduler.api.service.UsersServiceTest:[426] - {msg=[2], status=USER_NOT_EXIST}
[INFO] 2022-07-28 14:43:51.544 org.apache.dolphinscheduler.api.service.UsersServiceTest:[432] - {msg=, status=SUCCESS}
[INFO] 2022-07-28 14:43:51.552 org.apache.dolphinscheduler.api.service.UsersServiceTest:[503] - {msg=[3], status=USER_NOT_EXIST}
[INFO] 2022-07-28 14:43:51.553 org.apache.dolphinscheduler.api.service.UsersServiceTest:[510] - {msg=, status=SUCCESS}
[INFO] 2022-07-28 14:43:51.554 org.apache.dolphinscheduler.api.service.UsersServiceTest:[517] - {msg=, status=SUCCESS}
[INFO] 2022-07-28 14:43:51.557 org.apache.dolphinscheduler.api.service.UsersServiceTest:[607] - {msg=, status=USER_NO_OPERATION_PERM}
[INFO] 2022-07-28 14:43:51.558 org.apache.dolphinscheduler.api.service.UsersServiceTest:[614] - {msg=, data=[User{id=0, userName='userTest0001', userPassword='userTest0001', email='null', phone='null', userType=GENERAL_USER, tenantId=0, state=0, tenantCode='null', queueName='null', alertGroup='null', queue='null', timeZone='null', createTime=null, updateTime=null}], status=SUCCESS}
[INFO] 2022-07-28 14:43:51.561 org.apache.dolphinscheduler.api.service.UsersServiceTest:[209] - User{id=0, userName='userTest0001', userPassword='userTest0001', email='null', phone='null', userType=GENERAL_USER, tenantId=0, state=0, tenantCode='null', queueName='null', alertGroup='null', queue='null', timeZone='null', createTime=null, updateTime=null}
[INFO] 2022-07-28 14:43:51.564 org.apache.dolphinscheduler.api.service.UsersServiceTest:[299] - {msg=[0], status=USER_NOT_EXIST}
[INFO] 2022-07-28 14:43:51.602 org.apache.dolphinscheduler.api.service.UsersServiceTest:[304] - {msg=, status=SUCCESS}
[INFO] 2022-07-28 14:43:51.604 org.apache.dolphinscheduler.api.service.UsersServiceTest:[576] - Status{code='0', msg='', data=null}
[INFO] 2022-07-28 14:43:51.605 org.apache.dolphinscheduler.api.service.UsersServiceTest:[581] - Status{code='10003', msg='', data=null}
[INFO] 2022-07-28 14:43:51.612 org.apache.dolphinscheduler.api.service.UsersServiceTest:[258] - {msg=, status=USER_NO_OPERATION_PERM}
[INFO] 2022-07-28 14:43:51.629 org.apache.dolphinscheduler.api.service.UsersServiceTest:[381] - {msg=[999], status=USER_NOT_EXIST}
[INFO] 2022-07-28 14:43:51.630 org.apache.dolphinscheduler.api.service.UsersServiceTest:[386] - {msg=[999], status=PROJECT_NOT_FOUND}
[INFO] 2022-07-28 14:43:51.631 org.apache.dolphinscheduler.api.service.UsersServiceTest:[393] - {msg=, status=USER_NO_OPERATION_PERM}
[INFO] 2022-07-28 14:43:51.632 org.apache.dolphinscheduler.api.service.UsersServiceTest:[400] - {msg=, status=SUCCESS}
[INFO] 2022-07-28 14:43:51.632 org.apache.dolphinscheduler.api.service.UsersServiceTest:[407] - {msg=, status=SUCCESS}
[INFO] 2022-07-28 14:43:51.650 org.apache.dolphinscheduler.api.service.UsersServiceTest:[560] - {msg=, status=USER_NO_OPERATION_PERM}
[INFO] 2022-07-28 14:43:51.650 org.apache.dolphinscheduler.api.service.UsersServiceTest:[566] - {msg=, data=[User{id=0, userName='userTest0001', userPassword='userTest0001', email='null', phone='null', userType=GENERAL_USER, tenantId=0, state=0, tenantCode='null', queueName='null', alertGroup='null', queue='null', timeZone='null', createTime=null, updateTime=null}], status=SUCCESS}
[INFO] 2022-07-28 14:43:51.657 org.apache.dolphinscheduler.api.service.UsersServiceTest:[280] - Status{code='30001', msg='', data=null}
[INFO] 2022-07-28 14:43:51.661 org.apache.dolphinscheduler.api.service.UsersServiceTest:[162] - {msg=[userTest0001~], status=REQUEST_PARAMS_NOT_VALID_ERROR}
[INFO] 2022-07-28 14:43:51.662 org.apache.dolphinscheduler.api.service.UsersServiceTest:[169] - {msg=[userTest000111111111111111], status=REQUEST_PARAMS_NOT_VALID_ERROR}
[INFO] 2022-07-28 14:43:51.663 org.apache.dolphinscheduler.api.service.UsersServiceTest:[176] - {msg=[1q.com], status=REQUEST_PARAMS_NOT_VALID_ERROR}
[INFO] 2022-07-28 14:43:51.663 org.apache.dolphinscheduler.api.service.UsersServiceTest:[183] - {msg=[2233], status=REQUEST_PARAMS_NOT_VALID_ERROR}
[INFO] 2022-07-28 14:43:51.664 org.apache.dolphinscheduler.api.service.UsersServiceTest:[189] - {msg=, status=TENANT_NOT_EXIST}
[INFO] 2022-07-28 14:43:51.665 org.apache.dolphinscheduler.api.service.UsersServiceTest:[194] - {msg=, data=User{id=0, userName='userTest0001', userPassword='ffbaaa8ae678f7ce89ef45474b19736a', email='122222@qq.com', phone='13456432345', userType=GENERAL_USER, tenantId=1, state=1, tenantCode='null', queueName='null', alertGroup='null', queue='UsersServiceTestQueue', timeZone='null', createTime=Thu Jul 28 14:43:51 CST 2022, updateTime=Thu Jul 28 14:43:51 CST 2022}, status=SUCCESS}
[INFO] 2022-07-28 14:43:51.667 org.apache.dolphinscheduler.api.service.UsersServiceTest:[321] - {msg=, status=USER_NO_OPERATION_PERM}
[INFO] 2022-07-28 14:43:51.668 org.apache.dolphinscheduler.api.service.UsersServiceTest:[327] - {msg=[3], status=USER_NOT_EXIST}
[INFO] 2022-07-28 14:43:51.670 org.apache.dolphinscheduler.api.service.UsersServiceTest:[338] - {msg=, status=SUCCESS}
[INFO] 2022-07-28 14:43:51.673 org.apache.dolphinscheduler.api.service.UsersServiceTest:[465] - {msg=[2], status=USER_NOT_EXIST}
[INFO] 2022-07-28 14:43:51.674 org.apache.dolphinscheduler.api.service.UsersServiceTest:[470] - {msg=, status=SUCCESS}
[INFO] 2022-07-28 14:43:51.676 org.apache.dolphinscheduler.api.service.UsersServiceTest:[358] - {msg=[3], status=USER_NOT_EXIST}
[INFO] 2022-07-28 14:43:51.678 org.apache.dolphinscheduler.api.service.UsersServiceTest:[364] - {msg=, status=SUCCESS}
[INFO] 2022-07-28 14:43:51.681 org.apache.dolphinscheduler.api.service.UsersServiceTest:[483] - {msg=[2], status=USER_NOT_EXIST}
[INFO] 2022-07-28 14:43:51.682 org.apache.dolphinscheduler.api.service.UsersServiceTest:[488] - {msg=, status=SUCCESS}
[INFO] 2022-07-28 14:43:51.685 org.apache.dolphinscheduler.api.service.UsersServiceTest:[445] - {msg=[2], status=USER_NOT_EXIST}
[INFO] 2022-07-28 14:43:51.687 org.apache.dolphinscheduler.api.service.UsersServiceTest:[451] - {msg=, status=SUCCESS}
[INFO] 2022-07-28 14:43:51.694 org.apache.dolphinscheduler.api.service.UsersServiceTest:[536] - {msg=, data=User{id=0, userName='admin', userPassword='null', email='null', phone='null', userType=ADMIN_USER, tenantId=0, state=0, tenantCode='null', queueName='null', alertGroup='null', queue='null', timeZone='Asia/Shanghai', createTime=null, updateTime=null}, status=SUCCESS}
[INFO] 2022-07-28 14:43:51.695 org.apache.dolphinscheduler.api.service.UsersServiceTest:[548] - {msg=, data=User{id=0, userName='userTest0001', userPassword='userTest0001', email='null', phone='null', userType=GENERAL_USER, tenantId=0, state=0, tenantCode='null', queueName='null', alertGroup='AlertGroup{id=0createUserId=0, groupName='null', description='null', createTime=null, updateTime=null}', queue='null', timeZone='Asia/Shanghai', createTime=null, updateTime=null}, status=SUCCESS}
[INFO] 2022-07-28 14:43:51.699 org.apache.dolphinscheduler.api.service.UsersServiceTest:[592] - {msg=, status=USER_NO_OPERATION_PERM}
[INFO] 2022-07-28 14:43:51.700 org.apache.dolphinscheduler.api.service.UsersServiceTest:[597] - {msg=, data=[], status=SUCCESS}
[INFO] 2022-07-28 14:43:56.198 org.apache.dolphinscheduler.api.service.AuditServiceTest:[72] - Status{code='0', msg='', data=org.apache.dolphinscheduler.api.utils.PageInfo@5bc0d14a}
[INFO] 2022-07-28 14:43:59.197 org.apache.dolphinscheduler.api.service.ProjectServiceTest:[295] - FAILURE 1: {msg=[], status=PROJECT_NOT_FOUND}
[INFO] 2022-07-28 14:43:59.198 org.apache.dolphinscheduler.api.service.ProjectServiceTest:[302] - FAILURE 2: {msg=[ProjectServiceTest][1], status=USER_NO_OPERATION_PROJECT_PERM}
[INFO] 2022-07-28 14:43:59.199 org.apache.dolphinscheduler.api.service.ProjectServiceTest:[313] - SUCCESS 1: {msg=, data=[User{id=0, userName='userTest0001', userPassword='userTest0001', email='null', phone='null', userType=GENERAL_USER, tenantId=0, state=0, tenantCode='null', queueName='null', alertGroup='null', queue='null', timeZone='null', createTime=null, updateTime=null}], status=SUCCESS}
[INFO] 2022-07-28 14:43:59.200 org.apache.dolphinscheduler.api.service.ProjectServiceTest:[324] - SUCCESS 2: {msg=, data=[User{id=0, userName='userTest0001', userPassword='userTest0001', email='null', phone='null', userType=GENERAL_USER, tenantId=0, state=0, tenantCode='null', queueName='null', alertGroup='null', queue='null', timeZone='null', createTime=null, updateTime=null}], status=SUCCESS}
[INFO] 2022-07-28 14:43:59.203 org.apache.dolphinscheduler.api.service.ProjectServiceTest:[277] - {msg=, data=[Project{id=1, userId=1, userName='null', code=1, name='ProjectServiceTest', description='null', createTime=null, updateTime=null, perm=0, defCount=0, instRunningCount=0}, Project{id=2, userId=1, userName='null', code=1, name='ProjectServiceTest', description='null', createTime=null, updateTime=null, perm=0, defCount=0, instRunningCount=0}, Project{id=3, userId=1, userName='null', code=1, name='ProjectServiceTest', description='null', createTime=null, updateTime=null, perm=0, defCount=0, instRunningCount=0}], status=SUCCESS}
[INFO] 2022-07-28 14:43:59.205 org.apache.dolphinscheduler.api.service.ProjectServiceTest:[339] - {msg=, data=[Project{id=1, userId=1, userName='null', code=1, name='ProjectServiceTest', description='null', createTime=null, updateTime=null, perm=0, defCount=0, instRunningCount=0}, Project{id=2, userId=1, userName='null', code=1, name='ProjectServiceTest', description='null', createTime=null, updateTime=null, perm=0, defCount=0, instRunningCount=0}, Project{id=3, userId=1, userName='null', code=1, name='ProjectServiceTest', description='null', createTime=null, updateTime=null, perm=0, defCount=0, instRunningCount=0}], status=SUCCESS}
[INFO] 2022-07-28 14:43:59.207 org.apache.dolphinscheduler.api.service.ProjectServiceTest:[180] - {msg=[null][1], status=USER_NO_OPERATION_PROJECT_PERM}
[INFO] 2022-07-28 14:43:59.208 org.apache.dolphinscheduler.api.service.ProjectServiceTest:[192] - {}
[INFO] 2022-07-28 14:43:59.210 org.apache.dolphinscheduler.api.service.ProjectServiceTest:[401] - {msg=, data=[Project{id=3, userId=1, userName='null', code=1, name='ProjectServiceTest', description='null', createTime=null, updateTime=null, perm=0, defCount=0, instRunningCount=0}, Project{id=2, userId=1, userName='null', code=1, name='ProjectServiceTest', description='null', createTime=null, updateTime=null, perm=0, defCount=0, instRunningCount=0}, Project{id=1, userId=1, userName='null', code=1, name='ProjectServiceTest', description='null', createTime=null, updateTime=null, perm=0, defCount=0, instRunningCount=0}], status=SUCCESS}
[INFO] 2022-07-28 14:43:59.210 org.apache.dolphinscheduler.api.service.ProjectServiceTest:[413] - {msg=, data=[Project{id=3, userId=1, userName='null', code=1, name='ProjectServiceTest', description='null', createTime=null, updateTime=null, perm=0, defCount=0, instRunningCount=0}, Project{id=2, userId=1, userName='null', code=1, name='ProjectServiceTest', description='null', createTime=null, updateTime=null, perm=0, defCount=0, instRunningCount=0}, Project{id=1, userId=1, userName='null', code=1, name='ProjectServiceTest', description='null', createTime=null, updateTime=null, perm=0, defCount=0, instRunningCount=0}], status=SUCCESS}
[INFO] 2022-07-28 14:43:59.212 org.apache.dolphinscheduler.api.service.ProjectServiceTest:[100] - {msg=[desc length], status=REQUEST_PARAMS_NOT_VALID_ERROR}
[INFO] 2022-07-28 14:43:59.212 org.apache.dolphinscheduler.api.service.ProjectServiceTest:[106] - {msg=[ProjectServiceTest], status=PROJECT_ALREADY_EXISTS}
[INFO] 2022-07-28 14:43:59.213 org.apache.dolphinscheduler.api.service.impl.ProjectServiceImpl:[136] - create project complete and id is :0
[INFO] 2022-07-28 14:43:59.213 org.apache.dolphinscheduler.api.service.ProjectServiceTest:[112] - {msg=, data=Project{id=0, userId=1, userName='ProjectServiceTest', code=6343710619232, name='test', description='test', createTime=Thu Jul 28 14:43:59 CST 2022, updateTime=Thu Jul 28 14:43:59 CST 2022, perm=0, defCount=0, instRunningCount=0}, status=SUCCESS}
[INFO] 2022-07-28 14:43:59.215 org.apache.dolphinscheduler.api.service.ProjectServiceTest:[204] - {msg=,, status=PROJECT_NOT_EXIST}
[INFO] 2022-07-28 14:43:59.216 org.apache.dolphinscheduler.api.service.ProjectServiceTest:[211] - {msg=[ProjectServiceTest][1], status=USER_NO_OPERATION_PROJECT_PERM}
[INFO] 2022-07-28 14:43:59.217 org.apache.dolphinscheduler.api.service.ProjectServiceTest:[221] - {msg=, status=DELETE_PROJECT_ERROR_DEFINES_NOT_NULL}
[INFO] 2022-07-28 14:43:59.218 org.apache.dolphinscheduler.api.service.ProjectServiceTest:[228] - {msg=, status=SUCCESS}
[INFO] 2022-07-28 14:43:59.220 org.apache.dolphinscheduler.api.service.ProjectServiceTest:[382] - {msg=, data=[Project{id=1, userId=1, userName='null', code=1, name='ProjectServiceTest', description='null', createTime=null, updateTime=null, perm=0, defCount=0, instRunningCount=0}, Project{id=2, userId=1, userName='null', code=1, name='ProjectServiceTest', description='null', createTime=null, updateTime=null, perm=0, defCount=0, instRunningCount=0}, Project{id=3, userId=1, userName='null', code=1, name='ProjectServiceTest', description='null', createTime=null, updateTime=null, perm=0, defCount=0, instRunningCount=0}], status=SUCCESS}
[INFO] 2022-07-28 14:43:59.222 org.apache.dolphinscheduler.api.service.ProjectServiceTest:[124] - {msg=,, status=PROJECT_NOT_EXIST}
[INFO] 2022-07-28 14:43:59.223 org.apache.dolphinscheduler.api.service.ProjectServiceTest:[132] - {msg=[ProjectServiceTest][1], status=USER_NO_OPERATION_PROJECT_PERM}
[INFO] 2022-07-28 14:43:59.223 org.apache.dolphinscheduler.api.service.ProjectServiceTest:[143] - {msg=, status=SUCCESS}
[INFO] 2022-07-28 14:43:59.225 org.apache.dolphinscheduler.api.service.ProjectServiceTest:[246] - {msg=[], status=PROJECT_NOT_FOUND}
[INFO] 2022-07-28 14:43:59.226 org.apache.dolphinscheduler.api.service.ProjectServiceTest:[251] - {msg=[ProjectServiceTest], status=PROJECT_ALREADY_EXISTS}
[INFO] 2022-07-28 14:43:59.228 org.apache.dolphinscheduler.api.service.ProjectServiceTest:[263] - {msg=, status=SUCCESS}
[INFO] 2022-07-28 14:43:59.270 org.apache.dolphinscheduler.api.service.MonitorServiceTest:[88] - {msg=, data=[MonitorRecord{state=null, dbType=MYSQL, maxConnections=0, maxUsedConnections=0, threadsConnections=0, threadsRunningConnections=0, date=null}], status=SUCCESS}
[INFO] 2022-07-28 14:44:02.526 org.apache.dolphinscheduler.api.service.AlertGroupServiceTest:[211] - {msg=, status=USER_NO_OPERATION_PERM}
[INFO] 2022-07-28 14:44:02.527 org.apache.dolphinscheduler.api.service.AlertGroupServiceTest:[220] - {msg=, status=ALERT_GROUP_NOT_EXIST}
[INFO] 2022-07-28 14:44:02.528 org.apache.dolphinscheduler.api.service.AlertGroupServiceTest:[226] - {msg=, status=SUCCESS}
[INFO] 2022-07-28 14:44:02.529 org.apache.dolphinscheduler.api.service.AlertGroupServiceTest:[138] - {msg=, status=USER_NO_OPERATION_PERM}
[INFO] 2022-07-28 14:44:02.530 org.apache.dolphinscheduler.api.service.AlertGroupServiceTest:[146] - {msg=, data=AlertGroup{id=0createUserId=1, groupName='AlertGroupServiceTest', description='AlertGroupServiceTest', createTime=Thu Jul 28 14:44:02 CST 2022, updateTime=Thu Jul 28 14:44:02 CST 2022}, status=SUCCESS}
[INFO] 2022-07-28 14:44:02.532 org.apache.dolphinscheduler.api.service.AlertGroupServiceTest:[99] - {msg=, data=[AlertGroup{id=1createUserId=0, groupName='AlertGroupServiceTest', description='null', createTime=null, updateTime=null}], status=SUCCESS}
[ERROR] 2022-07-28 14:44:02.537 org.apache.dolphinscheduler.api.service.impl.AlertGroupServiceImpl:[193] - Create alert group error.
org.springframework.dao.DuplicateKeyException: group name exist
	at org.apache.dolphinscheduler.api.service.impl.AlertGroupServiceImpl.createAlertgroup(AlertGroupServiceImpl.java:184)
	at org.apache.dolphinscheduler.api.service.AlertGroupServiceTest.testCreateAlertgroupDuplicate(AlertGroupServiceTest.java:160)
	at org.junit.runners.model.FrameworkMethod$1.runReflectiveCall(FrameworkMethod.java:50)
	at org.junit.internal.runners.model.ReflectiveCallable.run(ReflectiveCallable.java:12)
	at org.junit.runners.model.FrameworkMethod.invokeExplosively(FrameworkMethod.java:47)
	at org.junit.internal.runners.statements.InvokeMethod.evaluate(InvokeMethod.java:17)
	at org.mockito.internal.runners.DefaultInternalRunner$1$1.evaluate(DefaultInternalRunner.java:54)
	at org.junit.runners.ParentRunner.runLeaf(ParentRunner.java:325)
	at org.junit.runners.BlockJUnit4ClassRunner.runChild(BlockJUnit4ClassRunner.java:78)
	at org.junit.runners.BlockJUnit4ClassRunner.runChild(BlockJUnit4ClassRunner.java:57)
	at org.junit.runners.ParentRunner$3.run(ParentRunner.java:290)
	at org.junit.runners.ParentRunner$1.schedule(ParentRunner.java:71)
	at org.junit.runners.ParentRunner.runChildren(ParentRunner.java:288)
	at org.junit.runners.ParentRunner.access$000(ParentRunner.java:58)
	at org.junit.runners.ParentRunner$2.evaluate(ParentRunner.java:268)
	at org.junit.runners.ParentRunner.run(ParentRunner.java:363)
	at org.mockito.internal.runners.DefaultInternalRunner$1.run(DefaultInternalRunner.java:99)
	at org.mockito.internal.runners.DefaultInternalRunner.run(DefaultInternalRunner.java:105)
	at org.mockito.internal.runners.StrictRunner.run(StrictRunner.java:40)
	at org.mockito.junit.MockitoJUnitRunner.run(MockitoJUnitRunner.java:163)
	at org.junit.runner.JUnitCore.run(JUnitCore.java:137)
	at org.junit.runner.JUnitCore.run(JUnitCore.java:115)
	at org.junit.vintage.engine.execution.RunnerExecutor.execute(RunnerExecutor.java:43)
	at java.util.stream.ForEachOps$ForEachOp$OfRef.accept(ForEachOps.java:184)
	at java.util.stream.ReferencePipeline$3$1.accept(ReferencePipeline.java:193)
	at java.util.Iterator.forEachRemaining(Iterator.java:116)
	at java.util.Spliterators$IteratorSpliterator.forEachRemaining(Spliterators.java:1801)
	at java.util.stream.AbstractPipeline.copyInto(AbstractPipeline.java:482)
	at java.util.stream.AbstractPipeline.wrapAndCopyInto(AbstractPipeline.java:472)
	at java.util.stream.ForEachOps$ForEachOp.evaluateSequential(ForEachOps.java:151)
	at java.util.stream.ForEachOps$ForEachOp$OfRef.evaluateSequential(ForEachOps.java:174)
	at java.util.stream.AbstractPipeline.evaluate(AbstractPipeline.java:234)
	at java.util.stream.ReferencePipeline.forEach(ReferencePipeline.java:418)
	at org.junit.vintage.engine.VintageTestEngine.executeAllChildren(VintageTestEngine.java:82)
	at org.junit.vintage.engine.VintageTestEngine.execute(VintageTestEngine.java:73)
	at org.junit.platform.launcher.core.EngineExecutionOrchestrator.execute(EngineExecutionOrchestrator.java:108)
	at org.junit.platform.launcher.core.EngineExecutionOrchestrator.execute(EngineExecutionOrchestrator.java:88)
	at org.junit.platform.launcher.core.EngineExecutionOrchestrator.lambda$execute$0(EngineExecutionOrchestrator.java:54)
	at org.junit.platform.launcher.core.EngineExecutionOrchestrator.withInterceptedStreams(EngineExecutionOrchestrator.java:67)
	at org.junit.platform.launcher.core.EngineExecutionOrchestrator.execute(EngineExecutionOrchestrator.java:52)
	at org.junit.platform.launcher.core.DefaultLauncher.execute(DefaultLauncher.java:96)
	at org.junit.platform.launcher.core.DefaultLauncher.execute(DefaultLauncher.java:75)
	at com.intellij.junit5.JUnit5IdeaTestRunner.startRunnerWithArgs(JUnit5IdeaTestRunner.java:71)
	at com.intellij.rt.junit.IdeaTestRunner$Repeater$1.execute(IdeaTestRunner.java:38)
	at com.intellij.rt.execution.junit.TestsRepeater.repeat(TestsRepeater.java:11)
	at com.intellij.rt.junit.IdeaTestRunner$Repeater.startRunnerWithArgs(IdeaTestRunner.java:35)
	at com.intellij.rt.junit.JUnitStarter.prepareStreamsAndStart(JUnitStarter.java:235)
	at com.intellij.rt.junit.JUnitStarter.main(JUnitStarter.java:54)
[INFO] 2022-07-28 14:44:02.538 org.apache.dolphinscheduler.api.service.AlertGroupServiceTest:[161] - {msg=, status=ALERT_GROUP_EXIST}
[ERROR] 2022-07-28 14:44:02.540 org.apache.dolphinscheduler.api.service.impl.AlertGroupServiceImpl:[240] - Update alert group error.
org.springframework.dao.DuplicateKeyException: group name exist
	at org.apache.dolphinscheduler.api.service.impl.AlertGroupServiceImpl.updateAlertgroup(AlertGroupServiceImpl.java:237)
	at org.apache.dolphinscheduler.api.service.AlertGroupServiceTest.testUpdateAlertgroupDuplicate(AlertGroupServiceTest.java:199)
	at org.junit.runners.model.FrameworkMethod$1.runReflectiveCall(FrameworkMethod.java:50)
	at org.junit.internal.runners.model.ReflectiveCallable.run(ReflectiveCallable.java:12)
	at org.junit.runners.model.FrameworkMethod.invokeExplosively(FrameworkMethod.java:47)
	at org.junit.internal.runners.statements.InvokeMethod.evaluate(InvokeMethod.java:17)
	at org.mockito.internal.runners.DefaultInternalRunner$1$1.evaluate(DefaultInternalRunner.java:54)
	at org.junit.runners.ParentRunner.runLeaf(ParentRunner.java:325)
	at org.junit.runners.BlockJUnit4ClassRunner.runChild(BlockJUnit4ClassRunner.java:78)
	at org.junit.runners.BlockJUnit4ClassRunner.runChild(BlockJUnit4ClassRunner.java:57)
	at org.junit.runners.ParentRunner$3.run(ParentRunner.java:290)
	at org.junit.runners.ParentRunner$1.schedule(ParentRunner.java:71)
	at org.junit.runners.ParentRunner.runChildren(ParentRunner.java:288)
	at org.junit.runners.ParentRunner.access$000(ParentRunner.java:58)
	at org.junit.runners.ParentRunner$2.evaluate(ParentRunner.java:268)
	at org.junit.runners.ParentRunner.run(ParentRunner.java:363)
	at org.mockito.internal.runners.DefaultInternalRunner$1.run(DefaultInternalRunner.java:99)
	at org.mockito.internal.runners.DefaultInternalRunner.run(DefaultInternalRunner.java:105)
	at org.mockito.internal.runners.StrictRunner.run(StrictRunner.java:40)
	at org.mockito.junit.MockitoJUnitRunner.run(MockitoJUnitRunner.java:163)
	at org.junit.runner.JUnitCore.run(JUnitCore.java:137)
	at org.junit.runner.JUnitCore.run(JUnitCore.java:115)
	at org.junit.vintage.engine.execution.RunnerExecutor.execute(RunnerExecutor.java:43)
	at java.util.stream.ForEachOps$ForEachOp$OfRef.accept(ForEachOps.java:184)
	at java.util.stream.ReferencePipeline$3$1.accept(ReferencePipeline.java:193)
	at java.util.Iterator.forEachRemaining(Iterator.java:116)
	at java.util.Spliterators$IteratorSpliterator.forEachRemaining(Spliterators.java:1801)
	at java.util.stream.AbstractPipeline.copyInto(AbstractPipeline.java:482)
	at java.util.stream.AbstractPipeline.wrapAndCopyInto(AbstractPipeline.java:472)
	at java.util.stream.ForEachOps$ForEachOp.evaluateSequential(ForEachOps.java:151)
	at java.util.stream.ForEachOps$ForEachOp$OfRef.evaluateSequential(ForEachOps.java:174)
	at java.util.stream.AbstractPipeline.evaluate(AbstractPipeline.java:234)
	at java.util.stream.ReferencePipeline.forEach(ReferencePipeline.java:418)
	at org.junit.vintage.engine.VintageTestEngine.executeAllChildren(VintageTestEngine.java:82)
	at org.junit.vintage.engine.VintageTestEngine.execute(VintageTestEngine.java:73)
	at org.junit.platform.launcher.core.EngineExecutionOrchestrator.execute(EngineExecutionOrchestrator.java:108)
	at org.junit.platform.launcher.core.EngineExecutionOrchestrator.execute(EngineExecutionOrchestrator.java:88)
	at org.junit.platform.launcher.core.EngineExecutionOrchestrator.lambda$execute$0(EngineExecutionOrchestrator.java:54)
	at org.junit.platform.launcher.core.EngineExecutionOrchestrator.withInterceptedStreams(EngineExecutionOrchestrator.java:67)
	at org.junit.platform.launcher.core.EngineExecutionOrchestrator.execute(EngineExecutionOrchestrator.java:52)
	at org.junit.platform.launcher.core.DefaultLauncher.execute(DefaultLauncher.java:96)
	at org.junit.platform.launcher.core.DefaultLauncher.execute(DefaultLauncher.java:75)
	at com.intellij.junit5.JUnit5IdeaTestRunner.startRunnerWithArgs(JUnit5IdeaTestRunner.java:71)
	at com.intellij.rt.junit.IdeaTestRunner$Repeater$1.execute(IdeaTestRunner.java:38)
	at com.intellij.rt.execution.junit.TestsRepeater.repeat(TestsRepeater.java:11)
	at com.intellij.rt.junit.IdeaTestRunner$Repeater.startRunnerWithArgs(IdeaTestRunner.java:35)
	at com.intellij.rt.junit.JUnitStarter.prepareStreamsAndStart(JUnitStarter.java:235)
	at com.intellij.rt.junit.JUnitStarter.main(JUnitStarter.java:54)
[INFO] 2022-07-28 14:44:02.543 org.apache.dolphinscheduler.api.service.AlertGroupServiceTest:[118] - Status{code='0', msg='', data=org.apache.dolphinscheduler.api.utils.PageInfo@25757934}
[INFO] 2022-07-28 14:44:02.543 org.apache.dolphinscheduler.api.service.AlertGroupServiceTest:[124] - Status{code='0', msg='', data=org.apache.dolphinscheduler.api.utils.PageInfo@2a178b15}
[INFO] 2022-07-28 14:44:02.544 org.apache.dolphinscheduler.api.service.AlertGroupServiceTest:[172] - {msg=, status=USER_NO_OPERATION_PERM}
[INFO] 2022-07-28 14:44:02.545 org.apache.dolphinscheduler.api.service.AlertGroupServiceTest:[180] - {msg=, status=ALERT_GROUP_NOT_EXIST}
[INFO] 2022-07-28 14:44:02.545 org.apache.dolphinscheduler.api.service.AlertGroupServiceTest:[186] - {msg=, status=SUCCESS}
[INFO] 2022-07-28 14:44:06.342 org.apache.dolphinscheduler.api.service.EnvironmentServiceTest:[103] - {msg=, status=USER_NO_OPERATION_PERM}
[INFO] 2022-07-28 14:44:06.343 org.apache.dolphinscheduler.api.service.EnvironmentServiceTest:[108] - {msg=, status=ENVIRONMENT_CONFIG_IS_NULL}
[INFO] 2022-07-28 14:44:06.343 org.apache.dolphinscheduler.api.service.EnvironmentServiceTest:[112] - {msg=, status=ENVIRONMENT_NAME_IS_NULL}
[ERROR] 2022-07-28 14:44:06.345 org.apache.dolphinscheduler.common.utils.JSONUtils:[293] - json to map exception!
com.fasterxml.jackson.core.JsonParseException: Unrecognized token 'test': was expecting (JSON String, Number, Array, Object or token 'null', 'true' or 'false')
 at [Source: (String)"test"; line: 1, column: 5]
	at com.fasterxml.jackson.core.JsonParser._constructError(JsonParser.java:1840)
	at com.fasterxml.jackson.core.base.ParserMinimalBase._reportError(ParserMinimalBase.java:722)
	at com.fasterxml.jackson.core.json.ReaderBasedJsonParser._reportInvalidToken(ReaderBasedJsonParser.java:2873)
	at com.fasterxml.jackson.core.json.ReaderBasedJsonParser._reportInvalidToken(ReaderBasedJsonParser.java:2851)
	at com.fasterxml.jackson.core.json.ReaderBasedJsonParser._matchToken2(ReaderBasedJsonParser.java:2648)
	at com.fasterxml.jackson.core.json.ReaderBasedJsonParser._matchToken(ReaderBasedJsonParser.java:2626)
	at com.fasterxml.jackson.core.json.ReaderBasedJsonParser._matchTrue(ReaderBasedJsonParser.java:2584)
	at com.fasterxml.jackson.core.json.ReaderBasedJsonParser.nextToken(ReaderBasedJsonParser.java:740)
	at com.fasterxml.jackson.databind.ObjectMapper._initForReading(ObjectMapper.java:4356)
	at com.fasterxml.jackson.databind.ObjectMapper._readMapAndClose(ObjectMapper.java:4205)
	at com.fasterxml.jackson.databind.ObjectMapper.readValue(ObjectMapper.java:3214)
	at com.fasterxml.jackson.databind.ObjectMapper.readValue(ObjectMapper.java:3197)
	at org.apache.dolphinscheduler.common.utils.JSONUtils.parseObject(JSONUtils.java:291)
	at org.apache.dolphinscheduler.api.service.impl.EnvironmentServiceImpl.checkParams(EnvironmentServiceImpl.java:478)
	at org.apache.dolphinscheduler.api.service.impl.EnvironmentServiceImpl.createEnvironment(EnvironmentServiceImpl.java:103)
	at org.apache.dolphinscheduler.api.service.EnvironmentServiceTest.testCreateEnvironment(EnvironmentServiceTest.java:115)
	at sun.reflect.NativeMethodAccessorImpl.invoke0(Native Method)
	at sun.reflect.NativeMethodAccessorImpl.invoke(NativeMethodAccessorImpl.java:62)
	at sun.reflect.DelegatingMethodAccessorImpl.invoke(DelegatingMethodAccessorImpl.java:43)
	at java.lang.reflect.Method.invoke(Method.java:498)
	at org.junit.runners.model.FrameworkMethod$1.runReflectiveCall(FrameworkMethod.java:50)
	at org.junit.internal.runners.model.ReflectiveCallable.run(ReflectiveCallable.java:12)
	at org.junit.runners.model.FrameworkMethod.invokeExplosively(FrameworkMethod.java:47)
	at org.junit.internal.runners.statements.InvokeMethod.evaluate(InvokeMethod.java:17)
	at org.mockito.internal.runners.DefaultInternalRunner$1$1.evaluate(DefaultInternalRunner.java:54)
	at org.junit.runners.ParentRunner.runLeaf(ParentRunner.java:325)
	at org.junit.runners.BlockJUnit4ClassRunner.runChild(BlockJUnit4ClassRunner.java:78)
	at org.junit.runners.BlockJUnit4ClassRunner.runChild(BlockJUnit4ClassRunner.java:57)
	at org.junit.runners.ParentRunner$3.run(ParentRunner.java:290)
	at org.junit.runners.ParentRunner$1.schedule(ParentRunner.java:71)
	at org.junit.runners.ParentRunner.runChildren(ParentRunner.java:288)
	at org.junit.runners.ParentRunner.access$000(ParentRunner.java:58)
	at org.junit.runners.ParentRunner$2.evaluate(ParentRunner.java:268)
	at org.junit.runners.ParentRunner.run(ParentRunner.java:363)
	at org.mockito.internal.runners.DefaultInternalRunner$1.run(DefaultInternalRunner.java:99)
	at org.mockito.internal.runners.DefaultInternalRunner.run(DefaultInternalRunner.java:105)
	at org.mockito.internal.runners.StrictRunner.run(StrictRunner.java:40)
	at org.mockito.junit.MockitoJUnitRunner.run(MockitoJUnitRunner.java:163)
	at org.junit.runner.JUnitCore.run(JUnitCore.java:137)
	at org.junit.runner.JUnitCore.run(JUnitCore.java:115)
	at org.junit.vintage.engine.execution.RunnerExecutor.execute(RunnerExecutor.java:43)
	at java.util.stream.ForEachOps$ForEachOp$OfRef.accept(ForEachOps.java:184)
	at java.util.stream.ReferencePipeline$3$1.accept(ReferencePipeline.java:193)
	at java.util.Iterator.forEachRemaining(Iterator.java:116)
	at java.util.Spliterators$IteratorSpliterator.forEachRemaining(Spliterators.java:1801)
	at java.util.stream.AbstractPipeline.copyInto(AbstractPipeline.java:482)
	at java.util.stream.AbstractPipeline.wrapAndCopyInto(AbstractPipeline.java:472)
	at java.util.stream.ForEachOps$ForEachOp.evaluateSequential(ForEachOps.java:151)
	at java.util.stream.ForEachOps$ForEachOp$OfRef.evaluateSequential(ForEachOps.java:174)
	at java.util.stream.AbstractPipeline.evaluate(AbstractPipeline.java:234)
	at java.util.stream.ReferencePipeline.forEach(ReferencePipeline.java:418)
	at org.junit.vintage.engine.VintageTestEngine.executeAllChildren(VintageTestEngine.java:82)
	at org.junit.vintage.engine.VintageTestEngine.execute(VintageTestEngine.java:73)
	at org.junit.platform.launcher.core.EngineExecutionOrchestrator.execute(EngineExecutionOrchestrator.java:108)
	at org.junit.platform.launcher.core.EngineExecutionOrchestrator.execute(EngineExecutionOrchestrator.java:88)
	at org.junit.platform.launcher.core.EngineExecutionOrchestrator.lambda$execute$0(EngineExecutionOrchestrator.java:54)
	at org.junit.platform.launcher.core.EngineExecutionOrchestrator.withInterceptedStreams(EngineExecutionOrchestrator.java:67)
	at org.junit.platform.launcher.core.EngineExecutionOrchestrator.execute(EngineExecutionOrchestrator.java:52)
	at org.junit.platform.launcher.core.DefaultLauncher.execute(DefaultLauncher.java:96)
	at org.junit.platform.launcher.core.DefaultLauncher.execute(DefaultLauncher.java:75)
	at com.intellij.junit5.JUnit5IdeaTestRunner.startRunnerWithArgs(JUnit5IdeaTestRunner.java:71)
	at com.intellij.rt.junit.IdeaTestRunner$Repeater$1.execute(IdeaTestRunner.java:38)
	at com.intellij.rt.execution.junit.TestsRepeater.repeat(TestsRepeater.java:11)
	at com.intellij.rt.junit.IdeaTestRunner$Repeater.startRunnerWithArgs(IdeaTestRunner.java:35)
	at com.intellij.rt.junit.JUnitStarter.prepareStreamsAndStart(JUnitStarter.java:235)
	at com.intellij.rt.junit.JUnitStarter.main(JUnitStarter.java:54)
[INFO] 2022-07-28 14:44:06.345 org.apache.dolphinscheduler.api.service.EnvironmentServiceTest:[116] - {msg=, status=ENVIRONMENT_WORKER_GROUPS_IS_INVALID}
[INFO] 2022-07-28 14:44:06.346 org.apache.dolphinscheduler.api.service.EnvironmentServiceTest:[121] - {msg=[Env1], status=ENVIRONMENT_NAME_EXISTS}
[INFO] 2022-07-28 14:44:06.347 org.apache.dolphinscheduler.api.service.EnvironmentServiceTest:[127] - {msg=, data=6343711532384, status=SUCCESS}
[INFO] 2022-07-28 14:44:06.358 org.apache.dolphinscheduler.api.service.EnvironmentServiceTest:[182] - {msg=, data=[org.apache.dolphinscheduler.api.dto.EnvironmentDto@f1a9913], status=SUCCESS}
[INFO] 2022-07-28 14:44:06.360 org.apache.dolphinscheduler.api.service.EnvironmentServiceTest:[219] - {msg=[1], status=QUERY_ENVIRONMENT_BY_CODE_ERROR}
[INFO] 2022-07-28 14:44:06.361 org.apache.dolphinscheduler.api.service.EnvironmentServiceTest:[224] - {msg=, data=org.apache.dolphinscheduler.api.dto.EnvironmentDto@1b31ca2, status=SUCCESS}
[INFO] 2022-07-28 14:44:06.363 org.apache.dolphinscheduler.api.service.EnvironmentServiceTest:[206] - {msg=[Env1], status=QUERY_ENVIRONMENT_BY_NAME_ERROR}
[INFO] 2022-07-28 14:44:06.364 org.apache.dolphinscheduler.api.service.EnvironmentServiceTest:[211] - {msg=, data=org.apache.dolphinscheduler.api.dto.EnvironmentDto@4023e834, status=SUCCESS}
[ERROR] 2022-07-28 14:44:06.367 org.apache.dolphinscheduler.common.utils.JSONUtils:[293] - json to map exception!
com.fasterxml.jackson.core.JsonParseException: Unrecognized token 'test': was expecting (JSON String, Number, Array, Object or token 'null', 'true' or 'false')
 at [Source: (String)"test"; line: 1, column: 5]
	at com.fasterxml.jackson.core.JsonParser._constructError(JsonParser.java:1840)
	at com.fasterxml.jackson.core.base.ParserMinimalBase._reportError(ParserMinimalBase.java:722)
	at com.fasterxml.jackson.core.json.ReaderBasedJsonParser._reportInvalidToken(ReaderBasedJsonParser.java:2873)
	at com.fasterxml.jackson.core.json.ReaderBasedJsonParser._reportInvalidToken(ReaderBasedJsonParser.java:2851)
	at com.fasterxml.jackson.core.json.ReaderBasedJsonParser._matchToken2(ReaderBasedJsonParser.java:2648)
	at com.fasterxml.jackson.core.json.ReaderBasedJsonParser._matchToken(ReaderBasedJsonParser.java:2626)
	at com.fasterxml.jackson.core.json.ReaderBasedJsonParser._matchTrue(ReaderBasedJsonParser.java:2584)
	at com.fasterxml.jackson.core.json.ReaderBasedJsonParser.nextToken(ReaderBasedJsonParser.java:740)
	at com.fasterxml.jackson.databind.ObjectMapper._initForReading(ObjectMapper.java:4356)
	at com.fasterxml.jackson.databind.ObjectMapper._readMapAndClose(ObjectMapper.java:4205)
	at com.fasterxml.jackson.databind.ObjectMapper.readValue(ObjectMapper.java:3214)
	at com.fasterxml.jackson.databind.ObjectMapper.readValue(ObjectMapper.java:3197)
	at org.apache.dolphinscheduler.common.utils.JSONUtils.parseObject(JSONUtils.java:291)
	at org.apache.dolphinscheduler.api.service.impl.EnvironmentServiceImpl.checkParams(EnvironmentServiceImpl.java:478)
	at org.apache.dolphinscheduler.api.service.EnvironmentServiceTest.testCheckParams(EnvironmentServiceTest.java:134)
	at sun.reflect.NativeMethodAccessorImpl.invoke0(Native Method)
	at sun.reflect.NativeMethodAccessorImpl.invoke(NativeMethodAccessorImpl.java:62)
	at sun.reflect.DelegatingMethodAccessorImpl.invoke(DelegatingMethodAccessorImpl.java:43)
	at java.lang.reflect.Method.invoke(Method.java:498)
	at org.junit.runners.model.FrameworkMethod$1.runReflectiveCall(FrameworkMethod.java:50)
	at org.junit.internal.runners.model.ReflectiveCallable.run(ReflectiveCallable.java:12)
	at org.junit.runners.model.FrameworkMethod.invokeExplosively(FrameworkMethod.java:47)
	at org.junit.internal.runners.statements.InvokeMethod.evaluate(InvokeMethod.java:17)
	at org.mockito.internal.runners.DefaultInternalRunner$1$1.evaluate(DefaultInternalRunner.java:54)
	at org.junit.runners.ParentRunner.runLeaf(ParentRunner.java:325)
	at org.junit.runners.BlockJUnit4ClassRunner.runChild(BlockJUnit4ClassRunner.java:78)
	at org.junit.runners.BlockJUnit4ClassRunner.runChild(BlockJUnit4ClassRunner.java:57)
	at org.junit.runners.ParentRunner$3.run(ParentRunner.java:290)
	at org.junit.runners.ParentRunner$1.schedule(ParentRunner.java:71)
	at org.junit.runners.ParentRunner.runChildren(ParentRunner.java:288)
	at org.junit.runners.ParentRunner.access$000(ParentRunner.java:58)
	at org.junit.runners.ParentRunner$2.evaluate(ParentRunner.java:268)
	at org.junit.runners.ParentRunner.run(ParentRunner.java:363)
	at org.mockito.internal.runners.DefaultInternalRunner$1.run(DefaultInternalRunner.java:99)
	at org.mockito.internal.runners.DefaultInternalRunner.run(DefaultInternalRunner.java:105)
	at org.mockito.internal.runners.StrictRunner.run(StrictRunner.java:40)
	at org.mockito.junit.MockitoJUnitRunner.run(MockitoJUnitRunner.java:163)
	at org.junit.runner.JUnitCore.run(JUnitCore.java:137)
	at org.junit.runner.JUnitCore.run(JUnitCore.java:115)
	at org.junit.vintage.engine.execution.RunnerExecutor.execute(RunnerExecutor.java:43)
	at java.util.stream.ForEachOps$ForEachOp$OfRef.accept(ForEachOps.java:184)
	at java.util.stream.ReferencePipeline$3$1.accept(ReferencePipeline.java:193)
	at java.util.Iterator.forEachRemaining(Iterator.java:116)
	at java.util.Spliterators$IteratorSpliterator.forEachRemaining(Spliterators.java:1801)
	at java.util.stream.AbstractPipeline.copyInto(AbstractPipeline.java:482)
	at java.util.stream.AbstractPipeline.wrapAndCopyInto(AbstractPipeline.java:472)
	at java.util.stream.ForEachOps$ForEachOp.evaluateSequential(ForEachOps.java:151)
	at java.util.stream.ForEachOps$ForEachOp$OfRef.evaluateSequential(ForEachOps.java:174)
	at java.util.stream.AbstractPipeline.evaluate(AbstractPipeline.java:234)
	at java.util.stream.ReferencePipeline.forEach(ReferencePipeline.java:418)
	at org.junit.vintage.engine.VintageTestEngine.executeAllChildren(VintageTestEngine.java:82)
	at org.junit.vintage.engine.VintageTestEngine.execute(VintageTestEngine.java:73)
	at org.junit.platform.launcher.core.EngineExecutionOrchestrator.execute(EngineExecutionOrchestrator.java:108)
	at org.junit.platform.launcher.core.EngineExecutionOrchestrator.execute(EngineExecutionOrchestrator.java:88)
	at org.junit.platform.launcher.core.EngineExecutionOrchestrator.lambda$execute$0(EngineExecutionOrchestrator.java:54)
	at org.junit.platform.launcher.core.EngineExecutionOrchestrator.withInterceptedStreams(EngineExecutionOrchestrator.java:67)
	at org.junit.platform.launcher.core.EngineExecutionOrchestrator.execute(EngineExecutionOrchestrator.java:52)
	at org.junit.platform.launcher.core.DefaultLauncher.execute(DefaultLauncher.java:96)
	at org.junit.platform.launcher.core.DefaultLauncher.execute(DefaultLauncher.java:75)
	at com.intellij.junit5.JUnit5IdeaTestRunner.startRunnerWithArgs(JUnit5IdeaTestRunner.java:71)
	at com.intellij.rt.junit.IdeaTestRunner$Repeater$1.execute(IdeaTestRunner.java:38)
	at com.intellij.rt.execution.junit.TestsRepeater.repeat(TestsRepeater.java:11)
	at com.intellij.rt.junit.IdeaTestRunner$Repeater.startRunnerWithArgs(IdeaTestRunner.java:35)
	at com.intellij.rt.junit.JUnitStarter.prepareStreamsAndStart(JUnitStarter.java:235)
	at com.intellij.rt.junit.JUnitStarter.main(JUnitStarter.java:54)
[INFO] 2022-07-28 14:44:06.369 org.apache.dolphinscheduler.api.service.EnvironmentServiceTest:[146] - {msg=, status=USER_NO_OPERATION_PERM}
[INFO] 2022-07-28 14:44:06.370 org.apache.dolphinscheduler.api.service.EnvironmentServiceTest:[151] - {msg=, status=ENVIRONMENT_CONFIG_IS_NULL}
[INFO] 2022-07-28 14:44:06.370 org.apache.dolphinscheduler.api.service.EnvironmentServiceTest:[155] - {msg=, status=ENVIRONMENT_NAME_IS_NULL}
[ERROR] 2022-07-28 14:44:06.371 org.apache.dolphinscheduler.common.utils.JSONUtils:[293] - json to map exception!
com.fasterxml.jackson.core.JsonParseException: Unrecognized token 'test': was expecting (JSON String, Number, Array, Object or token 'null', 'true' or 'false')
 at [Source: (String)"test"; line: 1, column: 5]
	at com.fasterxml.jackson.core.JsonParser._constructError(JsonParser.java:1840)
	at com.fasterxml.jackson.core.base.ParserMinimalBase._reportError(ParserMinimalBase.java:722)
	at com.fasterxml.jackson.core.json.ReaderBasedJsonParser._reportInvalidToken(ReaderBasedJsonParser.java:2873)
	at com.fasterxml.jackson.core.json.ReaderBasedJsonParser._reportInvalidToken(ReaderBasedJsonParser.java:2851)
	at com.fasterxml.jackson.core.json.ReaderBasedJsonParser._matchToken2(ReaderBasedJsonParser.java:2648)
	at com.fasterxml.jackson.core.json.ReaderBasedJsonParser._matchToken(ReaderBasedJsonParser.java:2626)
	at com.fasterxml.jackson.core.json.ReaderBasedJsonParser._matchTrue(ReaderBasedJsonParser.java:2584)
	at com.fasterxml.jackson.core.json.ReaderBasedJsonParser.nextToken(ReaderBasedJsonParser.java:740)
	at com.fasterxml.jackson.databind.ObjectMapper._initForReading(ObjectMapper.java:4356)
	at com.fasterxml.jackson.databind.ObjectMapper._readMapAndClose(ObjectMapper.java:4205)
	at com.fasterxml.jackson.databind.ObjectMapper.readValue(ObjectMapper.java:3214)
	at com.fasterxml.jackson.databind.ObjectMapper.readValue(ObjectMapper.java:3197)
	at org.apache.dolphinscheduler.common.utils.JSONUtils.parseObject(JSONUtils.java:291)
	at org.apache.dolphinscheduler.api.service.impl.EnvironmentServiceImpl.checkParams(EnvironmentServiceImpl.java:478)
	at org.apache.dolphinscheduler.api.service.impl.EnvironmentServiceImpl.updateEnvironmentByCode(EnvironmentServiceImpl.java:353)
	at org.apache.dolphinscheduler.api.service.EnvironmentServiceTest.testUpdateEnvironmentByCode(EnvironmentServiceTest.java:158)
	at sun.reflect.NativeMethodAccessorImpl.invoke0(Native Method)
	at sun.reflect.NativeMethodAccessorImpl.invoke(NativeMethodAccessorImpl.java:62)
	at sun.reflect.DelegatingMethodAccessorImpl.invoke(DelegatingMethodAccessorImpl.java:43)
	at java.lang.reflect.Method.invoke(Method.java:498)
	at org.junit.runners.model.FrameworkMethod$1.runReflectiveCall(FrameworkMethod.java:50)
	at org.junit.internal.runners.model.ReflectiveCallable.run(ReflectiveCallable.java:12)
	at org.junit.runners.model.FrameworkMethod.invokeExplosively(FrameworkMethod.java:47)
	at org.junit.internal.runners.statements.InvokeMethod.evaluate(InvokeMethod.java:17)
	at org.mockito.internal.runners.DefaultInternalRunner$1$1.evaluate(DefaultInternalRunner.java:54)
	at org.junit.runners.ParentRunner.runLeaf(ParentRunner.java:325)
	at org.junit.runners.BlockJUnit4ClassRunner.runChild(BlockJUnit4ClassRunner.java:78)
	at org.junit.runners.BlockJUnit4ClassRunner.runChild(BlockJUnit4ClassRunner.java:57)
	at org.junit.runners.ParentRunner$3.run(ParentRunner.java:290)
	at org.junit.runners.ParentRunner$1.schedule(ParentRunner.java:71)
	at org.junit.runners.ParentRunner.runChildren(ParentRunner.java:288)
	at org.junit.runners.ParentRunner.access$000(ParentRunner.java:58)
	at org.junit.runners.ParentRunner$2.evaluate(ParentRunner.java:268)
	at org.junit.runners.ParentRunner.run(ParentRunner.java:363)
	at org.mockito.internal.runners.DefaultInternalRunner$1.run(DefaultInternalRunner.java:99)
	at org.mockito.internal.runners.DefaultInternalRunner.run(DefaultInternalRunner.java:105)
	at org.mockito.internal.runners.StrictRunner.run(StrictRunner.java:40)
	at org.mockito.junit.MockitoJUnitRunner.run(MockitoJUnitRunner.java:163)
	at org.junit.runner.JUnitCore.run(JUnitCore.java:137)
	at org.junit.runner.JUnitCore.run(JUnitCore.java:115)
	at org.junit.vintage.engine.execution.RunnerExecutor.execute(RunnerExecutor.java:43)
	at java.util.stream.ForEachOps$ForEachOp$OfRef.accept(ForEachOps.java:184)
	at java.util.stream.ReferencePipeline$3$1.accept(ReferencePipeline.java:193)
	at java.util.Iterator.forEachRemaining(Iterator.java:116)
	at java.util.Spliterators$IteratorSpliterator.forEachRemaining(Spliterators.java:1801)
	at java.util.stream.AbstractPipeline.copyInto(AbstractPipeline.java:482)
	at java.util.stream.AbstractPipeline.wrapAndCopyInto(AbstractPipeline.java:472)
	at java.util.stream.ForEachOps$ForEachOp.evaluateSequential(ForEachOps.java:151)
	at java.util.stream.ForEachOps$ForEachOp$OfRef.evaluateSequential(ForEachOps.java:174)
	at java.util.stream.AbstractPipeline.evaluate(AbstractPipeline.java:234)
	at java.util.stream.ReferencePipeline.forEach(ReferencePipeline.java:418)
	at org.junit.vintage.engine.VintageTestEngine.executeAllChildren(VintageTestEngine.java:82)
	at org.junit.vintage.engine.VintageTestEngine.execute(VintageTestEngine.java:73)
	at org.junit.platform.launcher.core.EngineExecutionOrchestrator.execute(EngineExecutionOrchestrator.java:108)
	at org.junit.platform.launcher.core.EngineExecutionOrchestrator.execute(EngineExecutionOrchestrator.java:88)
	at org.junit.platform.launcher.core.EngineExecutionOrchestrator.lambda$execute$0(EngineExecutionOrchestrator.java:54)
	at org.junit.platform.launcher.core.EngineExecutionOrchestrator.withInterceptedStreams(EngineExecutionOrchestrator.java:67)
	at org.junit.platform.launcher.core.EngineExecutionOrchestrator.execute(EngineExecutionOrchestrator.java:52)
	at org.junit.platform.launcher.core.DefaultLauncher.execute(DefaultLauncher.java:96)
	at org.junit.platform.launcher.core.DefaultLauncher.execute(DefaultLauncher.java:75)
	at com.intellij.junit5.JUnit5IdeaTestRunner.startRunnerWithArgs(JUnit5IdeaTestRunner.java:71)
	at com.intellij.rt.junit.IdeaTestRunner$Repeater$1.execute(IdeaTestRunner.java:38)
	at com.intellij.rt.execution.junit.TestsRepeater.repeat(TestsRepeater.java:11)
	at com.intellij.rt.junit.IdeaTestRunner$Repeater.startRunnerWithArgs(IdeaTestRunner.java:35)
	at com.intellij.rt.junit.JUnitStarter.prepareStreamsAndStart(JUnitStarter.java:235)
	at com.intellij.rt.junit.JUnitStarter.main(JUnitStarter.java:54)
[INFO] 2022-07-28 14:44:06.372 org.apache.dolphinscheduler.api.service.EnvironmentServiceTest:[159] - {msg=, status=ENVIRONMENT_WORKER_GROUPS_IS_INVALID}
[INFO] 2022-07-28 14:44:06.372 org.apache.dolphinscheduler.api.service.EnvironmentServiceTest:[164] - {msg=[Env1], status=ENVIRONMENT_NAME_EXISTS}
[INFO] 2022-07-28 14:44:06.394 org.apache.dolphinscheduler.api.service.EnvironmentServiceTest:[169] - {msg=, status=SUCCESS}
[INFO] 2022-07-28 14:44:06.397 org.apache.dolphinscheduler.api.service.EnvironmentServiceTest:[197] - Status{code='0', msg='', data=org.apache.dolphinscheduler.api.utils.PageInfo@4bb0cae5}
[INFO] 2022-07-28 14:44:06.398 org.apache.dolphinscheduler.api.service.EnvironmentServiceTest:[236] - {msg=, status=USER_NO_OPERATION_PERM}
[INFO] 2022-07-28 14:44:06.400 org.apache.dolphinscheduler.api.service.EnvironmentServiceTest:[242] - {msg=, status=DELETE_ENVIRONMENT_RELATED_TASK_EXISTS}
[INFO] 2022-07-28 14:44:06.401 org.apache.dolphinscheduler.api.service.EnvironmentServiceTest:[248] - {msg=, status=SUCCESS}
[INFO] 2022-07-28 14:44:06.402 org.apache.dolphinscheduler.api.service.EnvironmentServiceTest:[255] - {msg=, status=ENVIRONMENT_NAME_IS_NULL}
[INFO] 2022-07-28 14:44:06.402 org.apache.dolphinscheduler.api.service.EnvironmentServiceTest:[260] - {msg=[Env1], status=ENVIRONMENT_NAME_EXISTS}
[INFO] 2022-07-28 14:44:09.559 org.apache.dolphinscheduler.api.service.QueueServiceTest:[148] - {msg=, status=USER_NO_OPERATION_PERM}
[INFO] 2022-07-28 14:44:09.561 org.apache.dolphinscheduler.api.service.QueueServiceTest:[126] - {msg=[queue], status=REQUEST_PARAMS_NOT_VALID_ERROR}
[INFO] 2022-07-28 14:44:09.561 org.apache.dolphinscheduler.api.service.QueueServiceTest:[130] - {msg=[queueName], status=REQUEST_PARAMS_NOT_VALID_ERROR}
[INFO] 2022-07-28 14:44:09.562 org.apache.dolphinscheduler.api.service.QueueServiceTest:[134] - {msg=, data=Queue{id=0, queueName='QueueServiceTest', queue='QueueServiceTest', createTime=Thu Jul 28 14:44:09 CST 2022, updateTime=Thu Jul 28 14:44:09 CST 2022}, status=SUCCESS}
[INFO] 2022-07-28 14:44:09.566 org.apache.dolphinscheduler.api.service.QueueServiceTest:[115] - Status{code='0', msg='', data=org.apache.dolphinscheduler.api.utils.PageInfo@7d9b0c1f}
[INFO] 2022-07-28 14:44:09.568 org.apache.dolphinscheduler.api.service.QueueServiceTest:[175] - Status{code='10001', msg='[queue]', data=null}
[INFO] 2022-07-28 14:44:09.568 org.apache.dolphinscheduler.api.service.QueueServiceTest:[180] - Status{code='10001', msg='[queueName]', data=null}
[INFO] 2022-07-28 14:44:09.569 org.apache.dolphinscheduler.api.service.QueueServiceTest:[185] - Status{code='0', msg='', data=null}
[INFO] 2022-07-28 14:44:09.649 org.apache.dolphinscheduler.api.service.impl.TaskGroupServiceImpl:[166] - update result:0
[INFO] 2022-07-28 14:44:09.650 org.apache.dolphinscheduler.api.service.TaskGroupServiceTest:[185] - {msg=, status=SUCCESS}
