# JRE version: Java(TM) SE Runtime Environment (8.0_31-b13) (build 1.8.0_31-b13)
# Java VM: Java HotSpot(TM) 64-Bit Server VM (25.31-b07 mixed mode windows-amd64 compressed oops)
Heap:
 PSYoungGen      total 180736K, used 49029K [0x000000076e000000, 0x000000077e600000, 0x00000007c0000000)
  eden space 169984K, 27% used [0x000000076e000000,0x0000000770d817e0,0x0000000778600000)
  from space 10752K, 22% used [0x0000000778600000,0x0000000778860000,0x0000000779080000)
  to   space 11264K, 0% used [0x000000077db00000,0x000000077db00000,0x000000077e600000)
 ParOldGen       total 78336K, used 15549K [0x00000006ca000000, 0x00000006cec80000, 0x000000076e000000)
  object space 78336K, 19% used [0x00000006ca000000,0x00000006caf2f6d0,0x00000006cec80000)
 Metaspace       used 34050K, capacity 34878K, committed 35072K, reserved 1079296K
  class space    used 4111K, capacity 4281K, committed 4352K, reserved 1048576K
GC Heap History (10 events):
Event: 3.985 GC heap before
{Heap before GC invocations=8 (full 1):
 PSYoungGen      total 72704K, used 63488K [0x000000076e000000, 0x0000000776c00000, 0x00000007c0000000)
  eden space 63488K, 100% used [0x000000076e000000,0x0000000771e00000,0x0000000771e00000)
  from space 9216K, 0% used [0x0000000772780000,0x0000000772780000,0x0000000773080000)
  to   space 9728K, 0% used [0x0000000771e00000,0x0000000771e00000,0x0000000772780000)
 ParOldGen       total 78336K, used 7043K [0x00000006ca000000, 0x00000006cec80000, 0x000000076e000000)
  object space 78336K, 8% used [0x00000006ca000000,0x00000006ca6e0d28,0x00000006cec80000)
 Metaspace       used 24447K, capacity 25054K, committed 25344K, reserved 1071104K
  class space    used 3107K, capacity 3245K, committed 3328K, reserved 1048576K
Event: 3.988 GC heap after
Heap after GC invocations=8 (full 1):
 PSYoungGen      total 73216K, used 3864K [0x000000076e000000, 0x0000000776780000, 0x00000007c0000000)
  eden space 63488K, 0% used [0x000000076e000000,0x000000076e000000,0x0000000771e00000)
  from space 9728K, 39% used [0x0000000771e00000,0x00000007721c6278,0x0000000772780000)
  to   space 10240K, 0% used [0x0000000775d80000,0x0000000775d80000,0x0000000776780000)
 ParOldGen       total 78336K, used 7051K [0x00000006ca000000, 0x00000006cec80000, 0x000000076e000000)
  object space 78336K, 9% used [0x00000006ca000000,0x00000006ca6e2d28,0x00000006cec80000)
 Metaspace       used 24447K, capacity 25054K, committed 25344K, reserved 1071104K
  class space    used 3107K, capacity 3245K, committed 3328K, reserved 1048576K
}
Event: 10.113 GC heap before
{Heap before GC invocations=9 (full 1):
 PSYoungGen      total 73216K, used 67352K [0x000000076e000000, 0x0000000776780000, 0x00000007c0000000)
  eden space 63488K, 100% used [0x000000076e000000,0x0000000771e00000,0x0000000771e00000)
  from space 9728K, 39% used [0x0000000771e00000,0x00000007721c6278,0x0000000772780000)
  to   space 10240K, 0% used [0x0000000775d80000,0x0000000775d80000,0x0000000776780000)
 ParOldGen       total 78336K, used 7051K [0x00000006ca000000, 0x00000006cec80000, 0x000000076e000000)
  object space 78336K, 9% used [0x00000006ca000000,0x00000006ca6e2d28,0x00000006cec80000)
 Metaspace       used 31891K, capacity 32534K, committed 32896K, reserved 1077248K
  class space    used 3964K, capacity 4129K, committed 4224K, reserved 1048576K
Event: 10.117 GC heap after
Heap after GC invocations=9 (full 1):
 PSYoungGen      total 124416K, used 8558K [0x000000076e000000, 0x0000000776600000, 0x00000007c0000000)
  eden space 115712K, 0% used [0x000000076e000000,0x000000076e000000,0x0000000775100000)
  from space 8704K, 98% used [0x0000000775d80000,0x00000007765db848,0x0000000776600000)
  to   space 10752K, 0% used [0x0000000775100000,0x0000000775100000,0x0000000775b80000)
 ParOldGen       total 78336K, used 7123K [0x00000006ca000000, 0x00000006cec80000, 0x000000076e000000)
  object space 78336K, 9% used [0x00000006ca000000,0x00000006ca6f4d38,0x00000006cec80000)
 Metaspace       used 31891K, capacity 32534K, committed 32896K, reserved 1077248K
  class space    used 3964K, capacity 4129K, committed 4224K, reserved 1048576K
}
Event: 10.536 GC heap before
{Heap before GC invocations=10 (full 1):
 PSYoungGen      total 124416K, used 124270K [0x000000076e000000, 0x0000000776600000, 0x00000007c0000000)
  eden space 115712K, 100% used [0x000000076e000000,0x0000000775100000,0x0000000775100000)
  from space 8704K, 98% used [0x0000000775d80000,0x00000007765db848,0x0000000776600000)
  to   space 10752K, 0% used [0x0000000775100000,0x0000000775100000,0x0000000775b80000)
 ParOldGen       total 78336K, used 7123K [0x00000006ca000000, 0x00000006cec80000, 0x000000076e000000)
  object space 78336K, 9% used [0x00000006ca000000,0x00000006ca6f4d38,0x00000006cec80000)
 Metaspace       used 33346K, capacity 34100K, committed 34304K, reserved 1079296K
  class space    used 4095K, capacity 4274K, committed 4352K, reserved 1048576K
Event: 10.540 GC heap after
Heap after GC invocations=10 (full 1):
 PSYoungGen      total 126464K, used 7818K [0x000000076e000000, 0x0000000779c00000, 0x00000007c0000000)
  eden space 115712K, 0% used [0x000000076e000000,0x000000076e000000,0x0000000775100000)
  from space 10752K, 72% used [0x0000000775100000,0x00000007758a2b88,0x0000000775b80000)
  to   space 10752K, 0% used [0x0000000779180000,0x0000000779180000,0x0000000779c00000)
 ParOldGen       total 78336K, used 7131K [0x00000006ca000000, 0x00000006cec80000, 0x000000076e000000)
  object space 78336K, 9% used [0x00000006ca000000,0x00000006ca6f6d38,0x00000006cec80000)
 Metaspace       used 33346K, capacity 34100K, committed 34304K, reserved 1079296K
  class space    used 4095K, capacity 4274K, committed 4352K, reserved 1048576K
}
Event: 10.898 GC heap before
{Heap before GC invocations=11 (full 1):
 PSYoungGen      total 126464K, used 123530K [0x000000076e000000, 0x0000000779c00000, 0x00000007c0000000)
  eden space 115712K, 100% used [0x000000076e000000,0x0000000775100000,0x0000000775100000)
  from space 10752K, 72% used [0x0000000775100000,0x00000007758a2b88,0x0000000775b80000)
  to   space 10752K, 0% used [0x0000000779180000,0x0000000779180000,0x0000000779c00000)
 ParOldGen       total 78336K, used 7131K [0x00000006ca000000, 0x00000006cec80000, 0x000000076e000000)
  object space 78336K, 9% used [0x00000006ca000000,0x00000006ca6f6d38,0x00000006cec80000)
 Metaspace       used 33665K, capacity 34368K, committed 34560K, reserved 1079296K
  class space    used 4099K, capacity 4278K, committed 4352K, reserved 1048576K
Event: 10.904 GC heap after
Heap after GC invocations=11 (full 1):
 PSYoungGen      total 179712K, used 3552K [0x000000076e000000, 0x0000000779b00000, 0x00000007c0000000)
  eden space 169984K, 0% used [0x000000076e000000,0x000000076e000000,0x0000000778600000)
  from space 9728K, 36% used [0x0000000779180000,0x00000007794f8110,0x0000000779b00000)
  to   space 10752K, 0% used [0x0000000778600000,0x0000000778600000,0x0000000779080000)
 ParOldGen       total 78336K, used 12416K [0x00000006ca000000, 0x00000006cec80000, 0x000000076e000000)
  object space 78336K, 15% used [0x00000006ca000000,0x00000006cac20268,0x00000006cec80000)
 Metaspace       used 33665K, capacity 34368K, committed 34560K, reserved 1079296K
  class space    used 4099K, capacity 4278K, committed 4352K, reserved 1048576K
}
Event: 11.559 GC heap before
{Heap before GC invocations=12 (full 1):
 PSYoungGen      total 179712K, used 173536K [0x000000076e000000, 0x0000000779b00000, 0x00000007c0000000)
  eden space 169984K, 100% used [0x000000076e000000,0x0000000778600000,0x0000000778600000)
  from space 9728K, 36% used [0x0000000779180000,0x00000007794f8110,0x0000000779b00000)
  to   space 10752K, 0% used [0x0000000778600000,0x0000000778600000,0x0000000779080000)
 ParOldGen       total 78336K, used 12416K [0x00000006ca000000, 0x00000006cec80000, 0x000000076e000000)
  object space 78336K, 15% used [0x00000006ca000000,0x00000006cac20268,0x00000006cec80000)
 Metaspace       used 33933K, capacity 34678K, committed 34816K, reserved 1079296K
  class space    used 4102K, capacity 4281K, committed 4352K, reserved 1048576K
Event: 11.564 GC heap after
Heap after GC invocations=12 (full 1):
 PSYoungGen      total 180736K, used 2432K [0x000000076e000000, 0x000000077e600000, 0x00000007c0000000)
  eden space 169984K, 0% used [0x000000076e000000,0x000000076e000000,0x0000000778600000)
  from space 10752K, 22% used [0x0000000778600000,0x0000000778860000,0x0000000779080000)
  to   space 11264K, 0% used [0x000000077db00000,0x000000077db00000,0x000000077e600000)
 ParOldGen       total 78336K, used 15549K [0x00000006ca000000, 0x00000006cec80000, 0x000000076e000000)
  object space 78336K, 19% used [0x00000006ca000000,0x00000006caf2f6d0,0x00000006cec80000)
 Metaspace       used 33933K, capacity 34678K, committed 34816K, reserved 1079296K
  class space    used 4102K, capacity 4281K, committed 4352K, reserved 1048576K
}

