# JRE version: Java(TM) SE Runtime Environment (8.0_261-b12) (build 1.8.0_261-b12)
# Java VM: Java HotSpot(TM) 64-Bit Server VM (25.261-b12 mixed mode windows-amd64 compressed oops)
Heap:
 PSYoungGen      total 863744K, used 860232K [0x000000076e000000, 0x00000007a4d80000, 0x00000007c0000000)
  eden space 835072K, 100% used [0x000000076e000000,0x00000007a0f80000,0x00000007a0f80000)
  from space 28672K, 87% used [0x00000007a3100000,0x00000007a4992050,0x00000007a4d00000)
  to   space 31744K, 99% used [0x00000007a0f80000,0x00000007a2e7c2a8,0x00000007a2e80000)
 ParOldGen       total 1119232K, used 615540K [0x00000006ca000000, 0x000000070e500000, 0x000000076e000000)
  object space 1119232K, 54% used [0x00000006ca000000,0x00000006ef91d148,0x000000070e500000)
 Metaspace       used 207364K, capacity 209812K, committed 210584K, reserved 1228800K
  class space    used 30965K, capacity 31572K, committed 31648K, reserved 1048576K
GC Heap History (10 events):
Event: 196.361 GC heap before
{Heap before GC invocations=44 (full 6):
 PSYoungGen      total 722944K, used 720537K [0x000000076e000000, 0x000000079f380000, 0x00000007c0000000)
  eden space 708096K, 100% used [0x000000076e000000,0x0000000799380000,0x0000000799380000)
  from space 14848K, 83% used [0x0000000799380000,0x0000000799fa6588,0x000000079a200000)
  to   space 15872K, 0% used [0x000000079e400000,0x000000079e400000,0x000000079f380000)
 ParOldGen       total 1119232K, used 592937K [0x00000006ca000000, 0x000000070e500000, 0x000000076e000000)
  object space 1119232K, 52% used [0x00000006ca000000,0x00000006ee30a4e8,0x000000070e500000)
 Metaspace       used 149808K, capacity 151942K, committed 152472K, reserved 1179648K
  class space    used 22558K, capacity 23089K, committed 23200K, reserved 1048576K
Event: 196.372 GC heap after
Heap after GC invocations=44 (full 6):
 PSYoungGen      total 778752K, used 14462K [0x000000076e000000, 0x000000079f280000, 0x00000007c0000000)
  eden space 763904K, 0% used [0x000000076e000000,0x000000076e000000,0x000000079ca00000)
  from space 14848K, 97% used [0x000000079e400000,0x000000079f21f9b8,0x000000079f280000)
  to   space 17408K, 0% used [0x000000079d080000,0x000000079d080000,0x000000079e180000)
 ParOldGen       total 1119232K, used 592945K [0x00000006ca000000, 0x000000070e500000, 0x000000076e000000)
  object space 1119232K, 52% used [0x00000006ca000000,0x00000006ee30c4e8,0x000000070e500000)
 Metaspace       used 149808K, capacity 151942K, committed 152472K, reserved 1179648K
  class space    used 22558K, capacity 23089K, committed 23200K, reserved 1048576K
}
Event: 202.156 GC heap before
{Heap before GC invocations=45 (full 6):
 PSYoungGen      total 778752K, used 778366K [0x000000076e000000, 0x000000079f280000, 0x00000007c0000000)
  eden space 763904K, 100% used [0x000000076e000000,0x000000079ca00000,0x000000079ca00000)
  from space 14848K, 97% used [0x000000079e400000,0x000000079f21f9b8,0x000000079f280000)
  to   space 17408K, 0% used [0x000000079d080000,0x000000079d080000,0x000000079e180000)
 ParOldGen       total 1119232K, used 592945K [0x00000006ca000000, 0x000000070e500000, 0x000000076e000000)
  object space 1119232K, 52% used [0x00000006ca000000,0x00000006ee30c4e8,0x000000070e500000)
 Metaspace       used 166029K, capacity 168332K, committed 168728K, reserved 1191936K
  class space    used 24772K, capacity 25352K, committed 25376K, reserved 1048576K
Event: 202.174 GC heap after
Heap after GC invocations=45 (full 6):
 PSYoungGen      total 787968K, used 17391K [0x000000076e000000, 0x00000007a2400000, 0x00000007c0000000)
  eden space 770560K, 0% used [0x000000076e000000,0x000000076e000000,0x000000079d080000)
  from space 17408K, 99% used [0x000000079d080000,0x000000079e17bf70,0x000000079e180000)
  to   space 21504K, 0% used [0x00000007a0f00000,0x00000007a0f00000,0x00000007a2400000)
 ParOldGen       total 1119232K, used 596704K [0x00000006ca000000, 0x000000070e500000, 0x000000076e000000)
  object space 1119232K, 53% used [0x00000006ca000000,0x00000006ee6b80f8,0x000000070e500000)
 Metaspace       used 166029K, capacity 168332K, committed 168728K, reserved 1191936K
  class space    used 24772K, capacity 25352K, committed 25376K, reserved 1048576K
}
Event: 204.784 GC heap before
{Heap before GC invocations=46 (full 6):
 PSYoungGen      total 787968K, used 787951K [0x000000076e000000, 0x00000007a2400000, 0x00000007c0000000)
  eden space 770560K, 100% used [0x000000076e000000,0x000000079d080000,0x000000079d080000)
  from space 17408K, 99% used [0x000000079d080000,0x000000079e17bf70,0x000000079e180000)
  to   space 21504K, 0% used [0x00000007a0f00000,0x00000007a0f00000,0x00000007a2400000)
 ParOldGen       total 1119232K, used 596704K [0x00000006ca000000, 0x000000070e500000, 0x000000076e000000)
  object space 1119232K, 53% used [0x00000006ca000000,0x00000006ee6b80f8,0x000000070e500000)
 Metaspace       used 177873K, capacity 180186K, committed 180760K, reserved 1202176K
  class space    used 26557K, capacity 27167K, committed 27168K, reserved 1048576K
Event: 204.801 GC heap after
Heap after GC invocations=46 (full 6):
 PSYoungGen      total 831488K, used 21489K [0x000000076e000000, 0x00000007a2800000, 0x00000007c0000000)
  eden space 809984K, 0% used [0x000000076e000000,0x000000076e000000,0x000000079f700000)
  from space 21504K, 99% used [0x00000007a0f00000,0x00000007a23fc4a8,0x00000007a2400000)
  to   space 24576K, 0% used [0x000000079f700000,0x000000079f700000,0x00000007a0f00000)
 ParOldGen       total 1119232K, used 596796K [0x00000006ca000000, 0x000000070e500000, 0x000000076e000000)
  object space 1119232K, 53% used [0x00000006ca000000,0x00000006ee6cf140,0x000000070e500000)
 Metaspace       used 177873K, capacity 180186K, committed 180760K, reserved 1202176K
  class space    used 26557K, capacity 27167K, committed 27168K, reserved 1048576K
}
Event: 207.350 GC heap before
{Heap before GC invocations=47 (full 6):
 PSYoungGen      total 831488K, used 831473K [0x000000076e000000, 0x00000007a2800000, 0x00000007c0000000)
  eden space 809984K, 100% used [0x000000076e000000,0x000000079f700000,0x000000079f700000)
  from space 21504K, 99% used [0x00000007a0f00000,0x00000007a23fc4a8,0x00000007a2400000)
  to   space 24576K, 0% used [0x000000079f700000,0x000000079f700000,0x00000007a0f00000)
 ParOldGen       total 1119232K, used 596796K [0x00000006ca000000, 0x000000070e500000, 0x000000076e000000)
  object space 1119232K, 53% used [0x00000006ca000000,0x00000006ee6cf140,0x000000070e500000)
 Metaspace       used 189825K, capacity 192244K, committed 193048K, reserved 1214464K
  class space    used 28285K, capacity 28884K, committed 28960K, reserved 1048576K
Event: 207.367 GC heap after
Heap after GC invocations=47 (full 6):
 PSYoungGen      total 834560K, used 24553K [0x000000076e000000, 0x00000007a4d00000, 0x00000007c0000000)
  eden space 809984K, 0% used [0x000000076e000000,0x000000076e000000,0x000000079f700000)
  from space 24576K, 99% used [0x000000079f700000,0x00000007a0efa458,0x00000007a0f00000)
  to   space 28672K, 0% used [0x00000007a3100000,0x00000007a3100000,0x00000007a4d00000)
 ParOldGen       total 1119232K, used 597371K [0x00000006ca000000, 0x000000070e500000, 0x000000076e000000)
  object space 1119232K, 53% used [0x00000006ca000000,0x00000006ee75ed40,0x000000070e500000)
 Metaspace       used 189825K, capacity 192244K, committed 193048K, reserved 1214464K
  class space    used 28285K, capacity 28884K, committed 28960K, reserved 1048576K
}
Event: 209.934 GC heap before
{Heap before GC invocations=48 (full 6):
 PSYoungGen      total 834560K, used 834537K [0x000000076e000000, 0x00000007a4d00000, 0x00000007c0000000)
  eden space 809984K, 100% used [0x000000076e000000,0x000000079f700000,0x000000079f700000)
  from space 24576K, 99% used [0x000000079f700000,0x00000007a0efa458,0x00000007a0f00000)
  to   space 28672K, 0% used [0x00000007a3100000,0x00000007a3100000,0x00000007a4d00000)
 ParOldGen       total 1119232K, used 597371K [0x00000006ca000000, 0x000000070e500000, 0x000000076e000000)
  object space 1119232K, 53% used [0x00000006ca000000,0x00000006ee75ed40,0x000000070e500000)
 Metaspace       used 200446K, capacity 202856K, committed 203416K, reserved 1222656K
  class space    used 29999K, capacity 30594K, committed 30624K, reserved 1048576K
Event: 209.951 GC heap after
Heap after GC invocations=48 (full 6):
 PSYoungGen      total 863744K, used 25160K [0x000000076e000000, 0x00000007a4d80000, 0x00000007c0000000)
  eden space 835072K, 0% used [0x000000076e000000,0x000000076e000000,0x00000007a0f80000)
  from space 28672K, 87% used [0x00000007a3100000,0x00000007a4992050,0x00000007a4d00000)
  to   space 31744K, 0% used [0x00000007a0f80000,0x00000007a0f80000,0x00000007a2e80000)
 ParOldGen       total 1119232K, used 597379K [0x00000006ca000000, 0x000000070e500000, 0x000000076e000000)
  object space 1119232K, 53% used [0x00000006ca000000,0x00000006ee760d40,0x000000070e500000)
 Metaspace       used 200446K, capacity 202856K, committed 203416K, reserved 1222656K
  class space    used 29999K, capacity 30594K, committed 30624K, reserved 1048576K
}

